# JRE version: Java(TM) SE Runtime Environment (8.0_101-b13) (build 1.8.0_101-b13)
# Java VM: Java HotSpot(TM) 64-Bit Server VM (25.101-b13 mixed mode bsd-amd64 compressed oops)
Heap:
 PSYoungGen      total 24064K, used 10549K [0x00000007aab00000, 0x00000007ae080000, 0x00000007c0000000)
  eden space 23552K, 44% used [0x00000007aab00000,0x00000007ab535458,0x00000007ac200000)
  from space 512K, 18% used [0x00000007ae000000,0x00000007ae018000,0x00000007ae080000)
  to   space 512K, 0% used [0x00000007adf80000,0x00000007adf80000,0x00000007ae000000)
 ParOldGen       total 73728K, used 24715K [0x0000000780000000, 0x0000000784800000, 0x00000007aab00000)
  object space 73728K, 33% used [0x0000000780000000,0x0000000781822db8,0x0000000784800000)
 Metaspace       used 21125K, capacity 21347K, committed 21632K, reserved 1069056K
  class space    used 2044K, capacity 2112K, committed 2176K, reserved 1048576K
GC Heap History (10 events):
Event: 709.107 GC heap before
{Heap before GC invocations=294 (full 2):
 PSYoungGen      total 24064K, used 23616K [0x00000007aab00000, 0x00000007ae080000, 0x00000007c0000000)
  eden space 23552K, 100% used [0x00000007aab00000,0x00000007ac200000,0x00000007ac200000)
  from space 512K, 12% used [0x00000007adf80000,0x00000007adf90000,0x00000007ae000000)
  to   space 512K, 0% used [0x00000007ae000000,0x00000007ae000000,0x00000007ae080000)
 ParOldGen       total 73728K, used 24707K [0x0000000780000000, 0x0000000784800000, 0x00000007aab00000)
  object space 73728K, 33% used [0x0000000780000000,0x0000000781820db8,0x0000000784800000)
 Metaspace       used 21093K, capacity 21347K, committed 21632K, reserved 1069056K
  class space    used 2038K, capacity 2112K, committed 2176K, reserved 1048576K
Event: 709.108 GC heap after
Heap after GC invocations=294 (full 2):
 PSYoungGen      total 24064K, used 64K [0x00000007aab00000, 0x00000007ae080000, 0x00000007c0000000)
  eden space 23552K, 0% used [0x00000007aab00000,0x00000007aab00000,0x00000007ac200000)
  from space 512K, 12% used [0x00000007ae000000,0x00000007ae010000,0x00000007ae080000)
  to   space 512K, 0% used [0x00000007adf80000,0x00000007adf80000,0x00000007ae000000)
 ParOldGen       total 73728K, used 24715K [0x0000000780000000, 0x0000000784800000, 0x00000007aab00000)
  object space 73728K, 33% used [0x0000000780000000,0x0000000781822db8,0x0000000784800000)
 Metaspace       used 21093K, capacity 21347K, committed 21632K, reserved 1069056K
  class space    used 2038K, capacity 2112K, committed 2176K, reserved 1048576K
}
Event: 710.667 GC heap before
{Heap before GC invocations=295 (full 2):
 PSYoungGen      total 24064K, used 23616K [0x00000007aab00000, 0x00000007ae080000, 0x00000007c0000000)
  eden space 23552K, 100% used [0x00000007aab00000,0x00000007ac200000,0x00000007ac200000)
  from space 512K, 12% used [0x00000007ae000000,0x00000007ae010000,0x00000007ae080000)
  to   space 512K, 0% used [0x00000007adf80000,0x00000007adf80000,0x00000007ae000000)
 ParOldGen       total 73728K, used 24715K [0x0000000780000000, 0x0000000784800000, 0x00000007aab00000)
  object space 73728K, 33% used [0x0000000780000000,0x0000000781822db8,0x0000000784800000)
 Metaspace       used 21093K, capacity 21347K, committed 21632K, reserved 1069056K
  class space    used 2038K, capacity 2112K, committed 2176K, reserved 1048576K
Event: 710.669 GC heap after
Heap after GC invocations=295 (full 2):
 PSYoungGen      total 24064K, used 64K [0x00000007aab00000, 0x00000007ae080000, 0x00000007c0000000)
  eden space 23552K, 0% used [0x00000007aab00000,0x00000007aab00000,0x00000007ac200000)
  from space 512K, 12% used [0x00000007adf80000,0x00000007adf90000,0x00000007ae000000)
  to   space 512K, 0% used [0x00000007ae000000,0x00000007ae000000,0x00000007ae080000)
 ParOldGen       total 73728K, used 24715K [0x0000000780000000, 0x0000000784800000, 0x00000007aab00000)
  object space 73728K, 33% used [0x0000000780000000,0x0000000781822db8,0x0000000784800000)
 Metaspace       used 21093K, capacity 21347K, committed 21632K, reserved 1069056K
  class space    used 2038K, capacity 2112K, committed 2176K, reserved 1048576K
}
Event: 712.700 GC heap before
{Heap before GC invocations=296 (full 2):
 PSYoungGen      total 24064K, used 23616K [0x00000007aab00000, 0x00000007ae080000, 0x00000007c0000000)
  eden space 23552K, 100% used [0x00000007aab00000,0x00000007ac200000,0x00000007ac200000)
  from space 512K, 12% used [0x00000007adf80000,0x00000007adf90000,0x00000007ae000000)
  to   space 512K, 0% used [0x00000007ae000000,0x00000007ae000000,0x00000007ae080000)
 ParOldGen       total 73728K, used 24715K [0x0000000780000000, 0x0000000784800000, 0x00000007aab00000)
  object space 73728K, 33% used [0x0000000780000000,0x0000000781822db8,0x0000000784800000)
 Metaspace       used 21093K, capacity 21347K, committed 21632K, reserved 1069056K
  class space    used 2038K, capacity 2112K, committed 2176K, reserved 1048576K
Event: 712.701 GC heap after
Heap after GC invocations=296 (full 2):
 PSYoungGen      total 24064K, used 128K [0x00000007aab00000, 0x00000007ae080000, 0x00000007c0000000)
  eden space 23552K, 0% used [0x00000007aab00000,0x00000007aab00000,0x00000007ac200000)
  from space 512K, 25% used [0x00000007ae000000,0x00000007ae020000,0x00000007ae080000)
  to   space 512K, 0% used [0x00000007adf80000,0x00000007adf80000,0x00000007ae000000)
 ParOldGen       total 73728K, used 24715K [0x0000000780000000, 0x0000000784800000, 0x00000007aab00000)
  object space 73728K, 33% used [0x0000000780000000,0x0000000781822db8,0x0000000784800000)
 Metaspace       used 21093K, capacity 21347K, committed 21632K, reserved 1069056K
  class space    used 2038K, capacity 2112K, committed 2176K, reserved 1048576K
}
Event: 714.749 GC heap before
{Heap before GC invocations=297 (full 2):
 PSYoungGen      total 24064K, used 23680K [0x00000007aab00000, 0x00000007ae080000, 0x00000007c0000000)
  eden space 23552K, 100% used [0x00000007aab00000,0x00000007ac200000,0x00000007ac200000)
  from space 512K, 25% used [0x00000007ae000000,0x00000007ae020000,0x00000007ae080000)
  to   space 512K, 0% used [0x00000007adf80000,0x00000007adf80000,0x00000007ae000000)
 ParOldGen       total 73728K, used 24715K [0x0000000780000000, 0x0000000784800000, 0x00000007aab00000)
  object space 73728K, 33% used [0x0000000780000000,0x0000000781822db8,0x0000000784800000)
 Metaspace       used 21093K, capacity 21347K, committed 21632K, reserved 1069056K
  class space    used 2038K, capacity 2112K, committed 2176K, reserved 1048576K
Event: 714.752 GC heap after
Heap after GC invocations=297 (full 2):
 PSYoungGen      total 24064K, used 128K [0x00000007aab00000, 0x00000007ae080000, 0x00000007c0000000)
  eden space 23552K, 0% used [0x00000007aab00000,0x00000007aab00000,0x00000007ac200000)
  from space 512K, 25% used [0x00000007adf80000,0x00000007adfa0000,0x00000007ae000000)
  to   space 512K, 0% used [0x00000007ae000000,0x00000007ae000000,0x00000007ae080000)
 ParOldGen       total 73728K, used 24715K [0x0000000780000000, 0x0000000784800000, 0x00000007aab00000)
  object space 73728K, 33% used [0x0000000780000000,0x0000000781822db8,0x0000000784800000)
 Metaspace       used 21093K, capacity 21347K, committed 21632K, reserved 1069056K
  class space    used 2038K, capacity 2112K, committed 2176K, reserved 1048576K
}
Event: 717.746 GC heap before
{Heap before GC invocations=298 (full 2):
 PSYoungGen      total 24064K, used 23680K [0x00000007aab00000, 0x00000007ae080000, 0x00000007c0000000)
  eden space 23552K, 100% used [0x00000007aab00000,0x00000007ac200000,0x00000007ac200000)
  from space 512K, 25% used [0x00000007adf80000,0x00000007adfa0000,0x00000007ae000000)
  to   space 512K, 0% used [0x00000007ae000000,0x00000007ae000000,0x00000007ae080000)
 ParOldGen       total 73728K, used 24715K [0x0000000780000000, 0x0000000784800000, 0x00000007aab00000)
  object space 73728K, 33% used [0x0000000780000000,0x0000000781822db8,0x0000000784800000)
 Metaspace       used 21096K, capacity 21347K, committed 21632K, reserved 1069056K
  class space    used 2038K, capacity 2112K, committed 2176K, reserved 1048576K
Event: 717.757 GC heap after
Heap after GC invocations=298 (full 2):
 PSYoungGen      total 24064K, used 96K [0x00000007aab00000, 0x00000007ae080000, 0x00000007c0000000)
  eden space 23552K, 0% used [0x00000007aab00000,0x00000007aab00000,0x00000007ac200000)
  from space 512K, 18% used [0x00000007ae000000,0x00000007ae018000,0x00000007ae080000)
  to   space 512K, 0% used [0x00000007adf80000,0x00000007adf80000,0x00000007ae000000)
 ParOldGen       total 73728K, used 24715K [0x0000000780000000, 0x0000000784800000, 0x00000007aab00000)
  object space 73728K, 33% used [0x0000000780000000,0x0000000781822db8,0x0000000784800000)
 Metaspace       used 21096K, capacity 21347K, committed 21632K, reserved 1069056K
  class space    used 2038K, capacity 2112K, committed 2176K, reserved 1048576K
}

