# JRE version: Java(TM) SE Runtime Environment (8.0_101-b13) (build 1.8.0_101-b13)
# Java VM: Java HotSpot(TM) 64-Bit Server VM (25.101-b13 mixed mode bsd-amd64 compressed oops)
Heap:
 PSYoungGen      total 56320K, used 12173K [0x00000007aab00000, 0x00000007aef00000, 0x00000007c0000000)
  eden space 45056K, 3% used [0x00000007aab00000,0x00000007aac9c150,0x00000007ad700000)
  from space 11264K, 93% used [0x00000007ae300000,0x00000007aed47610,0x00000007aee00000)
  to   space 12288K, 0% used [0x00000007ad700000,0x00000007ad700000,0x00000007ae300000)
 ParOldGen       total 39424K, used 17267K [0x0000000780000000, 0x0000000782680000, 0x00000007aab00000)
  object space 39424K, 43% used [0x0000000780000000,0x00000007810dcc18,0x0000000782680000)
 Metaspace       used 24288K, capacity 24495K, committed 24832K, reserved 1071104K
  class space    used 2378K, capacity 2452K, committed 2560K, reserved 1048576K
GC Heap History (10 events):
Event: 9.420 GC heap before
{Heap before GC invocations=7 (full 1):
 PSYoungGen      total 18944K, used 18907K [0x00000007aab00000, 0x00000007ad700000, 0x00000007c0000000)
  eden space 16384K, 99% used [0x00000007aab00000,0x00000007abaf78b0,0x00000007abb00000)
  from space 2560K, 99% used [0x00000007abb00000,0x00000007abd7f3d0,0x00000007abd80000)
  to   space 10240K, 0% used [0x00000007acd00000,0x00000007acd00000,0x00000007ad700000)
 ParOldGen       total 39424K, used 14666K [0x0000000780000000, 0x0000000782680000, 0x00000007aab00000)
  object space 39424K, 37% used [0x0000000780000000,0x0000000780e52b78,0x0000000782680000)
 Metaspace       used 23391K, capacity 23657K, committed 24064K, reserved 1071104K
  class space    used 2367K, capacity 2451K, committed 2560K, reserved 1048576K
Event: 9.426 GC heap after
Heap after GC invocations=7 (full 1):
 PSYoungGen      total 35328K, used 6349K [0x00000007aab00000, 0x00000007ad780000, 0x00000007c0000000)
  eden space 25088K, 0% used [0x00000007aab00000,0x00000007aab00000,0x00000007ac380000)
  from space 10240K, 62% used [0x00000007acd00000,0x00000007ad3334c0,0x00000007ad700000)
  to   space 9728K, 0% used [0x00000007ac380000,0x00000007ac380000,0x00000007acd00000)
 ParOldGen       total 39424K, used 14674K [0x0000000780000000, 0x0000000782680000, 0x00000007aab00000)
  object space 39424K, 37% used [0x0000000780000000,0x0000000780e54b78,0x0000000782680000)
 Metaspace       used 23391K, capacity 23657K, committed 24064K, reserved 1071104K
  class space    used 2367K, capacity 2451K, committed 2560K, reserved 1048576K
}
Event: 13.558 GC heap before
{Heap before GC invocations=8 (full 1):
 PSYoungGen      total 35328K, used 31437K [0x00000007aab00000, 0x00000007ad780000, 0x00000007c0000000)
  eden space 25088K, 100% used [0x00000007aab00000,0x00000007ac380000,0x00000007ac380000)
  from space 10240K, 62% used [0x00000007acd00000,0x00000007ad3334c0,0x00000007ad700000)
  to   space 9728K, 0% used [0x00000007ac380000,0x00000007ac380000,0x00000007acd00000)
 ParOldGen       total 39424K, used 14674K [0x0000000780000000, 0x0000000782680000, 0x00000007aab00000)
  object space 39424K, 37% used [0x0000000780000000,0x0000000780e54b78,0x0000000782680000)
 Metaspace       used 23768K, capacity 23983K, committed 24320K, reserved 1071104K
  class space    used 2368K, capacity 2452K, committed 2560K, reserved 1048576K
Event: 13.563 GC heap after
Heap after GC invocations=8 (full 1):
 PSYoungGen      total 34816K, used 6349K [0x00000007aab00000, 0x00000007ae200000, 0x00000007c0000000)
  eden space 25088K, 0% used [0x00000007aab00000,0x00000007aab00000,0x00000007ac380000)
  from space 9728K, 65% used [0x00000007ac380000,0x00000007ac9b34c0,0x00000007acd00000)
  to   space 9216K, 0% used [0x00000007ad900000,0x00000007ad900000,0x00000007ae200000)
 ParOldGen       total 39424K, used 14682K [0x0000000780000000, 0x0000000782680000, 0x00000007aab00000)
  object space 39424K, 37% used [0x0000000780000000,0x0000000780e56b78,0x0000000782680000)
 Metaspace       used 23768K, capacity 23983K, committed 24320K, reserved 1071104K
  class space    used 2368K, capacity 2452K, committed 2560K, reserved 1048576K
}
Event: 17.294 GC heap before
{Heap before GC invocations=9 (full 1):
 PSYoungGen      total 34816K, used 31388K [0x00000007aab00000, 0x00000007ae200000, 0x00000007c0000000)
  eden space 25088K, 99% used [0x00000007aab00000,0x00000007ac373db0,0x00000007ac380000)
  from space 9728K, 65% used [0x00000007ac380000,0x00000007ac9b34c0,0x00000007acd00000)
  to   space 9216K, 0% used [0x00000007ad900000,0x00000007ad900000,0x00000007ae200000)
 ParOldGen       total 39424K, used 14682K [0x0000000780000000, 0x0000000782680000, 0x00000007aab00000)
  object space 39424K, 37% used [0x0000000780000000,0x0000000780e56b78,0x0000000782680000)
 Metaspace       used 23924K, capacity 24175K, committed 24576K, reserved 1071104K
  class space    used 2368K, capacity 2452K, committed 2560K, reserved 1048576K
Event: 17.301 GC heap after
Heap after GC invocations=9 (full 1):
 PSYoungGen      total 46080K, used 8637K [0x00000007aab00000, 0x00000007ae300000, 0x00000007c0000000)
  eden space 36864K, 0% used [0x00000007aab00000,0x00000007aab00000,0x00000007acf00000)
  from space 9216K, 93% used [0x00000007ad900000,0x00000007ae16f570,0x00000007ae200000)
  to   space 10240K, 0% used [0x00000007acf00000,0x00000007acf00000,0x00000007ad900000)
 ParOldGen       total 39424K, used 14690K [0x0000000780000000, 0x0000000782680000, 0x00000007aab00000)
  object space 39424K, 37% used [0x0000000780000000,0x0000000780e58b78,0x0000000782680000)
 Metaspace       used 23924K, capacity 24175K, committed 24576K, reserved 1071104K
  class space    used 2368K, capacity 2452K, committed 2560K, reserved 1048576K
}
Event: 21.239 GC heap before
{Heap before GC invocations=10 (full 1):
 PSYoungGen      total 46080K, used 45501K [0x00000007aab00000, 0x00000007ae300000, 0x00000007c0000000)
  eden space 36864K, 100% used [0x00000007aab00000,0x00000007acf00000,0x00000007acf00000)
  from space 9216K, 93% used [0x00000007ad900000,0x00000007ae16f570,0x00000007ae200000)
  to   space 10240K, 0% used [0x00000007acf00000,0x00000007acf00000,0x00000007ad900000)
 ParOldGen       total 39424K, used 14690K [0x0000000780000000, 0x0000000782680000, 0x00000007aab00000)
  object space 39424K, 37% used [0x0000000780000000,0x0000000780e58b78,0x0000000782680000)
 Metaspace       used 24091K, capacity 24367K, committed 24576K, reserved 1071104K
  class space    used 2369K, capacity 2452K, committed 2560K, reserved 1048576K
Event: 21.244 GC heap after
Heap after GC invocations=10 (full 1):
 PSYoungGen      total 47104K, used 10157K [0x00000007aab00000, 0x00000007aee00000, 0x00000007c0000000)
  eden space 36864K, 0% used [0x00000007aab00000,0x00000007aab00000,0x00000007acf00000)
  from space 10240K, 99% used [0x00000007acf00000,0x00000007ad8eb5c0,0x00000007ad900000)
  to   space 11264K, 0% used [0x00000007ae300000,0x00000007ae300000,0x00000007aee00000)
 ParOldGen       total 39424K, used 17259K [0x0000000780000000, 0x0000000782680000, 0x00000007aab00000)
  object space 39424K, 43% used [0x0000000780000000,0x00000007810dac18,0x0000000782680000)
 Metaspace       used 24091K, capacity 24367K, committed 24576K, reserved 1071104K
  class space    used 2369K, capacity 2452K, committed 2560K, reserved 1048576K
}
Event: 30.385 GC heap before
{Heap before GC invocations=11 (full 1):
 PSYoungGen      total 47104K, used 47021K [0x00000007aab00000, 0x00000007aee00000, 0x00000007c0000000)
  eden space 36864K, 100% used [0x00000007aab00000,0x00000007acf00000,0x00000007acf00000)
  from space 10240K, 99% used [0x00000007acf00000,0x00000007ad8eb5c0,0x00000007ad900000)
  to   space 11264K, 0% used [0x00000007ae300000,0x00000007ae300000,0x00000007aee00000)
 ParOldGen       total 39424K, used 17259K [0x0000000780000000, 0x0000000782680000, 0x00000007aab00000)
  object space 39424K, 43% used [0x0000000780000000,0x00000007810dac18,0x0000000782680000)
 Metaspace       used 24263K, capacity 24495K, committed 24832K, reserved 1071104K
  class space    used 2372K, capacity 2452K, committed 2560K, reserved 1048576K
Event: 30.392 GC heap after
Heap after GC invocations=11 (full 1):
 PSYoungGen      total 56320K, used 10525K [0x00000007aab00000, 0x00000007aef00000, 0x00000007c0000000)
  eden space 45056K, 0% used [0x00000007aab00000,0x00000007aab00000,0x00000007ad700000)
  from space 11264K, 93% used [0x00000007ae300000,0x00000007aed47610,0x00000007aee00000)
  to   space 12288K, 0% used [0x00000007ad700000,0x00000007ad700000,0x00000007ae300000)
 ParOldGen       total 39424K, used 17267K [0x0000000780000000, 0x0000000782680000, 0x00000007aab00000)
  object space 39424K, 43% used [0x0000000780000000,0x00000007810dcc18,0x0000000782680000)
 Metaspace       used 24263K, capacity 24495K, committed 24832K, reserved 1071104K
  class space    used 2372K, capacity 2452K, committed 2560K, reserved 1048576K
}

