# JRE version: Java(TM) SE Runtime Environment (8.0_101-b13) (build 1.8.0_101-b13)
# Java VM: Java HotSpot(TM) 64-Bit Server VM (25.101-b13 mixed mode bsd-amd64 compressed oops)
Heap:
 PSYoungGen      total 33792K, used 20719K [0x00000007aab00000, 0x00000007ade80000, 0x00000007c0000000)
  eden space 24576K, 60% used [0x00000007aab00000,0x00000007ab96fd58,0x00000007ac300000)
  from space 9216K, 64% used [0x00000007ac300000,0x00000007ac8cc210,0x00000007acc00000)
  to   space 8704K, 0% used [0x00000007ad600000,0x00000007ad600000,0x00000007ade80000)
 ParOldGen       total 39424K, used 14762K [0x0000000780000000, 0x0000000782680000, 0x00000007aab00000)
  object space 39424K, 37% used [0x0000000780000000,0x0000000780e6a980,0x0000000782680000)
 Metaspace       used 23879K, capacity 24119K, committed 24576K, reserved 1071104K
  class space    used 2366K, capacity 2452K, committed 2560K, reserved 1048576K
GC Heap History (10 events):
Event: 5.246 GC heap before
{Heap before GC invocations=4 (full 0):
 PSYoungGen      total 18944K, used 18488K [0x00000007aab00000, 0x00000007ac000000, 0x00000007c0000000)
  eden space 16384K, 97% used [0x00000007aab00000,0x00000007aba918a0,0x00000007abb00000)
  from space 2560K, 99% used [0x00000007abb00000,0x00000007abd7c790,0x00000007abd80000)
  to   space 2560K, 0% used [0x00000007abd80000,0x00000007abd80000,0x00000007ac000000)
 ParOldGen       total 44032K, used 7091K [0x0000000780000000, 0x0000000782b00000, 0x00000007aab00000)
  object space 44032K, 16% used [0x0000000780000000,0x00000007806ecd08,0x0000000782b00000)
 Metaspace       used 20808K, capacity 21067K, committed 21296K, reserved 1069056K
  class space    used 2123K, capacity 2226K, committed 2304K, reserved 1048576K
Event: 5.257 GC heap after
Heap after GC invocations=4 (full 0):
 PSYoungGen      total 18944K, used 2544K [0x00000007aab00000, 0x00000007ac000000, 0x00000007c0000000)
  eden space 16384K, 0% used [0x00000007aab00000,0x00000007aab00000,0x00000007abb00000)
  from space 2560K, 99% used [0x00000007abd80000,0x00000007abffc050,0x00000007ac000000)
  to   space 2560K, 0% used [0x00000007abb00000,0x00000007abb00000,0x00000007abd80000)
 ParOldGen       total 44032K, used 10898K [0x0000000780000000, 0x0000000782b00000, 0x00000007aab00000)
  object space 44032K, 24% used [0x0000000780000000,0x0000000780aa4b60,0x0000000782b00000)
 Metaspace       used 20808K, capacity 21067K, committed 21296K, reserved 1069056K
  class space    used 2123K, capacity 2226K, committed 2304K, reserved 1048576K
}
Event: 5.257 GC heap before
{Heap before GC invocations=5 (full 1):
 PSYoungGen      total 18944K, used 2544K [0x00000007aab00000, 0x00000007ac000000, 0x00000007c0000000)
  eden space 16384K, 0% used [0x00000007aab00000,0x00000007aab00000,0x00000007abb00000)
  from space 2560K, 99% used [0x00000007abd80000,0x00000007abffc050,0x00000007ac000000)
  to   space 2560K, 0% used [0x00000007abb00000,0x00000007abb00000,0x00000007abd80000)
 ParOldGen       total 44032K, used 10898K [0x0000000780000000, 0x0000000782b00000, 0x00000007aab00000)
  object space 44032K, 24% used [0x0000000780000000,0x0000000780aa4b60,0x0000000782b00000)
 Metaspace       used 20808K, capacity 21067K, committed 21296K, reserved 1069056K
  class space    used 2123K, capacity 2226K, committed 2304K, reserved 1048576K
Event: 5.311 GC heap after
Heap after GC invocations=5 (full 1):
 PSYoungGen      total 18944K, used 0K [0x00000007aab00000, 0x00000007ac000000, 0x00000007c0000000)
  eden space 16384K, 0% used [0x00000007aab00000,0x00000007aab00000,0x00000007abb00000)
  from space 2560K, 0% used [0x00000007abd80000,0x00000007abd80000,0x00000007ac000000)
  to   space 2560K, 0% used [0x00000007abb00000,0x00000007abb00000,0x00000007abd80000)
 ParOldGen       total 39424K, used 8481K [0x0000000780000000, 0x0000000782680000, 0x00000007aab00000)
  object space 39424K, 21% used [0x0000000780000000,0x0000000780848590,0x0000000782680000)
 Metaspace       used 20808K, capacity 21067K, committed 21296K, reserved 1069056K
  class space    used 2123K, capacity 2226K, committed 2304K, reserved 1048576K
}
Event: 6.164 GC heap before
{Heap before GC invocations=6 (full 1):
 PSYoungGen      total 18944K, used 16384K [0x00000007aab00000, 0x00000007ac000000, 0x00000007c0000000)
  eden space 16384K, 100% used [0x00000007aab00000,0x00000007abb00000,0x00000007abb00000)
  from space 2560K, 0% used [0x00000007abd80000,0x00000007abd80000,0x00000007ac000000)
  to   space 2560K, 0% used [0x00000007abb00000,0x00000007abb00000,0x00000007abd80000)
 ParOldGen       total 39424K, used 8481K [0x0000000780000000, 0x0000000782680000, 0x00000007aab00000)
  object space 39424K, 21% used [0x0000000780000000,0x0000000780848590,0x0000000782680000)
 Metaspace       used 23140K, capacity 23371K, committed 23680K, reserved 1071104K
  class space    used 2346K, capacity 2418K, committed 2432K, reserved 1048576K
Event: 6.169 GC heap after
Heap after GC invocations=6 (full 1):
 PSYoungGen      total 18944K, used 2528K [0x00000007aab00000, 0x00000007ad680000, 0x00000007c0000000)
  eden space 16384K, 0% used [0x00000007aab00000,0x00000007aab00000,0x00000007abb00000)
  from space 2560K, 98% used [0x00000007abb00000,0x00000007abd78150,0x00000007abd80000)
  to   space 10240K, 0% used [0x00000007acc80000,0x00000007acc80000,0x00000007ad680000)
 ParOldGen       total 39424K, used 14682K [0x0000000780000000, 0x0000000782680000, 0x00000007aab00000)
  object space 39424K, 37% used [0x0000000780000000,0x0000000780e56970,0x0000000782680000)
 Metaspace       used 23140K, capacity 23371K, committed 23680K, reserved 1071104K
  class space    used 2346K, capacity 2418K, committed 2432K, reserved 1048576K
}
Event: 6.588 GC heap before
{Heap before GC invocations=7 (full 1):
 PSYoungGen      total 18944K, used 18879K [0x00000007aab00000, 0x00000007ad680000, 0x00000007c0000000)
  eden space 16384K, 99% used [0x00000007aab00000,0x00000007abaf7e10,0x00000007abb00000)
  from space 2560K, 98% used [0x00000007abb00000,0x00000007abd78150,0x00000007abd80000)
  to   space 10240K, 0% used [0x00000007acc80000,0x00000007acc80000,0x00000007ad680000)
 ParOldGen       total 39424K, used 14682K [0x0000000780000000, 0x0000000782680000, 0x00000007aab00000)
  object space 39424K, 37% used [0x0000000780000000,0x0000000780e56970,0x0000000782680000)
 Metaspace       used 23398K, capacity 23665K, committed 24064K, reserved 1071104K
  class space    used 2358K, capacity 2451K, committed 2560K, reserved 1048576K
Event: 6.595 GC heap after
Heap after GC invocations=7 (full 1):
 PSYoungGen      total 33280K, used 5872K [0x00000007aab00000, 0x00000007ad500000, 0x00000007c0000000)
  eden space 24576K, 0% used [0x00000007aab00000,0x00000007aab00000,0x00000007ac300000)
  from space 8704K, 67% used [0x00000007acc80000,0x00000007ad23c210,0x00000007ad500000)
  to   space 9216K, 0% used [0x00000007ac300000,0x00000007ac300000,0x00000007acc00000)
 ParOldGen       total 39424K, used 14754K [0x0000000780000000, 0x0000000782680000, 0x00000007aab00000)
  object space 39424K, 37% used [0x0000000780000000,0x0000000780e68980,0x0000000782680000)
 Metaspace       used 23398K, capacity 23665K, committed 24064K, reserved 1071104K
  class space    used 2358K, capacity 2451K, committed 2560K, reserved 1048576K
}
Event: 11.069 GC heap before
{Heap before GC invocations=8 (full 1):
 PSYoungGen      total 33280K, used 30448K [0x00000007aab00000, 0x00000007ad500000, 0x00000007c0000000)
  eden space 24576K, 100% used [0x00000007aab00000,0x00000007ac300000,0x00000007ac300000)
  from space 8704K, 67% used [0x00000007acc80000,0x00000007ad23c210,0x00000007ad500000)
  to   space 9216K, 0% used [0x00000007ac300000,0x00000007ac300000,0x00000007acc00000)
 ParOldGen       total 39424K, used 14754K [0x0000000780000000, 0x0000000782680000, 0x00000007aab00000)
  object space 39424K, 37% used [0x0000000780000000,0x0000000780e68980,0x0000000782680000)
 Metaspace       used 23814K, capacity 24055K, committed 24320K, reserved 1071104K
  class space    used 2359K, capacity 2452K, committed 2560K, reserved 1048576K
Event: 11.074 GC heap after
Heap after GC invocations=8 (full 1):
 PSYoungGen      total 33792K, used 5936K [0x00000007aab00000, 0x00000007ade80000, 0x00000007c0000000)
  eden space 24576K, 0% used [0x00000007aab00000,0x00000007aab00000,0x00000007ac300000)
  from space 9216K, 64% used [0x00000007ac300000,0x00000007ac8cc210,0x00000007acc00000)
  to   space 8704K, 0% used [0x00000007ad600000,0x00000007ad600000,0x00000007ade80000)
 ParOldGen       total 39424K, used 14762K [0x0000000780000000, 0x0000000782680000, 0x00000007aab00000)
  object space 39424K, 37% used [0x0000000780000000,0x0000000780e6a980,0x0000000782680000)
 Metaspace       used 23814K, capacity 24055K, committed 24320K, reserved 1071104K
  class space    used 2359K, capacity 2452K, committed 2560K, reserved 1048576K
}

