# JRE version: Java(TM) SE Runtime Environment (8.0_101-b13) (build 1.8.0_101-b13)
# Java VM: Java HotSpot(TM) 64-Bit Server VM (25.101-b13 mixed mode bsd-amd64 compressed oops)
Heap:
 PSYoungGen      total 72192K, used 8234K [0x00000007aab00000, 0x00000007afe80000, 0x00000007c0000000)
  eden space 65024K, 12% used [0x00000007aab00000,0x00000007ab2f2b58,0x00000007aea80000)
  from space 7168K, 1% used [0x00000007af780000,0x00000007af798000,0x00000007afe80000)
  to   space 10240K, 0% used [0x00000007aea80000,0x00000007aea80000,0x00000007af480000)
 ParOldGen       total 44032K, used 33592K [0x0000000780000000, 0x0000000782b00000, 0x00000007aab00000)
  object space 44032K, 76% used [0x0000000780000000,0x00000007820ce2d8,0x0000000782b00000)
 Metaspace       used 19230K, capacity 19435K, committed 19712K, reserved 1067008K
  class space    used 1870K, capacity 1950K, committed 2048K, reserved 1048576K
GC Heap History (10 events):
Event: 142.550 GC heap before
{Heap before GC invocations=18 (full 0):
 PSYoungGen      total 79360K, used 78976K [0x00000007aab00000, 0x00000007b1100000, 0x00000007c0000000)
  eden space 78848K, 100% used [0x00000007aab00000,0x00000007af800000,0x00000007af800000)
  from space 512K, 25% used [0x00000007afb00000,0x00000007afb20000,0x00000007afb80000)
  to   space 12800K, 0% used [0x00000007b0480000,0x00000007b0480000,0x00000007b1100000)
 ParOldGen       total 44032K, used 33592K [0x0000000780000000, 0x0000000782b00000, 0x00000007aab00000)
  object space 44032K, 76% used [0x0000000780000000,0x00000007820ce2d8,0x0000000782b00000)
 Metaspace       used 19107K, capacity 19275K, committed 19328K, reserved 1067008K
  class space    used 1862K, capacity 1918K, committed 1920K, reserved 1048576K
Event: 142.551 GC heap after
Heap after GC invocations=18 (full 0):
 PSYoungGen      total 84480K, used 64K [0x00000007aab00000, 0x00000007b0d00000, 0x00000007c0000000)
  eden space 75776K, 0% used [0x00000007aab00000,0x00000007aab00000,0x00000007af500000)
  from space 8704K, 0% used [0x00000007b0480000,0x00000007b0490000,0x00000007b0d00000)
  to   space 12288K, 0% used [0x00000007af500000,0x00000007af500000,0x00000007b0100000)
 ParOldGen       total 44032K, used 33592K [0x0000000780000000, 0x0000000782b00000, 0x00000007aab00000)
  object space 44032K, 76% used [0x0000000780000000,0x00000007820ce2d8,0x0000000782b00000)
 Metaspace       used 19107K, capacity 19275K, committed 19328K, reserved 1067008K
  class space    used 1862K, capacity 1918K, committed 1920K, reserved 1048576K
}
Event: 154.318 GC heap before
{Heap before GC invocations=19 (full 0):
 PSYoungGen      total 84480K, used 75840K [0x00000007aab00000, 0x00000007b0d00000, 0x00000007c0000000)
  eden space 75776K, 100% used [0x00000007aab00000,0x00000007af500000,0x00000007af500000)
  from space 8704K, 0% used [0x00000007b0480000,0x00000007b0490000,0x00000007b0d00000)
  to   space 12288K, 0% used [0x00000007af500000,0x00000007af500000,0x00000007b0100000)
 ParOldGen       total 44032K, used 33592K [0x0000000780000000, 0x0000000782b00000, 0x00000007aab00000)
  object space 44032K, 76% used [0x0000000780000000,0x00000007820ce2d8,0x0000000782b00000)
 Metaspace       used 19107K, capacity 19275K, committed 19328K, reserved 1067008K
  class space    used 1862K, capacity 1918K, committed 1920K, reserved 1048576K
Event: 154.320 GC heap after
Heap after GC invocations=19 (full 0):
 PSYoungGen      total 73216K, used 96K [0x00000007aab00000, 0x00000007b0900000, 0x00000007c0000000)
  eden space 72704K, 0% used [0x00000007aab00000,0x00000007aab00000,0x00000007af200000)
  from space 512K, 18% used [0x00000007af500000,0x00000007af518000,0x00000007af580000)
  to   space 11776K, 0% used [0x00000007afd80000,0x00000007afd80000,0x00000007b0900000)
 ParOldGen       total 44032K, used 33592K [0x0000000780000000, 0x0000000782b00000, 0x00000007aab00000)
  object space 44032K, 76% used [0x0000000780000000,0x00000007820ce2d8,0x0000000782b00000)
 Metaspace       used 19107K, capacity 19275K, committed 19328K, reserved 1067008K
  class space    used 1862K, capacity 1918K, committed 1920K, reserved 1048576K
}
Event: 165.612 GC heap before
{Heap before GC invocations=20 (full 0):
 PSYoungGen      total 73216K, used 72800K [0x00000007aab00000, 0x00000007b0900000, 0x00000007c0000000)
  eden space 72704K, 100% used [0x00000007aab00000,0x00000007af200000,0x00000007af200000)
  from space 512K, 18% used [0x00000007af500000,0x00000007af518000,0x00000007af580000)
  to   space 11776K, 0% used [0x00000007afd80000,0x00000007afd80000,0x00000007b0900000)
 ParOldGen       total 44032K, used 33592K [0x0000000780000000, 0x0000000782b00000, 0x00000007aab00000)
  object space 44032K, 76% used [0x0000000780000000,0x00000007820ce2d8,0x0000000782b00000)
 Metaspace       used 19107K, capacity 19275K, committed 19328K, reserved 1067008K
  class space    used 1862K, capacity 1918K, committed 1920K, reserved 1048576K
Event: 165.613 GC heap after
Heap after GC invocations=20 (full 0):
 PSYoungGen      total 78336K, used 96K [0x00000007aab00000, 0x00000007b0580000, 0x00000007c0000000)
  eden space 70144K, 0% used [0x00000007aab00000,0x00000007aab00000,0x00000007aef80000)
  from space 8192K, 1% used [0x00000007afd80000,0x00000007afd98000,0x00000007b0580000)
  to   space 11264K, 0% used [0x00000007aef80000,0x00000007aef80000,0x00000007afa80000)
 ParOldGen       total 44032K, used 33592K [0x0000000780000000, 0x0000000782b00000, 0x00000007aab00000)
  object space 44032K, 76% used [0x0000000780000000,0x00000007820ce2d8,0x0000000782b00000)
 Metaspace       used 19107K, capacity 19275K, committed 19328K, reserved 1067008K
  class space    used 1862K, capacity 1918K, committed 1920K, reserved 1048576K
}
Event: 176.521 GC heap before
{Heap before GC invocations=21 (full 0):
 PSYoungGen      total 78336K, used 70240K [0x00000007aab00000, 0x00000007b0580000, 0x00000007c0000000)
  eden space 70144K, 100% used [0x00000007aab00000,0x00000007aef80000,0x00000007aef80000)
  from space 8192K, 1% used [0x00000007afd80000,0x00000007afd98000,0x00000007b0580000)
  to   space 11264K, 0% used [0x00000007aef80000,0x00000007aef80000,0x00000007afa80000)
 ParOldGen       total 44032K, used 33592K [0x0000000780000000, 0x0000000782b00000, 0x00000007aab00000)
  object space 44032K, 76% used [0x0000000780000000,0x00000007820ce2d8,0x0000000782b00000)
 Metaspace       used 19107K, capacity 19275K, committed 19328K, reserved 1067008K
  class space    used 1862K, capacity 1918K, committed 1920K, reserved 1048576K
Event: 176.525 GC heap after
Heap after GC invocations=21 (full 0):
 PSYoungGen      total 68096K, used 128K [0x00000007aab00000, 0x00000007b0200000, 0x00000007c0000000)
  eden space 67584K, 0% used [0x00000007aab00000,0x00000007aab00000,0x00000007aed00000)
  from space 512K, 25% used [0x00000007aef80000,0x00000007aefa0000,0x00000007af000000)
  to   space 10752K, 0% used [0x00000007af780000,0x00000007af780000,0x00000007b0200000)
 ParOldGen       total 44032K, used 33592K [0x0000000780000000, 0x0000000782b00000, 0x00000007aab00000)
  object space 44032K, 76% used [0x0000000780000000,0x00000007820ce2d8,0x0000000782b00000)
 Metaspace       used 19107K, capacity 19275K, committed 19328K, reserved 1067008K
  class space    used 1862K, capacity 1918K, committed 1920K, reserved 1048576K
}
Event: 187.008 GC heap before
{Heap before GC invocations=22 (full 0):
 PSYoungGen      total 68096K, used 67712K [0x00000007aab00000, 0x00000007b0200000, 0x00000007c0000000)
  eden space 67584K, 100% used [0x00000007aab00000,0x00000007aed00000,0x00000007aed00000)
  from space 512K, 25% used [0x00000007aef80000,0x00000007aefa0000,0x00000007af000000)
  to   space 10752K, 0% used [0x00000007af780000,0x00000007af780000,0x00000007b0200000)
 ParOldGen       total 44032K, used 33592K [0x0000000780000000, 0x0000000782b00000, 0x00000007aab00000)
  object space 44032K, 76% used [0x0000000780000000,0x00000007820ce2d8,0x0000000782b00000)
 Metaspace       used 19185K, capacity 19339K, committed 19584K, reserved 1067008K
  class space    used 1862K, capacity 1918K, committed 1920K, reserved 1048576K
Event: 187.009 GC heap after
Heap after GC invocations=22 (full 0):
 PSYoungGen      total 72192K, used 96K [0x00000007aab00000, 0x00000007afe80000, 0x00000007c0000000)
  eden space 65024K, 0% used [0x00000007aab00000,0x00000007aab00000,0x00000007aea80000)
  from space 7168K, 1% used [0x00000007af780000,0x00000007af798000,0x00000007afe80000)
  to   space 10240K, 0% used [0x00000007aea80000,0x00000007aea80000,0x00000007af480000)
 ParOldGen       total 44032K, used 33592K [0x0000000780000000, 0x0000000782b00000, 0x00000007aab00000)
  object space 44032K, 76% used [0x0000000780000000,0x00000007820ce2d8,0x0000000782b00000)
 Metaspace       used 19185K, capacity 19339K, committed 19584K, reserved 1067008K
  class space    used 1862K, capacity 1918K, committed 1920K, reserved 1048576K
}

