# JRE version: Java(TM) SE Runtime Environment (8.0_101-b13) (build 1.8.0_101-b13)
# Java VM: Java HotSpot(TM) 64-Bit Server VM (25.101-b13 mixed mode bsd-amd64 compressed oops)
Heap:
 PSYoungGen      total 40448K, used 3374K [0x00000007aab00000, 0x00000007adf00000, 0x00000007c0000000)
  eden space 30720K, 3% used [0x00000007aab00000,0x00000007aac13898,0x00000007ac900000)
  from space 9728K, 23% used [0x00000007ad580000,0x00000007ad7b8020,0x00000007adf00000)
  to   space 11264K, 0% used [0x00000007ac900000,0x00000007ac900000,0x00000007ad400000)
 ParOldGen       total 44032K, used 15028K [0x0000000780000000, 0x0000000782b00000, 0x00000007aab00000)
  object space 44032K, 34% used [0x0000000780000000,0x0000000780ead050,0x0000000782b00000)
 Metaspace       used 19156K, capacity 19307K, committed 19456K, reserved 1067008K
  class space    used 1879K, capacity 1950K, committed 2048K, reserved 1048576K
GC Heap History (10 events):
Event: 5.791 GC heap before
{Heap before GC invocations=2 (full 0):
 PSYoungGen      total 18944K, used 18928K [0x00000007aab00000, 0x00000007ac000000, 0x00000007c0000000)
  eden space 16384K, 100% used [0x00000007aab00000,0x00000007abb00000,0x00000007abb00000)
  from space 2560K, 99% used [0x00000007abb00000,0x00000007abd7c030,0x00000007abd80000)
  to   space 2560K, 0% used [0x00000007abd80000,0x00000007abd80000,0x00000007ac000000)
 ParOldGen       total 44032K, used 820K [0x0000000780000000, 0x0000000782b00000, 0x00000007aab00000)
  object space 44032K, 1% used [0x0000000780000000,0x00000007800cd050,0x0000000782b00000)
 Metaspace       used 16155K, capacity 16383K, committed 16640K, reserved 1064960K
  class space    used 1631K, capacity 1724K, committed 1792K, reserved 1048576K
Event: 5.802 GC heap after
Heap after GC invocations=2 (full 0):
 PSYoungGen      total 18944K, used 2528K [0x00000007aab00000, 0x00000007ac000000, 0x00000007c0000000)
  eden space 16384K, 0% used [0x00000007aab00000,0x00000007aab00000,0x00000007abb00000)
  from space 2560K, 98% used [0x00000007abd80000,0x00000007abff8020,0x00000007ac000000)
  to   space 2560K, 0% used [0x00000007abb00000,0x00000007abb00000,0x00000007abd80000)
 ParOldGen       total 44032K, used 2894K [0x0000000780000000, 0x0000000782b00000, 0x00000007aab00000)
  object space 44032K, 6% used [0x0000000780000000,0x00000007802d3a80,0x0000000782b00000)
 Metaspace       used 16155K, capacity 16383K, committed 16640K, reserved 1064960K
  class space    used 1631K, capacity 1724K, committed 1792K, reserved 1048576K
}
Event: 7.049 GC heap before
{Heap before GC invocations=3 (full 0):
 PSYoungGen      total 18944K, used 18834K [0x00000007aab00000, 0x00000007ac000000, 0x00000007c0000000)
  eden space 16384K, 99% used [0x00000007aab00000,0x00000007abaec7e8,0x00000007abb00000)
  from space 2560K, 98% used [0x00000007abd80000,0x00000007abff8020,0x00000007ac000000)
  to   space 2560K, 0% used [0x00000007abb00000,0x00000007abb00000,0x00000007abd80000)
 ParOldGen       total 44032K, used 2894K [0x0000000780000000, 0x0000000782b00000, 0x00000007aab00000)
  object space 44032K, 6% used [0x0000000780000000,0x00000007802d3a80,0x0000000782b00000)
 Metaspace       used 18388K, capacity 18597K, committed 18944K, reserved 1067008K
  class space    used 1872K, capacity 1949K, committed 2048K, reserved 1048576K
Event: 7.074 GC heap after
Heap after GC invocations=3 (full 0):
 PSYoungGen      total 18944K, used 2528K [0x00000007aab00000, 0x00000007ad000000, 0x00000007c0000000)
  eden space 16384K, 0% used [0x00000007aab00000,0x00000007aab00000,0x00000007abb00000)
  from space 2560K, 98% used [0x00000007abb00000,0x00000007abd78050,0x00000007abd80000)
  to   space 2560K, 0% used [0x00000007acd80000,0x00000007acd80000,0x00000007ad000000)
 ParOldGen       total 44032K, used 11691K [0x0000000780000000, 0x0000000782b00000, 0x00000007aab00000)
  object space 44032K, 26% used [0x0000000780000000,0x0000000780b6af80,0x0000000782b00000)
 Metaspace       used 18388K, capacity 18597K, committed 18944K, reserved 1067008K
  class space    used 1872K, capacity 1949K, committed 2048K, reserved 1048576K
}
Event: 7.953 GC heap before
{Heap before GC invocations=4 (full 0):
 PSYoungGen      total 18944K, used 18912K [0x00000007aab00000, 0x00000007ad000000, 0x00000007c0000000)
  eden space 16384K, 100% used [0x00000007aab00000,0x00000007abb00000,0x00000007abb00000)
  from space 2560K, 98% used [0x00000007abb00000,0x00000007abd78050,0x00000007abd80000)
  to   space 2560K, 0% used [0x00000007acd80000,0x00000007acd80000,0x00000007ad000000)
 ParOldGen       total 44032K, used 11691K [0x0000000780000000, 0x0000000782b00000, 0x00000007aab00000)
  object space 44032K, 26% used [0x0000000780000000,0x0000000780b6af80,0x0000000782b00000)
 Metaspace       used 18619K, capacity 18859K, committed 19200K, reserved 1067008K
  class space    used 1872K, capacity 1950K, committed 2048K, reserved 1048576K
Event: 7.965 GC heap after
Heap after GC invocations=4 (full 0):
 PSYoungGen      total 35328K, used 2401K [0x00000007aab00000, 0x00000007ad000000, 0x00000007c0000000)
  eden space 32768K, 0% used [0x00000007aab00000,0x00000007aab00000,0x00000007acb00000)
  from space 2560K, 93% used [0x00000007acd80000,0x00000007acfd8780,0x00000007ad000000)
  to   space 2560K, 0% used [0x00000007acb00000,0x00000007acb00000,0x00000007acd80000)
 ParOldGen       total 44032K, used 15028K [0x0000000780000000, 0x0000000782b00000, 0x00000007aab00000)
  object space 44032K, 34% used [0x0000000780000000,0x0000000780ead050,0x0000000782b00000)
 Metaspace       used 18619K, capacity 18859K, committed 19200K, reserved 1067008K
  class space    used 1872K, capacity 1950K, committed 2048K, reserved 1048576K
}
Event: 18.579 GC heap before
{Heap before GC invocations=5 (full 0):
 PSYoungGen      total 35328K, used 35169K [0x00000007aab00000, 0x00000007ad000000, 0x00000007c0000000)
  eden space 32768K, 100% used [0x00000007aab00000,0x00000007acb00000,0x00000007acb00000)
  from space 2560K, 93% used [0x00000007acd80000,0x00000007acfd8780,0x00000007ad000000)
  to   space 2560K, 0% used [0x00000007acb00000,0x00000007acb00000,0x00000007acd80000)
 ParOldGen       total 44032K, used 15028K [0x0000000780000000, 0x0000000782b00000, 0x00000007aab00000)
  object space 44032K, 34% used [0x0000000780000000,0x0000000780ead050,0x0000000782b00000)
 Metaspace       used 19110K, capacity 19307K, committed 19456K, reserved 1067008K
  class space    used 1872K, capacity 1950K, committed 2048K, reserved 1048576K
Event: 18.588 GC heap after
Heap after GC invocations=5 (full 0):
 PSYoungGen      total 34304K, used 2272K [0x00000007aab00000, 0x00000007ae100000, 0x00000007c0000000)
  eden space 31744K, 0% used [0x00000007aab00000,0x00000007aab00000,0x00000007aca00000)
  from space 2560K, 88% used [0x00000007acb00000,0x00000007acd38020,0x00000007acd80000)
  to   space 11776K, 0% used [0x00000007ad580000,0x00000007ad580000,0x00000007ae100000)
 ParOldGen       total 44032K, used 15028K [0x0000000780000000, 0x0000000782b00000, 0x00000007aab00000)
  object space 44032K, 34% used [0x0000000780000000,0x0000000780ead050,0x0000000782b00000)
 Metaspace       used 19110K, capacity 19307K, committed 19456K, reserved 1067008K
  class space    used 1872K, capacity 1950K, committed 2048K, reserved 1048576K
}
Event: 29.419 GC heap before
{Heap before GC invocations=6 (full 0):
 PSYoungGen      total 34304K, used 34016K [0x00000007aab00000, 0x00000007ae100000, 0x00000007c0000000)
  eden space 31744K, 100% used [0x00000007aab00000,0x00000007aca00000,0x00000007aca00000)
  from space 2560K, 88% used [0x00000007acb00000,0x00000007acd38020,0x00000007acd80000)
  to   space 11776K, 0% used [0x00000007ad580000,0x00000007ad580000,0x00000007ae100000)
 ParOldGen       total 44032K, used 15028K [0x0000000780000000, 0x0000000782b00000, 0x00000007aab00000)
  object space 44032K, 34% used [0x0000000780000000,0x0000000780ead050,0x0000000782b00000)
 Metaspace       used 19132K, capacity 19307K, committed 19456K, reserved 1067008K
  class space    used 1873K, capacity 1950K, committed 2048K, reserved 1048576K
Event: 29.428 GC heap after
Heap after GC invocations=6 (full 0):
 PSYoungGen      total 40448K, used 2272K [0x00000007aab00000, 0x00000007adf00000, 0x00000007c0000000)
  eden space 30720K, 0% used [0x00000007aab00000,0x00000007aab00000,0x00000007ac900000)
  from space 9728K, 23% used [0x00000007ad580000,0x00000007ad7b8020,0x00000007adf00000)
  to   space 11264K, 0% used [0x00000007ac900000,0x00000007ac900000,0x00000007ad400000)
 ParOldGen       total 44032K, used 15028K [0x0000000780000000, 0x0000000782b00000, 0x00000007aab00000)
  object space 44032K, 34% used [0x0000000780000000,0x0000000780ead050,0x0000000782b00000)
 Metaspace       used 19132K, capacity 19307K, committed 19456K, reserved 1067008K
  class space    used 1873K, capacity 1950K, committed 2048K, reserved 1048576K
}

