# JRE version: Java(TM) SE Runtime Environment (8.0_101-b13) (build 1.8.0_101-b13)
# Java VM: Java HotSpot(TM) 64-Bit Server VM (25.101-b13 mixed mode bsd-amd64 compressed oops)
Heap:
 PSYoungGen      total 58368K, used 47194K [0x00000007aab00000, 0x00000007af500000, 0x00000007c0000000)
  eden space 47104K, 80% used [0x00000007aab00000,0x00000007ad002848,0x00000007ad900000)
  from space 11264K, 82% used [0x00000007ad900000,0x00000007ae214210,0x00000007ae400000)
  to   space 11776K, 0% used [0x00000007ae980000,0x00000007ae980000,0x00000007af500000)
 ParOldGen       total 39424K, used 16545K [0x0000000780000000, 0x0000000782680000, 0x00000007aab00000)
  object space 39424K, 41% used [0x0000000780000000,0x0000000781028438,0x0000000782680000)
 Metaspace       used 24202K, capacity 24443K, committed 24832K, reserved 1071104K
  class space    used 2375K, capacity 2452K, committed 2560K, reserved 1048576K
GC Heap History (10 events):
Event: 23.709 GC heap before
{Heap before GC invocations=12 (full 1):
 PSYoungGen      total 45056K, used 43008K [0x00000007aab00000, 0x00000007ae100000, 0x00000007c0000000)
  eden space 37888K, 100% used [0x00000007aab00000,0x00000007ad000000,0x00000007ad000000)
  from space 7168K, 71% used [0x00000007ada00000,0x00000007adf00100,0x00000007ae100000)
  to   space 8704K, 0% used [0x00000007ad000000,0x00000007ad000000,0x00000007ad880000)
 ParOldGen       total 39424K, used 15500K [0x0000000780000000, 0x0000000782680000, 0x00000007aab00000)
  object space 39424K, 39% used [0x0000000780000000,0x0000000780f23080,0x0000000782680000)
 Metaspace       used 24034K, capacity 24315K, committed 24576K, reserved 1071104K
  class space    used 2367K, capacity 2452K, committed 2560K, reserved 1048576K
Event: 23.714 GC heap after
Heap after GC invocations=12 (full 1):
 PSYoungGen      total 46592K, used 5120K [0x00000007aab00000, 0x00000007ae600000, 0x00000007c0000000)
  eden space 37888K, 0% used [0x00000007aab00000,0x00000007aab00000,0x00000007ad000000)
  from space 8704K, 58% used [0x00000007ad000000,0x00000007ad500120,0x00000007ad880000)
  to   space 8704K, 0% used [0x00000007add80000,0x00000007add80000,0x00000007ae600000)
 ParOldGen       total 39424K, used 15500K [0x0000000780000000, 0x0000000782680000, 0x00000007aab00000)
  object space 39424K, 39% used [0x0000000780000000,0x0000000780f23080,0x0000000782680000)
 Metaspace       used 24034K, capacity 24315K, committed 24576K, reserved 1071104K
  class space    used 2367K, capacity 2452K, committed 2560K, reserved 1048576K
}
Event: 26.646 GC heap before
{Heap before GC invocations=13 (full 1):
 PSYoungGen      total 46592K, used 43008K [0x00000007aab00000, 0x00000007ae600000, 0x00000007c0000000)
  eden space 37888K, 100% used [0x00000007aab00000,0x00000007ad000000,0x00000007ad000000)
  from space 8704K, 58% used [0x00000007ad000000,0x00000007ad500120,0x00000007ad880000)
  to   space 8704K, 0% used [0x00000007add80000,0x00000007add80000,0x00000007ae600000)
 ParOldGen       total 39424K, used 15501K [0x0000000780000000, 0x0000000782680000, 0x00000007aab00000)
  object space 39424K, 39% used [0x0000000780000000,0x0000000780f23490,0x0000000782680000)
 Metaspace       used 24116K, capacity 24379K, committed 24832K, reserved 1071104K
  class space    used 2367K, capacity 2452K, committed 2560K, reserved 1048576K
Event: 26.659 GC heap after
Heap after GC invocations=13 (full 1):
 PSYoungGen      total 50688K, used 8484K [0x00000007aab00000, 0x00000007ae880000, 0x00000007c0000000)
  eden space 41984K, 0% used [0x00000007aab00000,0x00000007aab00000,0x00000007ad400000)
  from space 8704K, 97% used [0x00000007add80000,0x00000007ae5c91f0,0x00000007ae600000)
  to   space 9728K, 0% used [0x00000007ad400000,0x00000007ad400000,0x00000007add80000)
 ParOldGen       total 39424K, used 16021K [0x0000000780000000, 0x0000000782680000, 0x00000007aab00000)
  object space 39424K, 40% used [0x0000000780000000,0x0000000780fa54b0,0x0000000782680000)
 Metaspace       used 24116K, capacity 24379K, committed 24832K, reserved 1071104K
  class space    used 2367K, capacity 2452K, committed 2560K, reserved 1048576K
}
Event: 28.815 GC heap before
{Heap before GC invocations=14 (full 1):
 PSYoungGen      total 50688K, used 50468K [0x00000007aab00000, 0x00000007ae880000, 0x00000007c0000000)
  eden space 41984K, 100% used [0x00000007aab00000,0x00000007ad400000,0x00000007ad400000)
  from space 8704K, 97% used [0x00000007add80000,0x00000007ae5c91f0,0x00000007ae600000)
  to   space 9728K, 0% used [0x00000007ad400000,0x00000007ad400000,0x00000007add80000)
 ParOldGen       total 39424K, used 16025K [0x0000000780000000, 0x0000000782680000, 0x00000007aab00000)
  object space 39424K, 40% used [0x0000000780000000,0x0000000780fa6418,0x0000000782680000)
 Metaspace       used 24141K, capacity 24443K, committed 24832K, reserved 1071104K
  class space    used 2367K, capacity 2452K, committed 2560K, reserved 1048576K
Event: 28.820 GC heap after
Heap after GC invocations=14 (full 1):
 PSYoungGen      total 51712K, used 9536K [0x00000007aab00000, 0x00000007aef00000, 0x00000007c0000000)
  eden space 41984K, 0% used [0x00000007aab00000,0x00000007aab00000,0x00000007ad400000)
  from space 9728K, 98% used [0x00000007ad400000,0x00000007add50260,0x00000007add80000)
  to   space 10752K, 0% used [0x00000007ae480000,0x00000007ae480000,0x00000007aef00000)
 ParOldGen       total 39424K, used 16537K [0x0000000780000000, 0x0000000782680000, 0x00000007aab00000)
  object space 39424K, 41% used [0x0000000780000000,0x0000000781026438,0x0000000782680000)
 Metaspace       used 24141K, capacity 24443K, committed 24832K, reserved 1071104K
  class space    used 2367K, capacity 2452K, committed 2560K, reserved 1048576K
}
Event: 33.820 GC heap before
{Heap before GC invocations=15 (full 1):
 PSYoungGen      total 51712K, used 51520K [0x00000007aab00000, 0x00000007aef00000, 0x00000007c0000000)
  eden space 41984K, 100% used [0x00000007aab00000,0x00000007ad400000,0x00000007ad400000)
  from space 9728K, 98% used [0x00000007ad400000,0x00000007add50260,0x00000007add80000)
  to   space 10752K, 0% used [0x00000007ae480000,0x00000007ae480000,0x00000007aef00000)
 ParOldGen       total 39424K, used 16537K [0x0000000780000000, 0x0000000782680000, 0x00000007aab00000)
  object space 39424K, 41% used [0x0000000780000000,0x0000000781026438,0x0000000782680000)
 Metaspace       used 24161K, capacity 24443K, committed 24832K, reserved 1071104K
  class space    used 2367K, capacity 2452K, committed 2560K, reserved 1048576K
Event: 33.826 GC heap after
Heap after GC invocations=15 (full 1):
 PSYoungGen      total 57856K, used 9520K [0x00000007aab00000, 0x00000007aef00000, 0x00000007c0000000)
  eden space 47104K, 0% used [0x00000007aab00000,0x00000007aab00000,0x00000007ad900000)
  from space 10752K, 88% used [0x00000007ae480000,0x00000007aedcc250,0x00000007aef00000)
  to   space 11264K, 0% used [0x00000007ad900000,0x00000007ad900000,0x00000007ae400000)
 ParOldGen       total 39424K, used 16545K [0x0000000780000000, 0x0000000782680000, 0x00000007aab00000)
  object space 39424K, 41% used [0x0000000780000000,0x0000000781028438,0x0000000782680000)
 Metaspace       used 24161K, capacity 24443K, committed 24832K, reserved 1071104K
  class space    used 2367K, capacity 2452K, committed 2560K, reserved 1048576K
}
Event: 39.671 GC heap before
{Heap before GC invocations=16 (full 1):
 PSYoungGen      total 57856K, used 56624K [0x00000007aab00000, 0x00000007aef00000, 0x00000007c0000000)
  eden space 47104K, 100% used [0x00000007aab00000,0x00000007ad900000,0x00000007ad900000)
  from space 10752K, 88% used [0x00000007ae480000,0x00000007aedcc250,0x00000007aef00000)
  to   space 11264K, 0% used [0x00000007ad900000,0x00000007ad900000,0x00000007ae400000)
 ParOldGen       total 39424K, used 16545K [0x0000000780000000, 0x0000000782680000, 0x00000007aab00000)
  object space 39424K, 41% used [0x0000000780000000,0x0000000781028438,0x0000000782680000)
 Metaspace       used 24161K, capacity 24443K, committed 24832K, reserved 1071104K
  class space    used 2367K, capacity 2452K, committed 2560K, reserved 1048576K
Event: 39.674 GC heap after
Heap after GC invocations=16 (full 1):
 PSYoungGen      total 58368K, used 9296K [0x00000007aab00000, 0x00000007af500000, 0x00000007c0000000)
  eden space 47104K, 0% used [0x00000007aab00000,0x00000007aab00000,0x00000007ad900000)
  from space 11264K, 82% used [0x00000007ad900000,0x00000007ae214210,0x00000007ae400000)
  to   space 11776K, 0% used [0x00000007ae980000,0x00000007ae980000,0x00000007af500000)
 ParOldGen       total 39424K, used 16545K [0x0000000780000000, 0x0000000782680000, 0x00000007aab00000)
  object space 39424K, 41% used [0x0000000780000000,0x0000000781028438,0x0000000782680000)
 Metaspace       used 24161K, capacity 24443K, committed 24832K, reserved 1071104K
  class space    used 2367K, capacity 2452K, committed 2560K, reserved 1048576K
}

