# JRE version: Java(TM) SE Runtime Environment (8.0_101-b13) (build 1.8.0_101-b13)
# Java VM: Java HotSpot(TM) 64-Bit Server VM (25.101-b13 mixed mode bsd-amd64 compressed oops)
Heap:
 PSYoungGen      total 97280K, used 10239K [0x00000007aab00000, 0x00000007b1a80000, 0x00000007c0000000)
  eden space 85504K, 4% used [0x00000007aab00000,0x00000007aae87da8,0x00000007afe80000)
  from space 11776K, 56% used [0x00000007b0f00000,0x00000007b1578190,0x00000007b1a80000)
  to   space 14336K, 0% used [0x00000007afe80000,0x00000007afe80000,0x00000007b0c80000)
 ParOldGen       total 31744K, used 21732K [0x0000000780000000, 0x0000000781f00000, 0x00000007aab00000)
  object space 31744K, 68% used [0x0000000780000000,0x00000007815393d8,0x0000000781f00000)
 Metaspace       used 24457K, capacity 24715K, committed 25088K, reserved 1071104K
  class space    used 2407K, capacity 2518K, committed 2560K, reserved 1048576K
GC Heap History (10 events):
Event: 8.318 GC heap before
{Heap before GC invocations=7 (full 1):
 PSYoungGen      total 18944K, used 16384K [0x00000007aab00000, 0x00000007adc00000, 0x00000007c0000000)
  eden space 16384K, 100% used [0x00000007aab00000,0x00000007abb00000,0x00000007abb00000)
  from space 2560K, 0% used [0x00000007abb00000,0x00000007abb00000,0x00000007abd80000)
  to   space 8704K, 0% used [0x00000007ad380000,0x00000007ad380000,0x00000007adc00000)
 ParOldGen       total 31744K, used 8456K [0x0000000780000000, 0x0000000781f00000, 0x00000007aab00000)
  object space 31744K, 26% used [0x0000000780000000,0x00000007808423a8,0x0000000781f00000)
 Metaspace       used 23155K, capacity 23379K, committed 23680K, reserved 1071104K
  class space    used 2341K, capacity 2418K, committed 2432K, reserved 1048576K
Event: 8.324 GC heap after
Heap after GC invocations=7 (full 1):
 PSYoungGen      total 39936K, used 8682K [0x00000007aab00000, 0x00000007ade00000, 0x00000007c0000000)
  eden space 31232K, 0% used [0x00000007aab00000,0x00000007aab00000,0x00000007ac980000)
  from space 8704K, 99% used [0x00000007ad380000,0x00000007adbfa8d0,0x00000007adc00000)
  to   space 10240K, 0% used [0x00000007ac980000,0x00000007ac980000,0x00000007ad380000)
 ParOldGen       total 31744K, used 8544K [0x0000000780000000, 0x0000000781f00000, 0x00000007aab00000)
  object space 31744K, 26% used [0x0000000780000000,0x00000007808583b8,0x0000000781f00000)
 Metaspace       used 23155K, capacity 23379K, committed 23680K, reserved 1071104K
  class space    used 2341K, capacity 2418K, committed 2432K, reserved 1048576K
}
Event: 11.213 GC heap before
{Heap before GC invocations=8 (full 1):
 PSYoungGen      total 39936K, used 39914K [0x00000007aab00000, 0x00000007ade00000, 0x00000007c0000000)
  eden space 31232K, 100% used [0x00000007aab00000,0x00000007ac980000,0x00000007ac980000)
  from space 8704K, 99% used [0x00000007ad380000,0x00000007adbfa8d0,0x00000007adc00000)
  to   space 10240K, 0% used [0x00000007ac980000,0x00000007ac980000,0x00000007ad380000)
 ParOldGen       total 31744K, used 8544K [0x0000000780000000, 0x0000000781f00000, 0x00000007aab00000)
  object space 31744K, 26% used [0x0000000780000000,0x00000007808583b8,0x0000000781f00000)
 Metaspace       used 23840K, capacity 24095K, committed 24320K, reserved 1071104K
  class space    used 2383K, capacity 2484K, committed 2560K, reserved 1048576K
Event: 11.219 GC heap after
Heap after GC invocations=8 (full 1):
 PSYoungGen      total 41472K, used 9741K [0x00000007aab00000, 0x00000007afc00000, 0x00000007c0000000)
  eden space 31232K, 0% used [0x00000007aab00000,0x00000007aab00000,0x00000007ac980000)
  from space 10240K, 95% used [0x00000007ac980000,0x00000007ad3035e0,0x00000007ad380000)
  to   space 11776K, 0% used [0x00000007af080000,0x00000007af080000,0x00000007afc00000)
 ParOldGen       total 31744K, used 11013K [0x0000000780000000, 0x0000000781f00000, 0x00000007aab00000)
  object space 31744K, 34% used [0x0000000780000000,0x0000000780ac1788,0x0000000781f00000)
 Metaspace       used 23840K, capacity 24095K, committed 24320K, reserved 1071104K
  class space    used 2383K, capacity 2484K, committed 2560K, reserved 1048576K
}
Event: 15.086 GC heap before
{Heap before GC invocations=9 (full 1):
 PSYoungGen      total 41472K, used 40814K [0x00000007aab00000, 0x00000007afc00000, 0x00000007c0000000)
  eden space 31232K, 99% used [0x00000007aab00000,0x00000007ac9585a0,0x00000007ac980000)
  from space 10240K, 95% used [0x00000007ac980000,0x00000007ad3035e0,0x00000007ad380000)
  to   space 11776K, 0% used [0x00000007af080000,0x00000007af080000,0x00000007afc00000)
 ParOldGen       total 31744K, used 11013K [0x0000000780000000, 0x0000000781f00000, 0x00000007aab00000)
  object space 31744K, 34% used [0x0000000780000000,0x0000000780ac1788,0x0000000781f00000)
 Metaspace       used 24072K, capacity 24351K, committed 24576K, reserved 1071104K
  class space    used 2384K, capacity 2484K, committed 2560K, reserved 1048576K
Event: 15.100 GC heap after
Heap after GC invocations=9 (full 1):
 PSYoungGen      total 69120K, used 11693K [0x00000007aab00000, 0x00000007aff80000, 0x00000007c0000000)
  eden space 57344K, 0% used [0x00000007aab00000,0x00000007aab00000,0x00000007ae300000)
  from space 11776K, 99% used [0x00000007af080000,0x00000007afbeb640,0x00000007afc00000)
  to   space 13824K, 0% used [0x00000007ae300000,0x00000007ae300000,0x00000007af080000)
 ParOldGen       total 31744K, used 11277K [0x0000000780000000, 0x0000000781f00000, 0x00000007aab00000)
  object space 31744K, 35% used [0x0000000780000000,0x0000000780b03798,0x0000000781f00000)
 Metaspace       used 24072K, capacity 24351K, committed 24576K, reserved 1071104K
  class space    used 2384K, capacity 2484K, committed 2560K, reserved 1048576K
}
Event: 18.777 GC heap before
{Heap before GC invocations=10 (full 1):
 PSYoungGen      total 69120K, used 69037K [0x00000007aab00000, 0x00000007aff80000, 0x00000007c0000000)
  eden space 57344K, 100% used [0x00000007aab00000,0x00000007ae300000,0x00000007ae300000)
  from space 11776K, 99% used [0x00000007af080000,0x00000007afbeb640,0x00000007afc00000)
  to   space 13824K, 0% used [0x00000007ae300000,0x00000007ae300000,0x00000007af080000)
 ParOldGen       total 31744K, used 11277K [0x0000000780000000, 0x0000000781f00000, 0x00000007aab00000)
  object space 31744K, 35% used [0x0000000780000000,0x0000000780b03798,0x0000000781f00000)
 Metaspace       used 24298K, capacity 24543K, committed 24832K, reserved 1071104K
  class space    used 2398K, capacity 2484K, committed 2560K, reserved 1048576K
Event: 18.787 GC heap after
Heap after GC invocations=10 (full 1):
 PSYoungGen      total 71168K, used 12336K [0x00000007aab00000, 0x00000007b1e00000, 0x00000007c0000000)
  eden space 57344K, 0% used [0x00000007aab00000,0x00000007aab00000,0x00000007ae300000)
  from space 13824K, 89% used [0x00000007ae300000,0x00000007aef0c310,0x00000007af080000)
  to   space 15360K, 0% used [0x00000007b0f00000,0x00000007b0f00000,0x00000007b1e00000)
 ParOldGen       total 31744K, used 16119K [0x0000000780000000, 0x0000000781f00000, 0x00000007aab00000)
  object space 31744K, 50% used [0x0000000780000000,0x0000000780fbde28,0x0000000781f00000)
 Metaspace       used 24298K, capacity 24543K, committed 24832K, reserved 1071104K
  class space    used 2398K, capacity 2484K, committed 2560K, reserved 1048576K
}
Event: 27.721 GC heap before
{Heap before GC invocations=11 (full 1):
 PSYoungGen      total 71168K, used 69680K [0x00000007aab00000, 0x00000007b1e00000, 0x00000007c0000000)
  eden space 57344K, 100% used [0x00000007aab00000,0x00000007ae300000,0x00000007ae300000)
  from space 13824K, 89% used [0x00000007ae300000,0x00000007aef0c310,0x00000007af080000)
  to   space 15360K, 0% used [0x00000007b0f00000,0x00000007b0f00000,0x00000007b1e00000)
 ParOldGen       total 31744K, used 16119K [0x0000000780000000, 0x0000000781f00000, 0x00000007aab00000)
  object space 31744K, 50% used [0x0000000780000000,0x0000000780fbde28,0x0000000781f00000)
 Metaspace       used 24402K, capacity 24683K, committed 25088K, reserved 1071104K
  class space    used 2399K, capacity 2486K, committed 2560K, reserved 1048576K
Event: 27.727 GC heap after
Heap after GC invocations=11 (full 1):
 PSYoungGen      total 97280K, used 6624K [0x00000007aab00000, 0x00000007b1a80000, 0x00000007c0000000)
  eden space 85504K, 0% used [0x00000007aab00000,0x00000007aab00000,0x00000007afe80000)
  from space 11776K, 56% used [0x00000007b0f00000,0x00000007b1578190,0x00000007b1a80000)
  to   space 14336K, 0% used [0x00000007afe80000,0x00000007afe80000,0x00000007b0c80000)
 ParOldGen       total 31744K, used 21732K [0x0000000780000000, 0x0000000781f00000, 0x00000007aab00000)
  object space 31744K, 68% used [0x0000000780000000,0x00000007815393d8,0x0000000781f00000)
 Metaspace       used 24402K, capacity 24683K, committed 25088K, reserved 1071104K
  class space    used 2399K, capacity 2486K, committed 2560K, reserved 1048576K
}

