# JRE version: Java(TM) SE Runtime Environment (8.0_101-b13) (build 1.8.0_101-b13)
# Java VM: Java HotSpot(TM) 64-Bit Server VM (25.101-b13 mixed mode bsd-amd64 compressed oops)
Heap:
 PSYoungGen      total 48128K, used 10628K [0x00000007aab00000, 0x00000007ae280000, 0x00000007c0000000)
  eden space 42496K, 24% used [0x00000007aab00000,0x00000007ab5411d0,0x00000007ad480000)
  from space 5632K, 2% used [0x00000007add00000,0x00000007add20000,0x00000007ae280000)
  to   space 7168K, 0% used [0x00000007ad480000,0x00000007ad480000,0x00000007adb80000)
 ParOldGen       total 34304K, used 19650K [0x0000000780000000, 0x0000000782180000, 0x00000007aab00000)
  object space 34304K, 57% used [0x0000000780000000,0x0000000781330aa0,0x0000000782180000)
 Metaspace       used 23654K, capacity 23911K, committed 24320K, reserved 1071104K
  class space    used 2341K, capacity 2450K, committed 2560K, reserved 1048576K
GC Heap History (10 events):
Event: 181.392 GC heap before
{Heap before GC invocations=19 (full 1):
 PSYoungGen      total 49664K, used 49280K [0x00000007aab00000, 0x00000007aed00000, 0x00000007c0000000)
  eden space 49152K, 100% used [0x00000007aab00000,0x00000007adb00000,0x00000007adb00000)
  from space 512K, 25% used [0x00000007adc80000,0x00000007adca0000,0x00000007add00000)
  to   space 9216K, 0% used [0x00000007ae400000,0x00000007ae400000,0x00000007aed00000)
 ParOldGen       total 34304K, used 19650K [0x0000000780000000, 0x0000000782180000, 0x00000007aab00000)
  object space 34304K, 57% used [0x0000000780000000,0x0000000781330aa0,0x0000000782180000)
 Metaspace       used 23613K, capacity 23907K, committed 24320K, reserved 1071104K
  class space    used 2334K, capacity 2450K, committed 2560K, reserved 1048576K
Event: 181.395 GC heap after
Heap after GC invocations=19 (full 1):
 PSYoungGen      total 54272K, used 128K [0x00000007aab00000, 0x00000007aea80000, 0x00000007c0000000)
  eden space 47616K, 0% used [0x00000007aab00000,0x00000007aab00000,0x00000007ad980000)
  from space 6656K, 1% used [0x00000007ae400000,0x00000007ae420000,0x00000007aea80000)
  to   space 8704K, 0% used [0x00000007ad980000,0x00000007ad980000,0x00000007ae200000)
 ParOldGen       total 34304K, used 19650K [0x0000000780000000, 0x0000000782180000, 0x00000007aab00000)
  object space 34304K, 57% used [0x0000000780000000,0x0000000781330aa0,0x0000000782180000)
 Metaspace       used 23613K, capacity 23907K, committed 24320K, reserved 1071104K
  class space    used 2334K, capacity 2450K, committed 2560K, reserved 1048576K
}
Event: 194.196 GC heap before
{Heap before GC invocations=20 (full 1):
 PSYoungGen      total 54272K, used 47744K [0x00000007aab00000, 0x00000007aea80000, 0x00000007c0000000)
  eden space 47616K, 100% used [0x00000007aab00000,0x00000007ad980000,0x00000007ad980000)
  from space 6656K, 1% used [0x00000007ae400000,0x00000007ae420000,0x00000007aea80000)
  to   space 8704K, 0% used [0x00000007ad980000,0x00000007ad980000,0x00000007ae200000)
 ParOldGen       total 34304K, used 19650K [0x0000000780000000, 0x0000000782180000, 0x00000007aab00000)
  object space 34304K, 57% used [0x0000000780000000,0x0000000781330aa0,0x0000000782180000)
 Metaspace       used 23613K, capacity 23907K, committed 24320K, reserved 1071104K
  class space    used 2334K, capacity 2450K, committed 2560K, reserved 1048576K
Event: 194.197 GC heap after
Heap after GC invocations=20 (full 1):
 PSYoungGen      total 46592K, used 64K [0x00000007aab00000, 0x00000007ae900000, 0x00000007c0000000)
  eden space 46080K, 0% used [0x00000007aab00000,0x00000007aab00000,0x00000007ad800000)
  from space 512K, 12% used [0x00000007ad980000,0x00000007ad990000,0x00000007ada00000)
  to   space 8704K, 0% used [0x00000007ae080000,0x00000007ae080000,0x00000007ae900000)
 ParOldGen       total 34304K, used 19650K [0x0000000780000000, 0x0000000782180000, 0x00000007aab00000)
  object space 34304K, 57% used [0x0000000780000000,0x0000000781330aa0,0x0000000782180000)
 Metaspace       used 23613K, capacity 23907K, committed 24320K, reserved 1071104K
  class space    used 2334K, capacity 2450K, committed 2560K, reserved 1048576K
}
Event: 206.633 GC heap before
{Heap before GC invocations=21 (full 1):
 PSYoungGen      total 46592K, used 46144K [0x00000007aab00000, 0x00000007ae900000, 0x00000007c0000000)
  eden space 46080K, 100% used [0x00000007aab00000,0x00000007ad800000,0x00000007ad800000)
  from space 512K, 12% used [0x00000007ad980000,0x00000007ad990000,0x00000007ada00000)
  to   space 8704K, 0% used [0x00000007ae080000,0x00000007ae080000,0x00000007ae900000)
 ParOldGen       total 34304K, used 19650K [0x0000000780000000, 0x0000000782180000, 0x00000007aab00000)
  object space 34304K, 57% used [0x0000000780000000,0x0000000781330aa0,0x0000000782180000)
 Metaspace       used 23613K, capacity 23907K, committed 24320K, reserved 1071104K
  class space    used 2334K, capacity 2450K, committed 2560K, reserved 1048576K
Event: 206.635 GC heap after
Heap after GC invocations=21 (full 1):
 PSYoungGen      total 50688K, used 160K [0x00000007aab00000, 0x00000007ae680000, 0x00000007c0000000)
  eden space 44544K, 0% used [0x00000007aab00000,0x00000007aab00000,0x00000007ad680000)
  from space 6144K, 2% used [0x00000007ae080000,0x00000007ae0a8000,0x00000007ae680000)
  to   space 8192K, 0% used [0x00000007ad680000,0x00000007ad680000,0x00000007ade80000)
 ParOldGen       total 34304K, used 19650K [0x0000000780000000, 0x0000000782180000, 0x00000007aab00000)
  object space 34304K, 57% used [0x0000000780000000,0x0000000781330aa0,0x0000000782180000)
 Metaspace       used 23613K, capacity 23907K, committed 24320K, reserved 1071104K
  class space    used 2334K, capacity 2450K, committed 2560K, reserved 1048576K
}
Event: 218.550 GC heap before
{Heap before GC invocations=22 (full 1):
 PSYoungGen      total 50688K, used 44704K [0x00000007aab00000, 0x00000007ae680000, 0x00000007c0000000)
  eden space 44544K, 100% used [0x00000007aab00000,0x00000007ad680000,0x00000007ad680000)
  from space 6144K, 2% used [0x00000007ae080000,0x00000007ae0a8000,0x00000007ae680000)
  to   space 8192K, 0% used [0x00000007ad680000,0x00000007ad680000,0x00000007ade80000)
 ParOldGen       total 34304K, used 19650K [0x0000000780000000, 0x0000000782180000, 0x00000007aab00000)
  object space 34304K, 57% used [0x0000000780000000,0x0000000781330aa0,0x0000000782180000)
 Metaspace       used 23613K, capacity 23907K, committed 24320K, reserved 1071104K
  class space    used 2334K, capacity 2450K, committed 2560K, reserved 1048576K
Event: 218.553 GC heap after
Heap after GC invocations=22 (full 1):
 PSYoungGen      total 44032K, used 128K [0x00000007aab00000, 0x00000007ae480000, 0x00000007c0000000)
  eden space 43520K, 0% used [0x00000007aab00000,0x00000007aab00000,0x00000007ad580000)
  from space 512K, 25% used [0x00000007ad680000,0x00000007ad6a0000,0x00000007ad700000)
  to   space 7680K, 0% used [0x00000007add00000,0x00000007add00000,0x00000007ae480000)
 ParOldGen       total 34304K, used 19650K [0x0000000780000000, 0x0000000782180000, 0x00000007aab00000)
  object space 34304K, 57% used [0x0000000780000000,0x0000000781330aa0,0x0000000782180000)
 Metaspace       used 23613K, capacity 23907K, committed 24320K, reserved 1071104K
  class space    used 2334K, capacity 2450K, committed 2560K, reserved 1048576K
}
Event: 232.025 GC heap before
{Heap before GC invocations=23 (full 1):
 PSYoungGen      total 44032K, used 43648K [0x00000007aab00000, 0x00000007ae480000, 0x00000007c0000000)
  eden space 43520K, 100% used [0x00000007aab00000,0x00000007ad580000,0x00000007ad580000)
  from space 512K, 25% used [0x00000007ad680000,0x00000007ad6a0000,0x00000007ad700000)
  to   space 7680K, 0% used [0x00000007add00000,0x00000007add00000,0x00000007ae480000)
 ParOldGen       total 34304K, used 19650K [0x0000000780000000, 0x0000000782180000, 0x00000007aab00000)
  object space 34304K, 57% used [0x0000000780000000,0x0000000781330aa0,0x0000000782180000)
 Metaspace       used 23616K, capacity 23911K, committed 24320K, reserved 1071104K
  class space    used 2334K, capacity 2450K, committed 2560K, reserved 1048576K
Event: 232.027 GC heap after
Heap after GC invocations=23 (full 1):
 PSYoungGen      total 48128K, used 128K [0x00000007aab00000, 0x00000007ae280000, 0x00000007c0000000)
  eden space 42496K, 0% used [0x00000007aab00000,0x00000007aab00000,0x00000007ad480000)
  from space 5632K, 2% used [0x00000007add00000,0x00000007add20000,0x00000007ae280000)
  to   space 7168K, 0% used [0x00000007ad480000,0x00000007ad480000,0x00000007adb80000)
 ParOldGen       total 34304K, used 19650K [0x0000000780000000, 0x0000000782180000, 0x00000007aab00000)
  object space 34304K, 57% used [0x0000000780000000,0x0000000781330aa0,0x0000000782180000)
 Metaspace       used 23616K, capacity 23911K, committed 24320K, reserved 1071104K
  class space    used 2334K, capacity 2450K, committed 2560K, reserved 1048576K
}

