# JRE version: Java(TM) SE Runtime Environment (8.0_101-b13) (build 1.8.0_101-b13)
# Java VM: Java HotSpot(TM) 64-Bit Server VM (25.101-b13 mixed mode bsd-amd64 compressed oops)
Heap:
 PSYoungGen      total 20992K, used 16044K [0x00000007aab00000, 0x00000007acc00000, 0x00000007c0000000)
  eden space 20480K, 77% used [0x00000007aab00000,0x00000007aba83300,0x00000007abf00000)
  from space 512K, 31% used [0x00000007abf00000,0x00000007abf28000,0x00000007abf80000)
  to   space 6656K, 0% used [0x00000007ac580000,0x00000007ac580000,0x00000007acc00000)
 ParOldGen       total 33792K, used 18039K [0x0000000780000000, 0x0000000782100000, 0x00000007aab00000)
  object space 33792K, 53% used [0x0000000780000000,0x000000078119dc50,0x0000000782100000)
 Metaspace       used 23747K, capacity 24039K, committed 24320K, reserved 1071104K
  class space    used 2346K, capacity 2450K, committed 2560K, reserved 1048576K
GC Heap History (10 events):
Event: 124.854 GC heap before
{Heap before GC invocations=20 (full 1):
 PSYoungGen      total 29184K, used 22176K [0x00000007aab00000, 0x00000007ad080000, 0x00000007c0000000)
  eden space 22016K, 100% used [0x00000007aab00000,0x00000007ac080000,0x00000007ac080000)
  from space 7168K, 2% used [0x00000007ac980000,0x00000007ac9a8000,0x00000007ad080000)
  to   space 8192K, 0% used [0x00000007ac080000,0x00000007ac080000,0x00000007ac880000)
 ParOldGen       total 33792K, used 17935K [0x0000000780000000, 0x0000000782100000, 0x00000007aab00000)
  object space 33792K, 53% used [0x0000000780000000,0x0000000781183c50,0x0000000782100000)
 Metaspace       used 23621K, capacity 23911K, committed 24320K, reserved 1071104K
  class space    used 2338K, capacity 2450K, committed 2560K, reserved 1048576K
Event: 124.856 GC heap after
Heap after GC invocations=20 (full 1):
 PSYoungGen      total 22016K, used 128K [0x00000007aab00000, 0x00000007ad000000, 0x00000007c0000000)
  eden space 21504K, 0% used [0x00000007aab00000,0x00000007aab00000,0x00000007ac000000)
  from space 512K, 25% used [0x00000007ac080000,0x00000007ac0a0000,0x00000007ac100000)
  to   space 8192K, 0% used [0x00000007ac800000,0x00000007ac800000,0x00000007ad000000)
 ParOldGen       total 33792K, used 17935K [0x0000000780000000, 0x0000000782100000, 0x00000007aab00000)
  object space 33792K, 53% used [0x0000000780000000,0x0000000781183c50,0x0000000782100000)
 Metaspace       used 23621K, capacity 23911K, committed 24320K, reserved 1071104K
  class space    used 2338K, capacity 2450K, committed 2560K, reserved 1048576K
}
Event: 132.286 GC heap before
{Heap before GC invocations=21 (full 1):
 PSYoungGen      total 22016K, used 21632K [0x00000007aab00000, 0x00000007ad000000, 0x00000007c0000000)
  eden space 21504K, 100% used [0x00000007aab00000,0x00000007ac000000,0x00000007ac000000)
  from space 512K, 25% used [0x00000007ac080000,0x00000007ac0a0000,0x00000007ac100000)
  to   space 8192K, 0% used [0x00000007ac800000,0x00000007ac800000,0x00000007ad000000)
 ParOldGen       total 33792K, used 17935K [0x0000000780000000, 0x0000000782100000, 0x00000007aab00000)
  object space 33792K, 53% used [0x0000000780000000,0x0000000781183c50,0x0000000782100000)
 Metaspace       used 23639K, capacity 23911K, committed 24320K, reserved 1071104K
  class space    used 2338K, capacity 2450K, committed 2560K, reserved 1048576K
Event: 132.287 GC heap after
Heap after GC invocations=21 (full 1):
 PSYoungGen      total 27648K, used 192K [0x00000007aab00000, 0x00000007ace80000, 0x00000007c0000000)
  eden space 20992K, 0% used [0x00000007aab00000,0x00000007aab00000,0x00000007abf80000)
  from space 6656K, 2% used [0x00000007ac800000,0x00000007ac830000,0x00000007ace80000)
  to   space 7680K, 0% used [0x00000007abf80000,0x00000007abf80000,0x00000007ac700000)
 ParOldGen       total 33792K, used 17943K [0x0000000780000000, 0x0000000782100000, 0x00000007aab00000)
  object space 33792K, 53% used [0x0000000780000000,0x0000000781185c50,0x0000000782100000)
 Metaspace       used 23639K, capacity 23911K, committed 24320K, reserved 1071104K
  class space    used 2338K, capacity 2450K, committed 2560K, reserved 1048576K
}
Event: 139.572 GC heap before
{Heap before GC invocations=22 (full 1):
 PSYoungGen      total 27648K, used 21184K [0x00000007aab00000, 0x00000007ace80000, 0x00000007c0000000)
  eden space 20992K, 100% used [0x00000007aab00000,0x00000007abf80000,0x00000007abf80000)
  from space 6656K, 2% used [0x00000007ac800000,0x00000007ac830000,0x00000007ace80000)
  to   space 7680K, 0% used [0x00000007abf80000,0x00000007abf80000,0x00000007ac700000)
 ParOldGen       total 33792K, used 17943K [0x0000000780000000, 0x0000000782100000, 0x00000007aab00000)
  object space 33792K, 53% used [0x0000000780000000,0x0000000781185c50,0x0000000782100000)
 Metaspace       used 23639K, capacity 23911K, committed 24320K, reserved 1071104K
  class space    used 2338K, capacity 2450K, committed 2560K, reserved 1048576K
Event: 139.574 GC heap after
Heap after GC invocations=22 (full 1):
 PSYoungGen      total 20992K, used 160K [0x00000007aab00000, 0x00000007acd00000, 0x00000007c0000000)
  eden space 20480K, 0% used [0x00000007aab00000,0x00000007aab00000,0x00000007abf00000)
  from space 512K, 31% used [0x00000007abf80000,0x00000007abfa8000,0x00000007ac000000)
  to   space 7168K, 0% used [0x00000007ac600000,0x00000007ac600000,0x00000007acd00000)
 ParOldGen       total 33792K, used 17951K [0x0000000780000000, 0x0000000782100000, 0x00000007aab00000)
  object space 33792K, 53% used [0x0000000780000000,0x0000000781187c50,0x0000000782100000)
 Metaspace       used 23639K, capacity 23911K, committed 24320K, reserved 1071104K
  class space    used 2338K, capacity 2450K, committed 2560K, reserved 1048576K
}
Event: 146.674 GC heap before
{Heap before GC invocations=23 (full 1):
 PSYoungGen      total 20992K, used 20640K [0x00000007aab00000, 0x00000007acd00000, 0x00000007c0000000)
  eden space 20480K, 100% used [0x00000007aab00000,0x00000007abf00000,0x00000007abf00000)
  from space 512K, 31% used [0x00000007abf80000,0x00000007abfa8000,0x00000007ac000000)
  to   space 7168K, 0% used [0x00000007ac600000,0x00000007ac600000,0x00000007acd00000)
 ParOldGen       total 33792K, used 17951K [0x0000000780000000, 0x0000000782100000, 0x00000007aab00000)
  object space 33792K, 53% used [0x0000000780000000,0x0000000781187c50,0x0000000782100000)
 Metaspace       used 23639K, capacity 23911K, committed 24320K, reserved 1071104K
  class space    used 2338K, capacity 2450K, committed 2560K, reserved 1048576K
Event: 146.675 GC heap after
Heap after GC invocations=23 (full 1):
 PSYoungGen      total 27648K, used 160K [0x00000007aab00000, 0x00000007acd00000, 0x00000007c0000000)
  eden space 20480K, 0% used [0x00000007aab00000,0x00000007aab00000,0x00000007abf00000)
  from space 7168K, 2% used [0x00000007ac600000,0x00000007ac628000,0x00000007acd00000)
  to   space 7168K, 0% used [0x00000007abf00000,0x00000007abf00000,0x00000007ac600000)
 ParOldGen       total 33792K, used 17999K [0x0000000780000000, 0x0000000782100000, 0x00000007aab00000)
  object space 33792K, 53% used [0x0000000780000000,0x0000000781193c50,0x0000000782100000)
 Metaspace       used 23639K, capacity 23911K, committed 24320K, reserved 1071104K
  class space    used 2338K, capacity 2450K, committed 2560K, reserved 1048576K
}
Event: 153.733 GC heap before
{Heap before GC invocations=24 (full 1):
 PSYoungGen      total 27648K, used 20640K [0x00000007aab00000, 0x00000007acd00000, 0x00000007c0000000)
  eden space 20480K, 100% used [0x00000007aab00000,0x00000007abf00000,0x00000007abf00000)
  from space 7168K, 2% used [0x00000007ac600000,0x00000007ac628000,0x00000007acd00000)
  to   space 7168K, 0% used [0x00000007abf00000,0x00000007abf00000,0x00000007ac600000)
 ParOldGen       total 33792K, used 17999K [0x0000000780000000, 0x0000000782100000, 0x00000007aab00000)
  object space 33792K, 53% used [0x0000000780000000,0x0000000781193c50,0x0000000782100000)
 Metaspace       used 23712K, capacity 24039K, committed 24320K, reserved 1071104K
  class space    used 2338K, capacity 2450K, committed 2560K, reserved 1048576K
Event: 153.734 GC heap after
Heap after GC invocations=24 (full 1):
 PSYoungGen      total 20992K, used 160K [0x00000007aab00000, 0x00000007acc00000, 0x00000007c0000000)
  eden space 20480K, 0% used [0x00000007aab00000,0x00000007aab00000,0x00000007abf00000)
  from space 512K, 31% used [0x00000007abf00000,0x00000007abf28000,0x00000007abf80000)
  to   space 6656K, 0% used [0x00000007ac580000,0x00000007ac580000,0x00000007acc00000)
 ParOldGen       total 33792K, used 18039K [0x0000000780000000, 0x0000000782100000, 0x00000007aab00000)
  object space 33792K, 53% used [0x0000000780000000,0x000000078119dc50,0x0000000782100000)
 Metaspace       used 23712K, capacity 24039K, committed 24320K, reserved 1071104K
  class space    used 2338K, capacity 2450K, committed 2560K, reserved 1048576K
}

