# JRE version: Java(TM) SE Runtime Environment (8.0_101-b13) (build 1.8.0_101-b13)
# Java VM: Java HotSpot(TM) 64-Bit Server VM (25.101-b13 mixed mode bsd-amd64 compressed oops)
Heap:
 PSYoungGen      total 35840K, used 8937K [0x00000007aab00000, 0x00000007ad900000, 0x00000007c0000000)
  eden space 26624K, 33% used [0x00000007aab00000,0x00000007ab3a2660,0x00000007ac500000)
  from space 9216K, 1% used [0x00000007ad000000,0x00000007ad018000,0x00000007ad900000)
  to   space 10240K, 0% used [0x00000007ac500000,0x00000007ac500000,0x00000007acf00000)
 ParOldGen       total 44032K, used 21002K [0x0000000780000000, 0x0000000782b00000, 0x00000007aab00000)
  object space 44032K, 47% used [0x0000000780000000,0x0000000781482a80,0x0000000782b00000)
 Metaspace       used 20880K, capacity 21083K, committed 21296K, reserved 1069056K
  class space    used 2042K, capacity 2112K, committed 2176K, reserved 1048576K
GC Heap History (10 events):
Event: 77.756 GC heap before
{Heap before GC invocations=10 (full 0):
 PSYoungGen      total 29696K, used 29280K [0x00000007aab00000, 0x00000007add80000, 0x00000007c0000000)
  eden space 29184K, 100% used [0x00000007aab00000,0x00000007ac780000,0x00000007ac780000)
  from space 512K, 18% used [0x00000007ac800000,0x00000007ac818000,0x00000007ac880000)
  to   space 11264K, 0% used [0x00000007ad280000,0x00000007ad280000,0x00000007add80000)
 ParOldGen       total 44032K, used 20938K [0x0000000780000000, 0x0000000782b00000, 0x00000007aab00000)
  object space 44032K, 47% used [0x0000000780000000,0x0000000781472a80,0x0000000782b00000)
 Metaspace       used 20848K, capacity 21019K, committed 21296K, reserved 1069056K
  class space    used 2036K, capacity 2112K, committed 2176K, reserved 1048576K
Event: 77.760 GC heap after
Heap after GC invocations=10 (full 0):
 PSYoungGen      total 39424K, used 96K [0x00000007aab00000, 0x00000007add00000, 0x00000007c0000000)
  eden space 28672K, 0% used [0x00000007aab00000,0x00000007aab00000,0x00000007ac700000)
  from space 10752K, 0% used [0x00000007ad280000,0x00000007ad298000,0x00000007add00000)
  to   space 11264K, 0% used [0x00000007ac700000,0x00000007ac700000,0x00000007ad200000)
 ParOldGen       total 44032K, used 20970K [0x0000000780000000, 0x0000000782b00000, 0x00000007aab00000)
  object space 44032K, 47% used [0x0000000780000000,0x000000078147aa80,0x0000000782b00000)
 Metaspace       used 20848K, capacity 21019K, committed 21296K, reserved 1069056K
  class space    used 2036K, capacity 2112K, committed 2176K, reserved 1048576K
}
Event: 89.992 GC heap before
{Heap before GC invocations=11 (full 0):
 PSYoungGen      total 39424K, used 28768K [0x00000007aab00000, 0x00000007add00000, 0x00000007c0000000)
  eden space 28672K, 100% used [0x00000007aab00000,0x00000007ac700000,0x00000007ac700000)
  from space 10752K, 0% used [0x00000007ad280000,0x00000007ad298000,0x00000007add00000)
  to   space 11264K, 0% used [0x00000007ac700000,0x00000007ac700000,0x00000007ad200000)
 ParOldGen       total 44032K, used 20970K [0x0000000780000000, 0x0000000782b00000, 0x00000007aab00000)
  object space 44032K, 47% used [0x0000000780000000,0x000000078147aa80,0x0000000782b00000)
 Metaspace       used 20848K, capacity 21019K, committed 21296K, reserved 1069056K
  class space    used 2036K, capacity 2112K, committed 2176K, reserved 1048576K
Event: 89.997 GC heap after
Heap after GC invocations=11 (full 0):
 PSYoungGen      total 28672K, used 64K [0x00000007aab00000, 0x00000007adc80000, 0x00000007c0000000)
  eden space 28160K, 0% used [0x00000007aab00000,0x00000007aab00000,0x00000007ac680000)
  from space 512K, 12% used [0x00000007ac700000,0x00000007ac710000,0x00000007ac780000)
  to   space 11264K, 0% used [0x00000007ad180000,0x00000007ad180000,0x00000007adc80000)
 ParOldGen       total 44032K, used 20986K [0x0000000780000000, 0x0000000782b00000, 0x00000007aab00000)
  object space 44032K, 47% used [0x0000000780000000,0x000000078147ea80,0x0000000782b00000)
 Metaspace       used 20848K, capacity 21019K, committed 21296K, reserved 1069056K
  class space    used 2036K, capacity 2112K, committed 2176K, reserved 1048576K
}
Event: 102.513 GC heap before
{Heap before GC invocations=12 (full 0):
 PSYoungGen      total 28672K, used 28224K [0x00000007aab00000, 0x00000007adc80000, 0x00000007c0000000)
  eden space 28160K, 100% used [0x00000007aab00000,0x00000007ac680000,0x00000007ac680000)
  from space 512K, 12% used [0x00000007ac700000,0x00000007ac710000,0x00000007ac780000)
  to   space 11264K, 0% used [0x00000007ad180000,0x00000007ad180000,0x00000007adc80000)
 ParOldGen       total 44032K, used 20986K [0x0000000780000000, 0x0000000782b00000, 0x00000007aab00000)
  object space 44032K, 47% used [0x0000000780000000,0x000000078147ea80,0x0000000782b00000)
 Metaspace       used 20848K, capacity 21019K, committed 21296K, reserved 1069056K
  class space    used 2036K, capacity 2112K, committed 2176K, reserved 1048576K
Event: 102.517 GC heap after
Heap after GC invocations=12 (full 0):
 PSYoungGen      total 38400K, used 64K [0x00000007aab00000, 0x00000007adc00000, 0x00000007c0000000)
  eden space 27648K, 0% used [0x00000007aab00000,0x00000007aab00000,0x00000007ac600000)
  from space 10752K, 0% used [0x00000007ad180000,0x00000007ad190000,0x00000007adc00000)
  to   space 11264K, 0% used [0x00000007ac600000,0x00000007ac600000,0x00000007ad100000)
 ParOldGen       total 44032K, used 20994K [0x0000000780000000, 0x0000000782b00000, 0x00000007aab00000)
  object space 44032K, 47% used [0x0000000780000000,0x0000000781480a80,0x0000000782b00000)
 Metaspace       used 20848K, capacity 21019K, committed 21296K, reserved 1069056K
  class space    used 2036K, capacity 2112K, committed 2176K, reserved 1048576K
}
Event: 114.485 GC heap before
{Heap before GC invocations=13 (full 0):
 PSYoungGen      total 38400K, used 27712K [0x00000007aab00000, 0x00000007adc00000, 0x00000007c0000000)
  eden space 27648K, 100% used [0x00000007aab00000,0x00000007ac600000,0x00000007ac600000)
  from space 10752K, 0% used [0x00000007ad180000,0x00000007ad190000,0x00000007adc00000)
  to   space 11264K, 0% used [0x00000007ac600000,0x00000007ac600000,0x00000007ad100000)
 ParOldGen       total 44032K, used 20994K [0x0000000780000000, 0x0000000782b00000, 0x00000007aab00000)
  object space 44032K, 47% used [0x0000000780000000,0x0000000781480a80,0x0000000782b00000)
 Metaspace       used 20848K, capacity 21019K, committed 21296K, reserved 1069056K
  class space    used 2036K, capacity 2112K, committed 2176K, reserved 1048576K
Event: 114.489 GC heap after
Heap after GC invocations=13 (full 0):
 PSYoungGen      total 27648K, used 64K [0x00000007aab00000, 0x00000007ada80000, 0x00000007c0000000)
  eden space 27136K, 0% used [0x00000007aab00000,0x00000007aab00000,0x00000007ac580000)
  from space 512K, 12% used [0x00000007ac600000,0x00000007ac610000,0x00000007ac680000)
  to   space 10752K, 0% used [0x00000007ad000000,0x00000007ad000000,0x00000007ada80000)
 ParOldGen       total 44032K, used 21002K [0x0000000780000000, 0x0000000782b00000, 0x00000007aab00000)
  object space 44032K, 47% used [0x0000000780000000,0x0000000781482a80,0x0000000782b00000)
 Metaspace       used 20848K, capacity 21019K, committed 21296K, reserved 1069056K
  class space    used 2036K, capacity 2112K, committed 2176K, reserved 1048576K
}
Event: 126.223 GC heap before
{Heap before GC invocations=14 (full 0):
 PSYoungGen      total 27648K, used 27200K [0x00000007aab00000, 0x00000007ada80000, 0x00000007c0000000)
  eden space 27136K, 100% used [0x00000007aab00000,0x00000007ac580000,0x00000007ac580000)
  from space 512K, 12% used [0x00000007ac600000,0x00000007ac610000,0x00000007ac680000)
  to   space 10752K, 0% used [0x00000007ad000000,0x00000007ad000000,0x00000007ada80000)
 ParOldGen       total 44032K, used 21002K [0x0000000780000000, 0x0000000782b00000, 0x00000007aab00000)
  object space 44032K, 47% used [0x0000000780000000,0x0000000781482a80,0x0000000782b00000)
 Metaspace       used 20848K, capacity 21019K, committed 21296K, reserved 1069056K
  class space    used 2036K, capacity 2112K, committed 2176K, reserved 1048576K
Event: 126.226 GC heap after
Heap after GC invocations=14 (full 0):
 PSYoungGen      total 35840K, used 96K [0x00000007aab00000, 0x00000007ad900000, 0x00000007c0000000)
  eden space 26624K, 0% used [0x00000007aab00000,0x00000007aab00000,0x00000007ac500000)
  from space 9216K, 1% used [0x00000007ad000000,0x00000007ad018000,0x00000007ad900000)
  to   space 10240K, 0% used [0x00000007ac500000,0x00000007ac500000,0x00000007acf00000)
 ParOldGen       total 44032K, used 21002K [0x0000000780000000, 0x0000000782b00000, 0x00000007aab00000)
  object space 44032K, 47% used [0x0000000780000000,0x0000000781482a80,0x0000000782b00000)
 Metaspace       used 20848K, capacity 21019K, committed 21296K, reserved 1069056K
  class space    used 2036K, capacity 2112K, committed 2176K, reserved 1048576K
}

