# JRE version: Java(TM) SE Runtime Environment (8.0_101-b13) (build 1.8.0_101-b13)
# Java VM: Java HotSpot(TM) 64-Bit Server VM (25.101-b13 mixed mode bsd-amd64 compressed oops)
Heap:
 PSYoungGen      total 54272K, used 33645K [0x00000007aab00000, 0x00000007af580000, 0x00000007c0000000)
  eden space 42496K, 51% used [0x00000007aab00000,0x00000007ac063208,0x00000007ad480000)
  from space 11776K, 99% used [0x00000007ad680000,0x00000007ae1f8350,0x00000007ae200000)
  to   space 16896K, 0% used [0x00000007ae500000,0x00000007ae500000,0x00000007af580000)
 ParOldGen       total 39936K, used 32427K [0x0000000780000000, 0x0000000782700000, 0x00000007aab00000)
  object space 39936K, 81% used [0x0000000780000000,0x0000000781faad30,0x0000000782700000)
 Metaspace       used 24419K, capacity 24631K, committed 25088K, reserved 1071104K
  class space    used 2377K, capacity 2452K, committed 2560K, reserved 1048576K
GC Heap History (10 events):
Event: 31.255 GC heap before
{Heap before GC invocations=14 (full 1):
 PSYoungGen      total 57344K, used 55040K [0x00000007aab00000, 0x00000007aef80000, 0x00000007c0000000)
  eden space 46592K, 100% used [0x00000007aab00000,0x00000007ad880000,0x00000007ad880000)
  from space 10752K, 78% used [0x00000007ae500000,0x00000007aed40280,0x00000007aef80000)
  to   space 11776K, 0% used [0x00000007ad880000,0x00000007ad880000,0x00000007ae400000)
 ParOldGen       total 39936K, used 19234K [0x0000000780000000, 0x0000000782700000, 0x00000007aab00000)
  object space 39936K, 48% used [0x0000000780000000,0x00000007812c8910,0x0000000782700000)
 Metaspace       used 24281K, capacity 24503K, committed 24832K, reserved 1071104K
  class space    used 2369K, capacity 2452K, committed 2560K, reserved 1048576K
Event: 31.260 GC heap after
Heap after GC invocations=14 (full 1):
 PSYoungGen      total 58368K, used 11760K [0x00000007aab00000, 0x00000007af900000, 0x00000007c0000000)
  eden space 46592K, 0% used [0x00000007aab00000,0x00000007aab00000,0x00000007ad880000)
  from space 11776K, 99% used [0x00000007ad880000,0x00000007ae3fc350,0x00000007ae400000)
  to   space 12800K, 0% used [0x00000007aec80000,0x00000007aec80000,0x00000007af900000)
 ParOldGen       total 39936K, used 21290K [0x0000000780000000, 0x0000000782700000, 0x00000007aab00000)
  object space 39936K, 53% used [0x0000000780000000,0x00000007814ca990,0x0000000782700000)
 Metaspace       used 24281K, capacity 24503K, committed 24832K, reserved 1071104K
  class space    used 2369K, capacity 2452K, committed 2560K, reserved 1048576K
}
Event: 35.159 GC heap before
{Heap before GC invocations=15 (full 1):
 PSYoungGen      total 58368K, used 58352K [0x00000007aab00000, 0x00000007af900000, 0x00000007c0000000)
  eden space 46592K, 100% used [0x00000007aab00000,0x00000007ad880000,0x00000007ad880000)
  from space 11776K, 99% used [0x00000007ad880000,0x00000007ae3fc350,0x00000007ae400000)
  to   space 12800K, 0% used [0x00000007aec80000,0x00000007aec80000,0x00000007af900000)
 ParOldGen       total 39936K, used 21290K [0x0000000780000000, 0x0000000782700000, 0x00000007aab00000)
  object space 39936K, 53% used [0x0000000780000000,0x00000007814ca990,0x0000000782700000)
 Metaspace       used 24288K, capacity 24567K, committed 24832K, reserved 1071104K
  class space    used 2369K, capacity 2452K, committed 2560K, reserved 1048576K
Event: 35.167 GC heap after
Heap after GC invocations=15 (full 1):
 PSYoungGen      total 58368K, used 12784K [0x00000007aab00000, 0x00000007af900000, 0x00000007c0000000)
  eden space 45568K, 0% used [0x00000007aab00000,0x00000007aab00000,0x00000007ad780000)
  from space 12800K, 99% used [0x00000007aec80000,0x00000007af8fc390,0x00000007af900000)
  to   space 14336K, 0% used [0x00000007add00000,0x00000007add00000,0x00000007aeb00000)
 ParOldGen       total 39936K, used 21810K [0x0000000780000000, 0x0000000782700000, 0x00000007aab00000)
  object space 39936K, 54% used [0x0000000780000000,0x000000078154c9b0,0x0000000782700000)
 Metaspace       used 24288K, capacity 24567K, committed 24832K, reserved 1071104K
  class space    used 2369K, capacity 2452K, committed 2560K, reserved 1048576K
}
Event: 37.871 GC heap before
{Heap before GC invocations=16 (full 1):
 PSYoungGen      total 58368K, used 58132K [0x00000007aab00000, 0x00000007af900000, 0x00000007c0000000)
  eden space 45568K, 99% used [0x00000007aab00000,0x00000007ad748ce0,0x00000007ad780000)
  from space 12800K, 99% used [0x00000007aec80000,0x00000007af8fc390,0x00000007af900000)
  to   space 14336K, 0% used [0x00000007add00000,0x00000007add00000,0x00000007aeb00000)
 ParOldGen       total 39936K, used 21810K [0x0000000780000000, 0x0000000782700000, 0x00000007aab00000)
  object space 39936K, 54% used [0x0000000780000000,0x000000078154c9b0,0x0000000782700000)
 Metaspace       used 24319K, capacity 24567K, committed 24832K, reserved 1071104K
  class space    used 2369K, capacity 2452K, committed 2560K, reserved 1048576K
Event: 37.877 GC heap after
Heap after GC invocations=16 (full 1):
 PSYoungGen      total 58880K, used 14305K [0x00000007aab00000, 0x00000007af680000, 0x00000007c0000000)
  eden space 44544K, 0% used [0x00000007aab00000,0x00000007aab00000,0x00000007ad680000)
  from space 14336K, 99% used [0x00000007add00000,0x00000007aeaf8410,0x00000007aeb00000)
  to   space 11776K, 0% used [0x00000007aeb00000,0x00000007aeb00000,0x00000007af680000)
 ParOldGen       total 39936K, used 25242K [0x0000000780000000, 0x0000000782700000, 0x00000007aab00000)
  object space 39936K, 63% used [0x0000000780000000,0x00000007818a6b70,0x0000000782700000)
 Metaspace       used 24319K, capacity 24567K, committed 24832K, reserved 1071104K
  class space    used 2369K, capacity 2452K, committed 2560K, reserved 1048576K
}
Event: 40.196 GC heap before
{Heap before GC invocations=17 (full 1):
 PSYoungGen      total 58880K, used 58849K [0x00000007aab00000, 0x00000007af680000, 0x00000007c0000000)
  eden space 44544K, 100% used [0x00000007aab00000,0x00000007ad680000,0x00000007ad680000)
  from space 14336K, 99% used [0x00000007add00000,0x00000007aeaf8410,0x00000007aeb00000)
  to   space 11776K, 0% used [0x00000007aeb00000,0x00000007aeb00000,0x00000007af680000)
 ParOldGen       total 39936K, used 25242K [0x0000000780000000, 0x0000000782700000, 0x00000007aab00000)
  object space 39936K, 63% used [0x0000000780000000,0x00000007818a6b70,0x0000000782700000)
 Metaspace       used 24383K, capacity 24631K, committed 25088K, reserved 1071104K
  class space    used 2369K, capacity 2452K, committed 2560K, reserved 1048576K
Event: 40.202 GC heap after
Heap after GC invocations=17 (full 1):
 PSYoungGen      total 55296K, used 11712K [0x00000007aab00000, 0x00000007af680000, 0x00000007c0000000)
  eden space 43520K, 0% used [0x00000007aab00000,0x00000007aab00000,0x00000007ad580000)
  from space 11776K, 99% used [0x00000007aeb00000,0x00000007af670350,0x00000007af680000)
  to   space 16384K, 0% used [0x00000007ad680000,0x00000007ad680000,0x00000007ae680000)
 ParOldGen       total 39936K, used 32419K [0x0000000780000000, 0x0000000782700000, 0x00000007aab00000)
  object space 39936K, 81% used [0x0000000780000000,0x0000000781fa8d30,0x0000000782700000)
 Metaspace       used 24383K, capacity 24631K, committed 25088K, reserved 1071104K
  class space    used 2369K, capacity 2452K, committed 2560K, reserved 1048576K
}
Event: 45.788 GC heap before
{Heap before GC invocations=18 (full 1):
 PSYoungGen      total 55296K, used 55232K [0x00000007aab00000, 0x00000007af680000, 0x00000007c0000000)
  eden space 43520K, 100% used [0x00000007aab00000,0x00000007ad580000,0x00000007ad580000)
  from space 11776K, 99% used [0x00000007aeb00000,0x00000007af670350,0x00000007af680000)
  to   space 16384K, 0% used [0x00000007ad680000,0x00000007ad680000,0x00000007ae680000)
 ParOldGen       total 39936K, used 32419K [0x0000000780000000, 0x0000000782700000, 0x00000007aab00000)
  object space 39936K, 81% used [0x0000000780000000,0x0000000781fa8d30,0x0000000782700000)
 Metaspace       used 24384K, capacity 24631K, committed 25088K, reserved 1071104K
  class space    used 2369K, capacity 2452K, committed 2560K, reserved 1048576K
Event: 45.792 GC heap after
Heap after GC invocations=18 (full 1):
 PSYoungGen      total 54272K, used 11744K [0x00000007aab00000, 0x00000007af580000, 0x00000007c0000000)
  eden space 42496K, 0% used [0x00000007aab00000,0x00000007aab00000,0x00000007ad480000)
  from space 11776K, 99% used [0x00000007ad680000,0x00000007ae1f8350,0x00000007ae200000)
  to   space 16896K, 0% used [0x00000007ae500000,0x00000007ae500000,0x00000007af580000)
 ParOldGen       total 39936K, used 32427K [0x0000000780000000, 0x0000000782700000, 0x00000007aab00000)
  object space 39936K, 81% used [0x0000000780000000,0x0000000781faad30,0x0000000782700000)
 Metaspace       used 24384K, capacity 24631K, committed 25088K, reserved 1071104K
  class space    used 2369K, capacity 2452K, committed 2560K, reserved 1048576K
}

