# JRE version: Java(TM) SE Runtime Environment (8.0_101-b13) (build 1.8.0_101-b13)
# Java VM: Java HotSpot(TM) 64-Bit Server VM (25.101-b13 mixed mode bsd-amd64 compressed oops)
Heap:
 PSYoungGen      total 25600K, used 11404K [0x00000007aab00000, 0x00000007ac600000, 0x00000007c0000000)
  eden space 24064K, 47% used [0x00000007aab00000,0x00000007ab613040,0x00000007ac280000)
  from space 1536K, 4% used [0x00000007ac300000,0x00000007ac310000,0x00000007ac480000)
  to   space 1536K, 0% used [0x00000007ac480000,0x00000007ac480000,0x00000007ac600000)
 ParOldGen       total 39936K, used 20285K [0x0000000780000000, 0x0000000782700000, 0x00000007aab00000)
  object space 39936K, 50% used [0x0000000780000000,0x00000007813cf780,0x0000000782700000)
 Metaspace       used 24003K, capacity 24241K, committed 24576K, reserved 1071104K
  class space    used 2373K, capacity 2451K, committed 2560K, reserved 1048576K
GC Heap History (10 events):
Event: 420.648 GC heap before
{Heap before GC invocations=50 (full 1):
 PSYoungGen      total 28160K, used 26720K [0x00000007aab00000, 0x00000007ac900000, 0x00000007c0000000)
  eden space 26624K, 100% used [0x00000007aab00000,0x00000007ac500000,0x00000007ac500000)
  from space 1536K, 6% used [0x00000007ac780000,0x00000007ac798000,0x00000007ac900000)
  to   space 2048K, 0% used [0x00000007ac500000,0x00000007ac500000,0x00000007ac700000)
 ParOldGen       total 39936K, used 20285K [0x0000000780000000, 0x0000000782700000, 0x00000007aab00000)
  object space 39936K, 50% used [0x0000000780000000,0x00000007813cf780,0x0000000782700000)
 Metaspace       used 23974K, capacity 24241K, committed 24576K, reserved 1071104K
  class space    used 2366K, capacity 2451K, committed 2560K, reserved 1048576K
Event: 420.652 GC heap after
Heap after GC invocations=50 (full 1):
 PSYoungGen      total 26624K, used 128K [0x00000007aab00000, 0x00000007ac880000, 0x00000007c0000000)
  eden space 26112K, 0% used [0x00000007aab00000,0x00000007aab00000,0x00000007ac480000)
  from space 512K, 25% used [0x00000007ac500000,0x00000007ac520000,0x00000007ac580000)
  to   space 2048K, 0% used [0x00000007ac680000,0x00000007ac680000,0x00000007ac880000)
 ParOldGen       total 39936K, used 20285K [0x0000000780000000, 0x0000000782700000, 0x00000007aab00000)
  object space 39936K, 50% used [0x0000000780000000,0x00000007813cf780,0x0000000782700000)
 Metaspace       used 23974K, capacity 24241K, committed 24576K, reserved 1071104K
  class space    used 2366K, capacity 2451K, committed 2560K, reserved 1048576K
}
Event: 429.826 GC heap before
{Heap before GC invocations=51 (full 1):
 PSYoungGen      total 26624K, used 26240K [0x00000007aab00000, 0x00000007ac880000, 0x00000007c0000000)
  eden space 26112K, 100% used [0x00000007aab00000,0x00000007ac480000,0x00000007ac480000)
  from space 512K, 25% used [0x00000007ac500000,0x00000007ac520000,0x00000007ac580000)
  to   space 2048K, 0% used [0x00000007ac680000,0x00000007ac680000,0x00000007ac880000)
 ParOldGen       total 39936K, used 20285K [0x0000000780000000, 0x0000000782700000, 0x00000007aab00000)
  object space 39936K, 50% used [0x0000000780000000,0x00000007813cf780,0x0000000782700000)
 Metaspace       used 23974K, capacity 24241K, committed 24576K, reserved 1071104K
  class space    used 2366K, capacity 2451K, committed 2560K, reserved 1048576K
Event: 429.828 GC heap after
Heap after GC invocations=51 (full 1):
 PSYoungGen      total 26112K, used 64K [0x00000007aab00000, 0x00000007ac700000, 0x00000007c0000000)
  eden space 25600K, 0% used [0x00000007aab00000,0x00000007aab00000,0x00000007ac400000)
  from space 512K, 12% used [0x00000007ac680000,0x00000007ac690000,0x00000007ac700000)
  to   space 1536K, 0% used [0x00000007ac400000,0x00000007ac400000,0x00000007ac580000)
 ParOldGen       total 39936K, used 20285K [0x0000000780000000, 0x0000000782700000, 0x00000007aab00000)
  object space 39936K, 50% used [0x0000000780000000,0x00000007813cf780,0x0000000782700000)
 Metaspace       used 23974K, capacity 24241K, committed 24576K, reserved 1071104K
  class space    used 2366K, capacity 2451K, committed 2560K, reserved 1048576K
}
Event: 439.038 GC heap before
{Heap before GC invocations=52 (full 1):
 PSYoungGen      total 26112K, used 25664K [0x00000007aab00000, 0x00000007ac700000, 0x00000007c0000000)
  eden space 25600K, 100% used [0x00000007aab00000,0x00000007ac400000,0x00000007ac400000)
  from space 512K, 12% used [0x00000007ac680000,0x00000007ac690000,0x00000007ac700000)
  to   space 1536K, 0% used [0x00000007ac400000,0x00000007ac400000,0x00000007ac580000)
 ParOldGen       total 39936K, used 20285K [0x0000000780000000, 0x0000000782700000, 0x00000007aab00000)
  object space 39936K, 50% used [0x0000000780000000,0x00000007813cf780,0x0000000782700000)
 Metaspace       used 23974K, capacity 24241K, committed 24576K, reserved 1071104K
  class space    used 2366K, capacity 2451K, committed 2560K, reserved 1048576K
Event: 439.040 GC heap after
Heap after GC invocations=52 (full 1):
 PSYoungGen      total 26624K, used 64K [0x00000007aab00000, 0x00000007ac700000, 0x00000007c0000000)
  eden space 25088K, 0% used [0x00000007aab00000,0x00000007aab00000,0x00000007ac380000)
  from space 1536K, 4% used [0x00000007ac400000,0x00000007ac410000,0x00000007ac580000)
  to   space 1536K, 0% used [0x00000007ac580000,0x00000007ac580000,0x00000007ac700000)
 ParOldGen       total 39936K, used 20285K [0x0000000780000000, 0x0000000782700000, 0x00000007aab00000)
  object space 39936K, 50% used [0x0000000780000000,0x00000007813cf780,0x0000000782700000)
 Metaspace       used 23974K, capacity 24241K, committed 24576K, reserved 1071104K
  class space    used 2366K, capacity 2451K, committed 2560K, reserved 1048576K
}
Event: 448.034 GC heap before
{Heap before GC invocations=53 (full 1):
 PSYoungGen      total 26624K, used 25152K [0x00000007aab00000, 0x00000007ac700000, 0x00000007c0000000)
  eden space 25088K, 100% used [0x00000007aab00000,0x00000007ac380000,0x00000007ac380000)
  from space 1536K, 4% used [0x00000007ac400000,0x00000007ac410000,0x00000007ac580000)
  to   space 1536K, 0% used [0x00000007ac580000,0x00000007ac580000,0x00000007ac700000)
 ParOldGen       total 39936K, used 20285K [0x0000000780000000, 0x0000000782700000, 0x00000007aab00000)
  object space 39936K, 50% used [0x0000000780000000,0x00000007813cf780,0x0000000782700000)
 Metaspace       used 23974K, capacity 24241K, committed 24576K, reserved 1071104K
  class space    used 2366K, capacity 2451K, committed 2560K, reserved 1048576K
Event: 448.036 GC heap after
Heap after GC invocations=53 (full 1):
 PSYoungGen      total 25088K, used 96K [0x00000007aab00000, 0x00000007ac600000, 0x00000007c0000000)
  eden space 24576K, 0% used [0x00000007aab00000,0x00000007aab00000,0x00000007ac300000)
  from space 512K, 18% used [0x00000007ac580000,0x00000007ac598000,0x00000007ac600000)
  to   space 1536K, 0% used [0x00000007ac300000,0x00000007ac300000,0x00000007ac480000)
 ParOldGen       total 39936K, used 20285K [0x0000000780000000, 0x0000000782700000, 0x00000007aab00000)
  object space 39936K, 50% used [0x0000000780000000,0x00000007813cf780,0x0000000782700000)
 Metaspace       used 23974K, capacity 24241K, committed 24576K, reserved 1071104K
  class space    used 2366K, capacity 2451K, committed 2560K, reserved 1048576K
}
Event: 456.379 GC heap before
{Heap before GC invocations=54 (full 1):
 PSYoungGen      total 25088K, used 24672K [0x00000007aab00000, 0x00000007ac600000, 0x00000007c0000000)
  eden space 24576K, 100% used [0x00000007aab00000,0x00000007ac300000,0x00000007ac300000)
  from space 512K, 18% used [0x00000007ac580000,0x00000007ac598000,0x00000007ac600000)
  to   space 1536K, 0% used [0x00000007ac300000,0x00000007ac300000,0x00000007ac480000)
 ParOldGen       total 39936K, used 20285K [0x0000000780000000, 0x0000000782700000, 0x00000007aab00000)
  object space 39936K, 50% used [0x0000000780000000,0x00000007813cf780,0x0000000782700000)
 Metaspace       used 23974K, capacity 24241K, committed 24576K, reserved 1071104K
  class space    used 2366K, capacity 2451K, committed 2560K, reserved 1048576K
Event: 456.382 GC heap after
Heap after GC invocations=54 (full 1):
 PSYoungGen      total 25600K, used 64K [0x00000007aab00000, 0x00000007ac600000, 0x00000007c0000000)
  eden space 24064K, 0% used [0x00000007aab00000,0x00000007aab00000,0x00000007ac280000)
  from space 1536K, 4% used [0x00000007ac300000,0x00000007ac310000,0x00000007ac480000)
  to   space 1536K, 0% used [0x00000007ac480000,0x00000007ac480000,0x00000007ac600000)
 ParOldGen       total 39936K, used 20285K [0x0000000780000000, 0x0000000782700000, 0x00000007aab00000)
  object space 39936K, 50% used [0x0000000780000000,0x00000007813cf780,0x0000000782700000)
 Metaspace       used 23974K, capacity 24241K, committed 24576K, reserved 1071104K
  class space    used 2366K, capacity 2451K, committed 2560K, reserved 1048576K
}

