# JRE version: Java(TM) SE Runtime Environment (8.0_101-b13) (build 1.8.0_101-b13)
# Java VM: Java HotSpot(TM) 64-Bit Server VM (25.101-b13 mixed mode bsd-amd64 compressed oops)
Heap:
 PSYoungGen      total 52224K, used 17393K [0x00000007aab00000, 0x00000007af500000, 0x00000007c0000000)
  eden space 41472K, 38% used [0x00000007aab00000,0x00000007abac4638,0x00000007ad380000)
  from space 10752K, 11% used [0x00000007ad380000,0x00000007ad4b8040,0x00000007ade00000)
  to   space 11264K, 0% used [0x00000007aea00000,0x00000007aea00000,0x00000007af500000)
 ParOldGen       total 34816K, used 23330K [0x0000000780000000, 0x0000000782200000, 0x00000007aab00000)
  object space 34816K, 67% used [0x0000000780000000,0x00000007816c8b68,0x0000000782200000)
 Metaspace       used 24041K, capacity 24299K, committed 24832K, reserved 1071104K
  class space    used 2353K, capacity 2450K, committed 2560K, reserved 1048576K
GC Heap History (10 events):
Event: 6.162 GC heap before
{Heap before GC invocations=6 (full 1):
 PSYoungGen      total 18944K, used 16280K [0x00000007aab00000, 0x00000007ad000000, 0x00000007c0000000)
  eden space 16384K, 99% used [0x00000007aab00000,0x00000007abae6020,0x00000007abb00000)
  from space 2560K, 0% used [0x00000007abd80000,0x00000007abd80000,0x00000007ac000000)
  to   space 2560K, 0% used [0x00000007abb00000,0x00000007abb00000,0x00000007abd80000)
 ParOldGen       total 34816K, used 7509K [0x0000000780000000, 0x0000000782200000, 0x00000007aab00000)
  object space 34816K, 21% used [0x0000000780000000,0x0000000780755708,0x0000000782200000)
 Metaspace       used 22794K, capacity 23067K, committed 23552K, reserved 1071104K
  class space    used 2331K, capacity 2448K, committed 2560K, reserved 1048576K
Event: 6.169 GC heap after
Heap after GC invocations=6 (full 1):
 PSYoungGen      total 18944K, used 2547K [0x00000007aab00000, 0x00000007ade00000, 0x00000007c0000000)
  eden space 16384K, 0% used [0x00000007aab00000,0x00000007aab00000,0x00000007abb00000)
  from space 2560K, 99% used [0x00000007abb00000,0x00000007abd7cce8,0x00000007abd80000)
  to   space 12288K, 0% used [0x00000007ad200000,0x00000007ad200000,0x00000007ade00000)
 ParOldGen       total 34816K, used 17689K [0x0000000780000000, 0x0000000782200000, 0x00000007aab00000)
  object space 34816K, 50% used [0x0000000780000000,0x00000007811464a8,0x0000000782200000)
 Metaspace       used 22794K, capacity 23067K, committed 23552K, reserved 1071104K
  class space    used 2331K, capacity 2448K, committed 2560K, reserved 1048576K
}
Event: 6.536 GC heap before
{Heap before GC invocations=7 (full 1):
 PSYoungGen      total 18944K, used 18737K [0x00000007aab00000, 0x00000007ade00000, 0x00000007c0000000)
  eden space 16384K, 98% used [0x00000007aab00000,0x00000007abacf980,0x00000007abb00000)
  from space 2560K, 99% used [0x00000007abb00000,0x00000007abd7cce8,0x00000007abd80000)
  to   space 12288K, 0% used [0x00000007ad200000,0x00000007ad200000,0x00000007ade00000)
 ParOldGen       total 34816K, used 17689K [0x0000000780000000, 0x0000000782200000, 0x00000007aab00000)
  object space 34816K, 50% used [0x0000000780000000,0x00000007811464a8,0x0000000782200000)
 Metaspace       used 23123K, capacity 23387K, committed 23808K, reserved 1071104K
  class space    used 2343K, capacity 2448K, committed 2560K, reserved 1048576K
Event: 6.542 GC heap after
Heap after GC invocations=7 (full 1):
 PSYoungGen      total 36864K, used 5728K [0x00000007aab00000, 0x00000007adb80000, 0x00000007c0000000)
  eden space 27136K, 0% used [0x00000007aab00000,0x00000007aab00000,0x00000007ac580000)
  from space 9728K, 58% used [0x00000007ad200000,0x00000007ad798190,0x00000007adb80000)
  to   space 11264K, 0% used [0x00000007ac580000,0x00000007ac580000,0x00000007ad080000)
 ParOldGen       total 34816K, used 17697K [0x0000000780000000, 0x0000000782200000, 0x00000007aab00000)
  object space 34816K, 50% used [0x0000000780000000,0x00000007811484a8,0x0000000782200000)
 Metaspace       used 23123K, capacity 23387K, committed 23808K, reserved 1071104K
  class space    used 2343K, capacity 2448K, committed 2560K, reserved 1048576K
}
Event: 14.536 GC heap before
{Heap before GC invocations=8 (full 1):
 PSYoungGen      total 36864K, used 32864K [0x00000007aab00000, 0x00000007adb80000, 0x00000007c0000000)
  eden space 27136K, 100% used [0x00000007aab00000,0x00000007ac580000,0x00000007ac580000)
  from space 9728K, 58% used [0x00000007ad200000,0x00000007ad798190,0x00000007adb80000)
  to   space 11264K, 0% used [0x00000007ac580000,0x00000007ac580000,0x00000007ad080000)
 ParOldGen       total 34816K, used 17697K [0x0000000780000000, 0x0000000782200000, 0x00000007aab00000)
  object space 34816K, 50% used [0x0000000780000000,0x00000007811484a8,0x0000000782200000)
 Metaspace       used 23605K, capacity 23851K, committed 24320K, reserved 1071104K
  class space    used 2345K, capacity 2450K, committed 2560K, reserved 1048576K
Event: 14.541 GC heap after
Heap after GC invocations=8 (full 1):
 PSYoungGen      total 38400K, used 6752K [0x00000007aab00000, 0x00000007aeb80000, 0x00000007c0000000)
  eden space 27136K, 0% used [0x00000007aab00000,0x00000007aab00000,0x00000007ac580000)
  from space 11264K, 59% used [0x00000007ac580000,0x00000007acc181d0,0x00000007ad080000)
  to   space 11264K, 0% used [0x00000007ae080000,0x00000007ae080000,0x00000007aeb80000)
 ParOldGen       total 34816K, used 17705K [0x0000000780000000, 0x0000000782200000, 0x00000007aab00000)
  object space 34816K, 50% used [0x0000000780000000,0x000000078114a4a8,0x0000000782200000)
 Metaspace       used 23605K, capacity 23851K, committed 24320K, reserved 1071104K
  class space    used 2345K, capacity 2450K, committed 2560K, reserved 1048576K
}
Event: 24.910 GC heap before
{Heap before GC invocations=9 (full 1):
 PSYoungGen      total 38400K, used 33888K [0x00000007aab00000, 0x00000007aeb80000, 0x00000007c0000000)
  eden space 27136K, 100% used [0x00000007aab00000,0x00000007ac580000,0x00000007ac580000)
  from space 11264K, 59% used [0x00000007ac580000,0x00000007acc181d0,0x00000007ad080000)
  to   space 11264K, 0% used [0x00000007ae080000,0x00000007ae080000,0x00000007aeb80000)
 ParOldGen       total 34816K, used 17705K [0x0000000780000000, 0x0000000782200000, 0x00000007aab00000)
  object space 34816K, 50% used [0x0000000780000000,0x000000078114a4a8,0x0000000782200000)
 Metaspace       used 23980K, capacity 24235K, committed 24576K, reserved 1071104K
  class space    used 2345K, capacity 2450K, committed 2560K, reserved 1048576K
Event: 24.915 GC heap after
Heap after GC invocations=9 (full 1):
 PSYoungGen      total 49664K, used 6864K [0x00000007aab00000, 0x00000007ae880000, 0x00000007c0000000)
  eden space 41472K, 0% used [0x00000007aab00000,0x00000007aab00000,0x00000007ad380000)
  from space 8192K, 83% used [0x00000007ae080000,0x00000007ae7341e0,0x00000007ae880000)
  to   space 10752K, 0% used [0x00000007ad380000,0x00000007ad380000,0x00000007ade00000)
 ParOldGen       total 34816K, used 17713K [0x0000000780000000, 0x0000000782200000, 0x00000007aab00000)
  object space 34816K, 50% used [0x0000000780000000,0x000000078114c4a8,0x0000000782200000)
 Metaspace       used 23980K, capacity 24235K, committed 24576K, reserved 1071104K
  class space    used 2345K, capacity 2450K, committed 2560K, reserved 1048576K
}
Event: 41.637 GC heap before
{Heap before GC invocations=10 (full 1):
 PSYoungGen      total 49664K, used 48336K [0x00000007aab00000, 0x00000007ae880000, 0x00000007c0000000)
  eden space 41472K, 100% used [0x00000007aab00000,0x00000007ad380000,0x00000007ad380000)
  from space 8192K, 83% used [0x00000007ae080000,0x00000007ae7341e0,0x00000007ae880000)
  to   space 10752K, 0% used [0x00000007ad380000,0x00000007ad380000,0x00000007ade00000)
 ParOldGen       total 34816K, used 17713K [0x0000000780000000, 0x0000000782200000, 0x00000007aab00000)
  object space 34816K, 50% used [0x0000000780000000,0x000000078114c4a8,0x0000000782200000)
 Metaspace       used 24006K, capacity 24235K, committed 24576K, reserved 1071104K
  class space    used 2345K, capacity 2450K, committed 2560K, reserved 1048576K
Event: 41.642 GC heap after
Heap after GC invocations=10 (full 1):
 PSYoungGen      total 52224K, used 1248K [0x00000007aab00000, 0x00000007af500000, 0x00000007c0000000)
  eden space 41472K, 0% used [0x00000007aab00000,0x00000007aab00000,0x00000007ad380000)
  from space 10752K, 11% used [0x00000007ad380000,0x00000007ad4b8040,0x00000007ade00000)
  to   space 11264K, 0% used [0x00000007aea00000,0x00000007aea00000,0x00000007af500000)
 ParOldGen       total 34816K, used 23330K [0x0000000780000000, 0x0000000782200000, 0x00000007aab00000)
  object space 34816K, 67% used [0x0000000780000000,0x00000007816c8b68,0x0000000782200000)
 Metaspace       used 24006K, capacity 24235K, committed 24576K, reserved 1071104K
  class space    used 2345K, capacity 2450K, committed 2560K, reserved 1048576K
}

