# JRE version: Java(TM) SE Runtime Environment (8.0_101-b13) (build 1.8.0_101-b13)
# Java VM: Java HotSpot(TM) 64-Bit Server VM (25.101-b13 mixed mode bsd-amd64 compressed oops)
Heap:
 PSYoungGen      total 50688K, used 39621K [0x00000007aab00000, 0x00000007ae400000, 0x00000007c0000000)
  eden space 44032K, 77% used [0x00000007aab00000,0x00000007acc25418,0x00000007ad600000)
  from space 6656K, 85% used [0x00000007add80000,0x00000007ae30c1f0,0x00000007ae400000)
  to   space 7168K, 0% used [0x00000007ad600000,0x00000007ad600000,0x00000007add00000)
 ParOldGen       total 39424K, used 14953K [0x0000000780000000, 0x0000000782680000, 0x00000007aab00000)
  object space 39424K, 37% used [0x0000000780000000,0x0000000780e9a790,0x0000000782680000)
 Metaspace       used 23946K, capacity 24251K, committed 24576K, reserved 1071104K
  class space    used 2364K, capacity 2452K, committed 2560K, reserved 1048576K
GC Heap History (10 events):
Event: 43.569 GC heap before
{Heap before GC invocations=15 (full 1):
 PSYoungGen      total 46080K, used 43616K [0x00000007aab00000, 0x00000007ae300000, 0x00000007c0000000)
  eden space 37888K, 100% used [0x00000007aab00000,0x00000007ad000000,0x00000007ad000000)
  from space 8192K, 69% used [0x00000007ad000000,0x00000007ad598200,0x00000007ad800000)
  to   space 8192K, 0% used [0x00000007adb00000,0x00000007adb00000,0x00000007ae300000)
 ParOldGen       total 39424K, used 14953K [0x0000000780000000, 0x0000000782680000, 0x00000007aab00000)
  object space 39424K, 37% used [0x0000000780000000,0x0000000780e9a790,0x0000000782680000)
 Metaspace       used 23905K, capacity 24123K, committed 24576K, reserved 1071104K
  class space    used 2356K, capacity 2452K, committed 2560K, reserved 1048576K
Event: 43.573 GC heap after
Heap after GC invocations=15 (full 1):
 PSYoungGen      total 47104K, used 5712K [0x00000007aab00000, 0x00000007ae180000, 0x00000007c0000000)
  eden space 40448K, 0% used [0x00000007aab00000,0x00000007aab00000,0x00000007ad280000)
  from space 6656K, 85% used [0x00000007adb00000,0x00000007ae0941f0,0x00000007ae180000)
  to   space 7680K, 0% used [0x00000007ad280000,0x00000007ad280000,0x00000007ada00000)
 ParOldGen       total 39424K, used 14953K [0x0000000780000000, 0x0000000782680000, 0x00000007aab00000)
  object space 39424K, 37% used [0x0000000780000000,0x0000000780e9a790,0x0000000782680000)
 Metaspace       used 23905K, capacity 24123K, committed 24576K, reserved 1071104K
  class space    used 2356K, capacity 2452K, committed 2560K, reserved 1048576K
}
Event: 48.224 GC heap before
{Heap before GC invocations=16 (full 1):
 PSYoungGen      total 47104K, used 46160K [0x00000007aab00000, 0x00000007ae180000, 0x00000007c0000000)
  eden space 40448K, 100% used [0x00000007aab00000,0x00000007ad280000,0x00000007ad280000)
  from space 6656K, 85% used [0x00000007adb00000,0x00000007ae0941f0,0x00000007ae180000)
  to   space 7680K, 0% used [0x00000007ad280000,0x00000007ad280000,0x00000007ada00000)
 ParOldGen       total 39424K, used 14953K [0x0000000780000000, 0x0000000782680000, 0x00000007aab00000)
  object space 39424K, 37% used [0x0000000780000000,0x0000000780e9a790,0x0000000782680000)
 Metaspace       used 23905K, capacity 24123K, committed 24576K, reserved 1071104K
  class space    used 2356K, capacity 2452K, committed 2560K, reserved 1048576K
Event: 48.227 GC heap after
Heap after GC invocations=16 (full 1):
 PSYoungGen      total 48128K, used 5712K [0x00000007aab00000, 0x00000007ae400000, 0x00000007c0000000)
  eden space 40448K, 0% used [0x00000007aab00000,0x00000007aab00000,0x00000007ad280000)
  from space 7680K, 74% used [0x00000007ad280000,0x00000007ad8141f0,0x00000007ada00000)
  to   space 7680K, 0% used [0x00000007adc80000,0x00000007adc80000,0x00000007ae400000)
 ParOldGen       total 39424K, used 14953K [0x0000000780000000, 0x0000000782680000, 0x00000007aab00000)
  object space 39424K, 37% used [0x0000000780000000,0x0000000780e9a790,0x0000000782680000)
 Metaspace       used 23905K, capacity 24123K, committed 24576K, reserved 1071104K
  class space    used 2356K, capacity 2452K, committed 2560K, reserved 1048576K
}
Event: 52.879 GC heap before
{Heap before GC invocations=17 (full 1):
 PSYoungGen      total 48128K, used 46160K [0x00000007aab00000, 0x00000007ae400000, 0x00000007c0000000)
  eden space 40448K, 100% used [0x00000007aab00000,0x00000007ad280000,0x00000007ad280000)
  from space 7680K, 74% used [0x00000007ad280000,0x00000007ad8141f0,0x00000007ada00000)
  to   space 7680K, 0% used [0x00000007adc80000,0x00000007adc80000,0x00000007ae400000)
 ParOldGen       total 39424K, used 14953K [0x0000000780000000, 0x0000000782680000, 0x00000007aab00000)
  object space 39424K, 37% used [0x0000000780000000,0x0000000780e9a790,0x0000000782680000)
 Metaspace       used 23905K, capacity 24123K, committed 24576K, reserved 1071104K
  class space    used 2356K, capacity 2452K, committed 2560K, reserved 1048576K
Event: 52.883 GC heap after
Heap after GC invocations=17 (full 1):
 PSYoungGen      total 49664K, used 5696K [0x00000007aab00000, 0x00000007ae380000, 0x00000007c0000000)
  eden space 42496K, 0% used [0x00000007aab00000,0x00000007aab00000,0x00000007ad480000)
  from space 7168K, 79% used [0x00000007adc80000,0x00000007ae210200,0x00000007ae380000)
  to   space 7680K, 0% used [0x00000007ad480000,0x00000007ad480000,0x00000007adc00000)
 ParOldGen       total 39424K, used 14953K [0x0000000780000000, 0x0000000782680000, 0x00000007aab00000)
  object space 39424K, 37% used [0x0000000780000000,0x0000000780e9a790,0x0000000782680000)
 Metaspace       used 23905K, capacity 24123K, committed 24576K, reserved 1071104K
  class space    used 2356K, capacity 2452K, committed 2560K, reserved 1048576K
}
Event: 57.787 GC heap before
{Heap before GC invocations=18 (full 1):
 PSYoungGen      total 49664K, used 48192K [0x00000007aab00000, 0x00000007ae380000, 0x00000007c0000000)
  eden space 42496K, 100% used [0x00000007aab00000,0x00000007ad480000,0x00000007ad480000)
  from space 7168K, 79% used [0x00000007adc80000,0x00000007ae210200,0x00000007ae380000)
  to   space 7680K, 0% used [0x00000007ad480000,0x00000007ad480000,0x00000007adc00000)
 ParOldGen       total 39424K, used 14953K [0x0000000780000000, 0x0000000782680000, 0x00000007aab00000)
  object space 39424K, 37% used [0x0000000780000000,0x0000000780e9a790,0x0000000782680000)
 Metaspace       used 23905K, capacity 24123K, committed 24576K, reserved 1071104K
  class space    used 2356K, capacity 2452K, committed 2560K, reserved 1048576K
Event: 57.790 GC heap after
Heap after GC invocations=18 (full 1):
 PSYoungGen      total 50176K, used 5712K [0x00000007aab00000, 0x00000007ae500000, 0x00000007c0000000)
  eden space 42496K, 0% used [0x00000007aab00000,0x00000007aab00000,0x00000007ad480000)
  from space 7680K, 74% used [0x00000007ad480000,0x00000007ada141f0,0x00000007adc00000)
  to   space 7680K, 0% used [0x00000007add80000,0x00000007add80000,0x00000007ae500000)
 ParOldGen       total 39424K, used 14953K [0x0000000780000000, 0x0000000782680000, 0x00000007aab00000)
  object space 39424K, 37% used [0x0000000780000000,0x0000000780e9a790,0x0000000782680000)
 Metaspace       used 23905K, capacity 24123K, committed 24576K, reserved 1071104K
  class space    used 2356K, capacity 2452K, committed 2560K, reserved 1048576K
}
Event: 62.690 GC heap before
{Heap before GC invocations=19 (full 1):
 PSYoungGen      total 50176K, used 48208K [0x00000007aab00000, 0x00000007ae500000, 0x00000007c0000000)
  eden space 42496K, 100% used [0x00000007aab00000,0x00000007ad480000,0x00000007ad480000)
  from space 7680K, 74% used [0x00000007ad480000,0x00000007ada141f0,0x00000007adc00000)
  to   space 7680K, 0% used [0x00000007add80000,0x00000007add80000,0x00000007ae500000)
 ParOldGen       total 39424K, used 14953K [0x0000000780000000, 0x0000000782680000, 0x00000007aab00000)
  object space 39424K, 37% used [0x0000000780000000,0x0000000780e9a790,0x0000000782680000)
 Metaspace       used 23905K, capacity 24123K, committed 24576K, reserved 1071104K
  class space    used 2356K, capacity 2452K, committed 2560K, reserved 1048576K
Event: 62.694 GC heap after
Heap after GC invocations=19 (full 1):
 PSYoungGen      total 50688K, used 5680K [0x00000007aab00000, 0x00000007ae400000, 0x00000007c0000000)
  eden space 44032K, 0% used [0x00000007aab00000,0x00000007aab00000,0x00000007ad600000)
  from space 6656K, 85% used [0x00000007add80000,0x00000007ae30c1f0,0x00000007ae400000)
  to   space 7168K, 0% used [0x00000007ad600000,0x00000007ad600000,0x00000007add00000)
 ParOldGen       total 39424K, used 14953K [0x0000000780000000, 0x0000000782680000, 0x00000007aab00000)
  object space 39424K, 37% used [0x0000000780000000,0x0000000780e9a790,0x0000000782680000)
 Metaspace       used 23905K, capacity 24123K, committed 24576K, reserved 1071104K
  class space    used 2356K, capacity 2452K, committed 2560K, reserved 1048576K
}

