# JRE version: Java(TM) SE Runtime Environment (8.0_101-b13) (build 1.8.0_101-b13)
# Java VM: Java HotSpot(TM) 64-Bit Server VM (25.101-b13 mixed mode bsd-amd64 compressed oops)
Heap:
 PSYoungGen      total 16384K, used 1394K [0x00000007aab00000, 0x00000007acc80000, 0x00000007c0000000)
  eden space 15872K, 7% used [0x00000007aab00000,0x00000007aac3ca70,0x00000007aba80000)
  from space 512K, 25% used [0x00000007aba80000,0x00000007abaa0000,0x00000007abb00000)
  to   space 9216K, 0% used [0x00000007ac380000,0x00000007ac380000,0x00000007acc80000)
 ParOldGen       total 38912K, used 15233K [0x0000000780000000, 0x0000000782600000, 0x00000007aab00000)
  object space 38912K, 39% used [0x0000000780000000,0x0000000780ee0530,0x0000000782600000)
 Metaspace       used 20987K, capacity 21147K, committed 21552K, reserved 1069056K
  class space    used 2045K, capacity 2112K, committed 2176K, reserved 1048576K
GC Heap History (10 events):
Event: 32.603 GC heap before
{Heap before GC invocations=14 (full 1):
 PSYoungGen      total 27136K, used 16000K [0x00000007aab00000, 0x00000007ad080000, 0x00000007c0000000)
  eden space 15872K, 100% used [0x00000007aab00000,0x00000007aba80000,0x00000007aba80000)
  from space 11264K, 1% used [0x00000007ac580000,0x00000007ac5a0000,0x00000007ad080000)
  to   space 11264K, 0% used [0x00000007aba80000,0x00000007aba80000,0x00000007ac580000)
 ParOldGen       total 38912K, used 15225K [0x0000000780000000, 0x0000000782600000, 0x00000007aab00000)
  object space 38912K, 39% used [0x0000000780000000,0x0000000780ede530,0x0000000782600000)
 Metaspace       used 20945K, capacity 21147K, committed 21552K, reserved 1069056K
  class space    used 2037K, capacity 2112K, committed 2176K, reserved 1048576K
Event: 32.605 GC heap after
Heap after GC invocations=14 (full 1):
 PSYoungGen      total 16384K, used 64K [0x00000007aab00000, 0x00000007acf80000, 0x00000007c0000000)
  eden space 15872K, 0% used [0x00000007aab00000,0x00000007aab00000,0x00000007aba80000)
  from space 512K, 12% used [0x00000007aba80000,0x00000007aba90000,0x00000007abb00000)
  to   space 10752K, 0% used [0x00000007ac500000,0x00000007ac500000,0x00000007acf80000)
 ParOldGen       total 38912K, used 15225K [0x0000000780000000, 0x0000000782600000, 0x00000007aab00000)
  object space 38912K, 39% used [0x0000000780000000,0x0000000780ede530,0x0000000782600000)
 Metaspace       used 20945K, capacity 21147K, committed 21552K, reserved 1069056K
  class space    used 2037K, capacity 2112K, committed 2176K, reserved 1048576K
}
Event: 36.412 GC heap before
{Heap before GC invocations=15 (full 1):
 PSYoungGen      total 16384K, used 15936K [0x00000007aab00000, 0x00000007acf80000, 0x00000007c0000000)
  eden space 15872K, 100% used [0x00000007aab00000,0x00000007aba80000,0x00000007aba80000)
  from space 512K, 12% used [0x00000007aba80000,0x00000007aba90000,0x00000007abb00000)
  to   space 10752K, 0% used [0x00000007ac500000,0x00000007ac500000,0x00000007acf80000)
 ParOldGen       total 38912K, used 15225K [0x0000000780000000, 0x0000000782600000, 0x00000007aab00000)
  object space 38912K, 39% used [0x0000000780000000,0x0000000780ede530,0x0000000782600000)
 Metaspace       used 20945K, capacity 21147K, committed 21552K, reserved 1069056K
  class space    used 2037K, capacity 2112K, committed 2176K, reserved 1048576K
Event: 36.423 GC heap after
Heap after GC invocations=15 (full 1):
 PSYoungGen      total 25600K, used 128K [0x00000007aab00000, 0x00000007ace80000, 0x00000007c0000000)
  eden space 15872K, 0% used [0x00000007aab00000,0x00000007aab00000,0x00000007aba80000)
  from space 9728K, 1% used [0x00000007ac500000,0x00000007ac520000,0x00000007ace80000)
  to   space 10240K, 0% used [0x00000007aba80000,0x00000007aba80000,0x00000007ac480000)
 ParOldGen       total 38912K, used 15225K [0x0000000780000000, 0x0000000782600000, 0x00000007aab00000)
  object space 38912K, 39% used [0x0000000780000000,0x0000000780ede530,0x0000000782600000)
 Metaspace       used 20945K, capacity 21147K, committed 21552K, reserved 1069056K
  class space    used 2037K, capacity 2112K, committed 2176K, reserved 1048576K
}
Event: 40.255 GC heap before
{Heap before GC invocations=16 (full 1):
 PSYoungGen      total 25600K, used 16000K [0x00000007aab00000, 0x00000007ace80000, 0x00000007c0000000)
  eden space 15872K, 100% used [0x00000007aab00000,0x00000007aba80000,0x00000007aba80000)
  from space 9728K, 1% used [0x00000007ac500000,0x00000007ac520000,0x00000007ace80000)
  to   space 10240K, 0% used [0x00000007aba80000,0x00000007aba80000,0x00000007ac480000)
 ParOldGen       total 38912K, used 15225K [0x0000000780000000, 0x0000000782600000, 0x00000007aab00000)
  object space 38912K, 39% used [0x0000000780000000,0x0000000780ede530,0x0000000782600000)
 Metaspace       used 20945K, capacity 21147K, committed 21552K, reserved 1069056K
  class space    used 2037K, capacity 2112K, committed 2176K, reserved 1048576K
Event: 40.256 GC heap after
Heap after GC invocations=16 (full 1):
 PSYoungGen      total 26112K, used 96K [0x00000007aab00000, 0x00000007ace80000, 0x00000007c0000000)
  eden space 15872K, 0% used [0x00000007aab00000,0x00000007aab00000,0x00000007aba80000)
  from space 10240K, 0% used [0x00000007aba80000,0x00000007aba98000,0x00000007ac480000)
  to   space 10240K, 0% used [0x00000007ac480000,0x00000007ac480000,0x00000007ace80000)
 ParOldGen       total 38912K, used 15225K [0x0000000780000000, 0x0000000782600000, 0x00000007aab00000)
  object space 38912K, 39% used [0x0000000780000000,0x0000000780ede530,0x0000000782600000)
 Metaspace       used 20945K, capacity 21147K, committed 21552K, reserved 1069056K
  class space    used 2037K, capacity 2112K, committed 2176K, reserved 1048576K
}
Event: 44.045 GC heap before
{Heap before GC invocations=17 (full 1):
 PSYoungGen      total 26112K, used 15968K [0x00000007aab00000, 0x00000007ace80000, 0x00000007c0000000)
  eden space 15872K, 100% used [0x00000007aab00000,0x00000007aba80000,0x00000007aba80000)
  from space 10240K, 0% used [0x00000007aba80000,0x00000007aba98000,0x00000007ac480000)
  to   space 10240K, 0% used [0x00000007ac480000,0x00000007ac480000,0x00000007ace80000)
 ParOldGen       total 38912K, used 15225K [0x0000000780000000, 0x0000000782600000, 0x00000007aab00000)
  object space 38912K, 39% used [0x0000000780000000,0x0000000780ede530,0x0000000782600000)
 Metaspace       used 20945K, capacity 21147K, committed 21552K, reserved 1069056K
  class space    used 2037K, capacity 2112K, committed 2176K, reserved 1048576K
Event: 44.046 GC heap after
Heap after GC invocations=17 (full 1):
 PSYoungGen      total 25088K, used 96K [0x00000007aab00000, 0x00000007acd80000, 0x00000007c0000000)
  eden space 15872K, 0% used [0x00000007aab00000,0x00000007aab00000,0x00000007aba80000)
  from space 9216K, 1% used [0x00000007ac480000,0x00000007ac498000,0x00000007acd80000)
  to   space 9728K, 0% used [0x00000007aba80000,0x00000007aba80000,0x00000007ac400000)
 ParOldGen       total 38912K, used 15225K [0x0000000780000000, 0x0000000782600000, 0x00000007aab00000)
  object space 38912K, 39% used [0x0000000780000000,0x0000000780ede530,0x0000000782600000)
 Metaspace       used 20945K, capacity 21147K, committed 21552K, reserved 1069056K
  class space    used 2037K, capacity 2112K, committed 2176K, reserved 1048576K
}
Event: 47.818 GC heap before
{Heap before GC invocations=18 (full 1):
 PSYoungGen      total 25088K, used 15968K [0x00000007aab00000, 0x00000007acd80000, 0x00000007c0000000)
  eden space 15872K, 100% used [0x00000007aab00000,0x00000007aba80000,0x00000007aba80000)
  from space 9216K, 1% used [0x00000007ac480000,0x00000007ac498000,0x00000007acd80000)
  to   space 9728K, 0% used [0x00000007aba80000,0x00000007aba80000,0x00000007ac400000)
 ParOldGen       total 38912K, used 15225K [0x0000000780000000, 0x0000000782600000, 0x00000007aab00000)
  object space 38912K, 39% used [0x0000000780000000,0x0000000780ede530,0x0000000782600000)
 Metaspace       used 20952K, capacity 21147K, committed 21552K, reserved 1069056K
  class space    used 2037K, capacity 2112K, committed 2176K, reserved 1048576K
Event: 47.819 GC heap after
Heap after GC invocations=18 (full 1):
 PSYoungGen      total 16384K, used 128K [0x00000007aab00000, 0x00000007acc80000, 0x00000007c0000000)
  eden space 15872K, 0% used [0x00000007aab00000,0x00000007aab00000,0x00000007aba80000)
  from space 512K, 25% used [0x00000007aba80000,0x00000007abaa0000,0x00000007abb00000)
  to   space 9216K, 0% used [0x00000007ac380000,0x00000007ac380000,0x00000007acc80000)
 ParOldGen       total 38912K, used 15233K [0x0000000780000000, 0x0000000782600000, 0x00000007aab00000)
  object space 38912K, 39% used [0x0000000780000000,0x0000000780ee0530,0x0000000782600000)
 Metaspace       used 20952K, capacity 21147K, committed 21552K, reserved 1069056K
  class space    used 2037K, capacity 2112K, committed 2176K, reserved 1048576K
}

