# JRE version: Java(TM) SE Runtime Environment (8.0_101-b13) (build 1.8.0_101-b13)
# Java VM: Java HotSpot(TM) 64-Bit Server VM (25.101-b13 mixed mode bsd-amd64 compressed oops)
Heap:
 PSYoungGen      total 16896K, used 6548K [0x00000007aab00000, 0x00000007abc80000, 0x00000007c0000000)
  eden space 16384K, 39% used [0x00000007aab00000,0x00000007ab1652a0,0x00000007abb00000)
  from space 512K, 0% used [0x00000007abc00000,0x00000007abc00000,0x00000007abc80000)
  to   space 512K, 0% used [0x00000007abb80000,0x00000007abb80000,0x00000007abc00000)
 ParOldGen       total 33280K, used 15143K [0x0000000780000000, 0x0000000782080000, 0x00000007aab00000)
  object space 33280K, 45% used [0x0000000780000000,0x0000000780ec9d98,0x0000000782080000)
 Metaspace       used 21049K, capacity 21207K, committed 21552K, reserved 1069056K
  class space    used 2045K, capacity 2112K, committed 2176K, reserved 1048576K
GC Heap History (10 events):
Event: 240.104 GC heap before
{Heap before GC invocations=65 (full 0):
 PSYoungGen      total 16896K, used 16480K [0x00000007aab00000, 0x00000007abc80000, 0x00000007c0000000)
  eden space 16384K, 100% used [0x00000007aab00000,0x00000007abb00000,0x00000007abb00000)
  from space 512K, 18% used [0x00000007abc00000,0x00000007abc18000,0x00000007abc80000)
  to   space 512K, 0% used [0x00000007abb80000,0x00000007abb80000,0x00000007abc00000)
 ParOldGen       total 44032K, used 20245K [0x0000000780000000, 0x0000000782b00000, 0x00000007aab00000)
  object space 44032K, 45% used [0x0000000780000000,0x00000007813c5520,0x0000000782b00000)
 Metaspace       used 20927K, capacity 21143K, committed 21296K, reserved 1069056K
  class space    used 2037K, capacity 2112K, committed 2176K, reserved 1048576K
Event: 240.106 GC heap after
Heap after GC invocations=65 (full 0):
 PSYoungGen      total 16896K, used 128K [0x00000007aab00000, 0x00000007abc80000, 0x00000007c0000000)
  eden space 16384K, 0% used [0x00000007aab00000,0x00000007aab00000,0x00000007abb00000)
  from space 512K, 25% used [0x00000007abb80000,0x00000007abba0000,0x00000007abc00000)
  to   space 512K, 0% used [0x00000007abc00000,0x00000007abc00000,0x00000007abc80000)
 ParOldGen       total 44032K, used 20245K [0x0000000780000000, 0x0000000782b00000, 0x00000007aab00000)
  object space 44032K, 45% used [0x0000000780000000,0x00000007813c5520,0x0000000782b00000)
 Metaspace       used 20927K, capacity 21143K, committed 21296K, reserved 1069056K
  class space    used 2037K, capacity 2112K, committed 2176K, reserved 1048576K
}
Event: 244.125 GC heap before
{Heap before GC invocations=66 (full 0):
 PSYoungGen      total 16896K, used 16512K [0x00000007aab00000, 0x00000007abc80000, 0x00000007c0000000)
  eden space 16384K, 100% used [0x00000007aab00000,0x00000007abb00000,0x00000007abb00000)
  from space 512K, 25% used [0x00000007abb80000,0x00000007abba0000,0x00000007abc00000)
  to   space 512K, 0% used [0x00000007abc00000,0x00000007abc00000,0x00000007abc80000)
 ParOldGen       total 44032K, used 20245K [0x0000000780000000, 0x0000000782b00000, 0x00000007aab00000)
  object space 44032K, 45% used [0x0000000780000000,0x00000007813c5520,0x0000000782b00000)
 Metaspace       used 20927K, capacity 21143K, committed 21296K, reserved 1069056K
  class space    used 2037K, capacity 2112K, committed 2176K, reserved 1048576K
Event: 244.126 GC heap after
Heap after GC invocations=66 (full 0):
 PSYoungGen      total 16896K, used 96K [0x00000007aab00000, 0x00000007abc80000, 0x00000007c0000000)
  eden space 16384K, 0% used [0x00000007aab00000,0x00000007aab00000,0x00000007abb00000)
  from space 512K, 18% used [0x00000007abc00000,0x00000007abc18000,0x00000007abc80000)
  to   space 512K, 0% used [0x00000007abb80000,0x00000007abb80000,0x00000007abc00000)
 ParOldGen       total 44032K, used 20245K [0x0000000780000000, 0x0000000782b00000, 0x00000007aab00000)
  object space 44032K, 45% used [0x0000000780000000,0x00000007813c5520,0x0000000782b00000)
 Metaspace       used 20927K, capacity 21143K, committed 21296K, reserved 1069056K
  class space    used 2037K, capacity 2112K, committed 2176K, reserved 1048576K
}
Event: 247.985 GC heap before
{Heap before GC invocations=67 (full 0):
 PSYoungGen      total 16896K, used 16480K [0x00000007aab00000, 0x00000007abc80000, 0x00000007c0000000)
  eden space 16384K, 100% used [0x00000007aab00000,0x00000007abb00000,0x00000007abb00000)
  from space 512K, 18% used [0x00000007abc00000,0x00000007abc18000,0x00000007abc80000)
  to   space 512K, 0% used [0x00000007abb80000,0x00000007abb80000,0x00000007abc00000)
 ParOldGen       total 44032K, used 20245K [0x0000000780000000, 0x0000000782b00000, 0x00000007aab00000)
  object space 44032K, 45% used [0x0000000780000000,0x00000007813c5520,0x0000000782b00000)
 Metaspace       used 20936K, capacity 21143K, committed 21296K, reserved 1069056K
  class space    used 2037K, capacity 2112K, committed 2176K, reserved 1048576K
Event: 247.986 GC heap after
Heap after GC invocations=67 (full 0):
 PSYoungGen      total 16896K, used 128K [0x00000007aab00000, 0x00000007abc80000, 0x00000007c0000000)
  eden space 16384K, 0% used [0x00000007aab00000,0x00000007aab00000,0x00000007abb00000)
  from space 512K, 25% used [0x00000007abb80000,0x00000007abba0000,0x00000007abc00000)
  to   space 512K, 0% used [0x00000007abc00000,0x00000007abc00000,0x00000007abc80000)
 ParOldGen       total 44032K, used 20253K [0x0000000780000000, 0x0000000782b00000, 0x00000007aab00000)
  object space 44032K, 45% used [0x0000000780000000,0x00000007813c7520,0x0000000782b00000)
 Metaspace       used 20936K, capacity 21143K, committed 21296K, reserved 1069056K
  class space    used 2037K, capacity 2112K, committed 2176K, reserved 1048576K
}
Event: 248.264 GC heap before
{Heap before GC invocations=68 (full 0):
 PSYoungGen      total 16896K, used 1467K [0x00000007aab00000, 0x00000007abc80000, 0x00000007c0000000)
  eden space 16384K, 8% used [0x00000007aab00000,0x00000007aac4edd0,0x00000007abb00000)
  from space 512K, 25% used [0x00000007abb80000,0x00000007abba0000,0x00000007abc00000)
  to   space 512K, 0% used [0x00000007abc00000,0x00000007abc00000,0x00000007abc80000)
 ParOldGen       total 44032K, used 20253K [0x0000000780000000, 0x0000000782b00000, 0x00000007aab00000)
  object space 44032K, 45% used [0x0000000780000000,0x00000007813c7520,0x0000000782b00000)
 Metaspace       used 20969K, capacity 21143K, committed 21296K, reserved 1069056K
  class space    used 2037K, capacity 2112K, committed 2176K, reserved 1048576K
Event: 248.266 GC heap after
Heap after GC invocations=68 (full 0):
 PSYoungGen      total 16896K, used 96K [0x00000007aab00000, 0x00000007abc80000, 0x00000007c0000000)
  eden space 16384K, 0% used [0x00000007aab00000,0x00000007aab00000,0x00000007abb00000)
  from space 512K, 18% used [0x00000007abc00000,0x00000007abc18000,0x00000007abc80000)
  to   space 512K, 0% used [0x00000007abb80000,0x00000007abb80000,0x00000007abc00000)
 ParOldGen       total 44032K, used 20269K [0x0000000780000000, 0x0000000782b00000, 0x00000007aab00000)
  object space 44032K, 46% used [0x0000000780000000,0x00000007813cb520,0x0000000782b00000)
 Metaspace       used 20969K, capacity 21143K, committed 21296K, reserved 1069056K
  class space    used 2037K, capacity 2112K, committed 2176K, reserved 1048576K
}
Event: 248.266 GC heap before
{Heap before GC invocations=69 (full 1):
 PSYoungGen      total 16896K, used 96K [0x00000007aab00000, 0x00000007abc80000, 0x00000007c0000000)
  eden space 16384K, 0% used [0x00000007aab00000,0x00000007aab00000,0x00000007abb00000)
  from space 512K, 18% used [0x00000007abc00000,0x00000007abc18000,0x00000007abc80000)
  to   space 512K, 0% used [0x00000007abb80000,0x00000007abb80000,0x00000007abc00000)
 ParOldGen       total 44032K, used 20269K [0x0000000780000000, 0x0000000782b00000, 0x00000007aab00000)
  object space 44032K, 46% used [0x0000000780000000,0x00000007813cb520,0x0000000782b00000)
 Metaspace       used 20969K, capacity 21143K, committed 21296K, reserved 1069056K
  class space    used 2037K, capacity 2112K, committed 2176K, reserved 1048576K
Event: 248.366 GC heap after
Heap after GC invocations=69 (full 1):
 PSYoungGen      total 16896K, used 0K [0x00000007aab00000, 0x00000007abc80000, 0x00000007c0000000)
  eden space 16384K, 0% used [0x00000007aab00000,0x00000007aab00000,0x00000007abb00000)
  from space 512K, 0% used [0x00000007abc00000,0x00000007abc00000,0x00000007abc80000)
  to   space 512K, 0% used [0x00000007abb80000,0x00000007abb80000,0x00000007abc00000)
 ParOldGen       total 33280K, used 15143K [0x0000000780000000, 0x0000000782080000, 0x00000007aab00000)
  object space 33280K, 45% used [0x0000000780000000,0x0000000780ec9d98,0x0000000782080000)
 Metaspace       used 20969K, capacity 21143K, committed 21296K, reserved 1069056K
  class space    used 2037K, capacity 2112K, committed 2176K, reserved 1048576K
}

