# JRE version: Java(TM) SE Runtime Environment (8.0_101-b13) (build 1.8.0_101-b13)
# Java VM: Java HotSpot(TM) 64-Bit Server VM (25.101-b13 mixed mode bsd-amd64 compressed oops)
Heap:
 PSYoungGen      total 47616K, used 37303K [0x00000007aab00000, 0x00000007ae600000, 0x00000007c0000000)
  eden space 37888K, 78% used [0x00000007aab00000,0x00000007ac82dd58,0x00000007ad000000)
  from space 9728K, 76% used [0x00000007adc80000,0x00000007ae3c01d0,0x00000007ae600000)
  to   space 11264K, 0% used [0x00000007ad000000,0x00000007ad000000,0x00000007adb00000)
 ParOldGen       total 37376K, used 17771K [0x0000000780000000, 0x0000000782480000, 0x00000007aab00000)
  object space 37376K, 47% used [0x0000000780000000,0x000000078115adc8,0x0000000782480000)
 Metaspace       used 24031K, capacity 24299K, committed 24832K, reserved 1071104K
  class space    used 2349K, capacity 2450K, committed 2560K, reserved 1048576K
GC Heap History (10 events):
Event: 3.148 GC heap before
{Heap before GC invocations=5 (full 1):
 PSYoungGen      total 18944K, used 2544K [0x00000007aab00000, 0x00000007ad000000, 0x00000007c0000000)
  eden space 16384K, 0% used [0x00000007aab00000,0x00000007aab00000,0x00000007abb00000)
  from space 2560K, 99% used [0x00000007abd80000,0x00000007abffc050,0x00000007ac000000)
  to   space 2560K, 0% used [0x00000007abb00000,0x00000007abb00000,0x00000007abd80000)
 ParOldGen       total 44032K, used 8197K [0x0000000780000000, 0x0000000782b00000, 0x00000007aab00000)
  object space 44032K, 18% used [0x0000000780000000,0x0000000780801460,0x0000000782b00000)
 Metaspace       used 20783K, capacity 21019K, committed 21248K, reserved 1069056K
  class space    used 2137K, capacity 2256K, committed 2304K, reserved 1048576K
Event: 3.193 GC heap after
Heap after GC invocations=5 (full 1):
 PSYoungGen      total 18944K, used 0K [0x00000007aab00000, 0x00000007ad000000, 0x00000007c0000000)
  eden space 16384K, 0% used [0x00000007aab00000,0x00000007aab00000,0x00000007abb00000)
  from space 2560K, 0% used [0x00000007abd80000,0x00000007abd80000,0x00000007ac000000)
  to   space 2560K, 0% used [0x00000007abb00000,0x00000007abb00000,0x00000007abd80000)
 ParOldGen       total 37376K, used 8412K [0x0000000780000000, 0x0000000782480000, 0x00000007aab00000)
  object space 37376K, 22% used [0x0000000780000000,0x0000000780837108,0x0000000782480000)
 Metaspace       used 20783K, capacity 21019K, committed 21248K, reserved 1069056K
  class space    used 2137K, capacity 2256K, committed 2304K, reserved 1048576K
}
Event: 3.627 GC heap before
{Heap before GC invocations=6 (full 1):
 PSYoungGen      total 18944K, used 16384K [0x00000007aab00000, 0x00000007ad000000, 0x00000007c0000000)
  eden space 16384K, 100% used [0x00000007aab00000,0x00000007abb00000,0x00000007abb00000)
  from space 2560K, 0% used [0x00000007abd80000,0x00000007abd80000,0x00000007ac000000)
  to   space 2560K, 0% used [0x00000007abb00000,0x00000007abb00000,0x00000007abd80000)
 ParOldGen       total 37376K, used 8412K [0x0000000780000000, 0x0000000782480000, 0x00000007aab00000)
  object space 37376K, 22% used [0x0000000780000000,0x0000000780837108,0x0000000782480000)
 Metaspace       used 22811K, capacity 23067K, committed 23552K, reserved 1071104K
  class space    used 2329K, capacity 2448K, committed 2560K, reserved 1048576K
Event: 3.634 GC heap after
Heap after GC invocations=6 (full 1):
 PSYoungGen      total 18944K, used 2528K [0x00000007aab00000, 0x00000007adb00000, 0x00000007c0000000)
  eden space 16384K, 0% used [0x00000007aab00000,0x00000007aab00000,0x00000007abb00000)
  from space 2560K, 98% used [0x00000007abb00000,0x00000007abd78070,0x00000007abd80000)
  to   space 11776K, 0% used [0x00000007acf80000,0x00000007acf80000,0x00000007adb00000)
 ParOldGen       total 37376K, used 17683K [0x0000000780000000, 0x0000000782480000, 0x00000007aab00000)
  object space 37376K, 47% used [0x0000000780000000,0x0000000781144db8,0x0000000782480000)
 Metaspace       used 22811K, capacity 23067K, committed 23552K, reserved 1071104K
  class space    used 2329K, capacity 2448K, committed 2560K, reserved 1048576K
}
Event: 3.969 GC heap before
{Heap before GC invocations=7 (full 1):
 PSYoungGen      total 18944K, used 18731K [0x00000007aab00000, 0x00000007adb00000, 0x00000007c0000000)
  eden space 16384K, 98% used [0x00000007aab00000,0x00000007abad2da0,0x00000007abb00000)
  from space 2560K, 98% used [0x00000007abb00000,0x00000007abd78070,0x00000007abd80000)
  to   space 11776K, 0% used [0x00000007acf80000,0x00000007acf80000,0x00000007adb00000)
 ParOldGen       total 37376K, used 17683K [0x0000000780000000, 0x0000000782480000, 0x00000007aab00000)
  object space 37376K, 47% used [0x0000000780000000,0x0000000781144db8,0x0000000782480000)
 Metaspace       used 23122K, capacity 23387K, committed 23808K, reserved 1071104K
  class space    used 2340K, capacity 2448K, committed 2560K, reserved 1048576K
Event: 3.978 GC heap after
Heap after GC invocations=7 (full 1):
 PSYoungGen      total 37376K, used 7072K [0x00000007aab00000, 0x00000007ada80000, 0x00000007c0000000)
  eden space 26112K, 0% used [0x00000007aab00000,0x00000007aab00000,0x00000007ac480000)
  from space 11264K, 62% used [0x00000007acf80000,0x00000007ad6681f0,0x00000007ada80000)
  to   space 11264K, 0% used [0x00000007ac480000,0x00000007ac480000,0x00000007acf80000)
 ParOldGen       total 37376K, used 17755K [0x0000000780000000, 0x0000000782480000, 0x00000007aab00000)
  object space 37376K, 47% used [0x0000000780000000,0x0000000781156dc8,0x0000000782480000)
 Metaspace       used 23122K, capacity 23387K, committed 23808K, reserved 1071104K
  class space    used 2340K, capacity 2448K, committed 2560K, reserved 1048576K
}
Event: 9.781 GC heap before
{Heap before GC invocations=8 (full 1):
 PSYoungGen      total 37376K, used 33184K [0x00000007aab00000, 0x00000007ada80000, 0x00000007c0000000)
  eden space 26112K, 100% used [0x00000007aab00000,0x00000007ac480000,0x00000007ac480000)
  from space 11264K, 62% used [0x00000007acf80000,0x00000007ad6681f0,0x00000007ada80000)
  to   space 11264K, 0% used [0x00000007ac480000,0x00000007ac480000,0x00000007acf80000)
 ParOldGen       total 37376K, used 17755K [0x0000000780000000, 0x0000000782480000, 0x00000007aab00000)
  object space 37376K, 47% used [0x0000000780000000,0x0000000781156dc8,0x0000000782480000)
 Metaspace       used 23730K, capacity 24043K, committed 24576K, reserved 1071104K
  class space    used 2342K, capacity 2450K, committed 2560K, reserved 1048576K
Event: 9.786 GC heap after
Heap after GC invocations=8 (full 1):
 PSYoungGen      total 37376K, used 7600K [0x00000007aab00000, 0x00000007ae780000, 0x00000007c0000000)
  eden space 26112K, 0% used [0x00000007aab00000,0x00000007aab00000,0x00000007ac480000)
  from space 11264K, 67% used [0x00000007ac480000,0x00000007acbec200,0x00000007acf80000)
  to   space 11264K, 0% used [0x00000007adc80000,0x00000007adc80000,0x00000007ae780000)
 ParOldGen       total 37376K, used 17763K [0x0000000780000000, 0x0000000782480000, 0x00000007aab00000)
  object space 37376K, 47% used [0x0000000780000000,0x0000000781158dc8,0x0000000782480000)
 Metaspace       used 23730K, capacity 24043K, committed 24576K, reserved 1071104K
  class space    used 2342K, capacity 2450K, committed 2560K, reserved 1048576K
}
Event: 15.193 GC heap before
{Heap before GC invocations=9 (full 1):
 PSYoungGen      total 37376K, used 33712K [0x00000007aab00000, 0x00000007ae780000, 0x00000007c0000000)
  eden space 26112K, 100% used [0x00000007aab00000,0x00000007ac480000,0x00000007ac480000)
  from space 11264K, 67% used [0x00000007ac480000,0x00000007acbec200,0x00000007acf80000)
  to   space 11264K, 0% used [0x00000007adc80000,0x00000007adc80000,0x00000007ae780000)
 ParOldGen       total 37376K, used 17763K [0x0000000780000000, 0x0000000782480000, 0x00000007aab00000)
  object space 37376K, 47% used [0x0000000780000000,0x0000000781158dc8,0x0000000782480000)
 Metaspace       used 23969K, capacity 24235K, committed 24576K, reserved 1071104K
  class space    used 2342K, capacity 2450K, committed 2560K, reserved 1048576K
Event: 15.199 GC heap after
Heap after GC invocations=9 (full 1):
 PSYoungGen      total 47616K, used 7424K [0x00000007aab00000, 0x00000007ae600000, 0x00000007c0000000)
  eden space 37888K, 0% used [0x00000007aab00000,0x00000007aab00000,0x00000007ad000000)
  from space 9728K, 76% used [0x00000007adc80000,0x00000007ae3c01d0,0x00000007ae600000)
  to   space 11264K, 0% used [0x00000007ad000000,0x00000007ad000000,0x00000007adb00000)
 ParOldGen       total 37376K, used 17771K [0x0000000780000000, 0x0000000782480000, 0x00000007aab00000)
  object space 37376K, 47% used [0x0000000780000000,0x000000078115adc8,0x0000000782480000)
 Metaspace       used 23969K, capacity 24235K, committed 24576K, reserved 1071104K
  class space    used 2342K, capacity 2450K, committed 2560K, reserved 1048576K
}

