# JRE version: Java(TM) SE Runtime Environment (8.0_101-b13) (build 1.8.0_101-b13)
# Java VM: Java HotSpot(TM) 64-Bit Server VM (25.101-b13 mixed mode bsd-amd64 compressed oops)
Heap:
 PSYoungGen      total 57344K, used 3780K [0x00000007aab00000, 0x00000007aec80000, 0x00000007c0000000)
  eden space 50688K, 7% used [0x00000007aab00000,0x00000007aae89198,0x00000007adc80000)
  from space 6656K, 2% used [0x00000007ae600000,0x00000007ae628000,0x00000007aec80000)
  to   space 8192K, 0% used [0x00000007adc80000,0x00000007adc80000,0x00000007ae480000)
 ParOldGen       total 38912K, used 19459K [0x0000000780000000, 0x0000000782600000, 0x00000007aab00000)
  object space 38912K, 50% used [0x0000000780000000,0x0000000781300cd0,0x0000000782600000)
 Metaspace       used 24038K, capacity 24247K, committed 24576K, reserved 1071104K
  class space    used 2371K, capacity 2452K, committed 2560K, reserved 1048576K
GC Heap History (10 events):
Event: 160.113 GC heap before
{Heap before GC invocations=17 (full 1):
 PSYoungGen      total 60928K, used 60864K [0x00000007aab00000, 0x00000007af600000, 0x00000007c0000000)
  eden space 58368K, 100% used [0x00000007aab00000,0x00000007ae400000,0x00000007ae400000)
  from space 2560K, 97% used [0x00000007ae600000,0x00000007ae870060,0x00000007ae880000)
  to   space 9216K, 0% used [0x00000007aed00000,0x00000007aed00000,0x00000007af600000)
 ParOldGen       total 38912K, used 17085K [0x0000000780000000, 0x0000000782600000, 0x00000007aab00000)
  object space 38912K, 43% used [0x0000000780000000,0x00000007810af6f0,0x0000000782600000)
 Metaspace       used 24009K, capacity 24247K, committed 24576K, reserved 1071104K
  class space    used 2365K, capacity 2452K, committed 2560K, reserved 1048576K
Event: 160.119 GC heap after
Heap after GC invocations=17 (full 1):
 PSYoungGen      total 64512K, used 2544K [0x00000007aab00000, 0x00000007af480000, 0x00000007c0000000)
  eden space 56832K, 0% used [0x00000007aab00000,0x00000007aab00000,0x00000007ae280000)
  from space 7680K, 33% used [0x00000007aed00000,0x00000007aef7c070,0x00000007af480000)
  to   space 9216K, 0% used [0x00000007ae280000,0x00000007ae280000,0x00000007aeb80000)
 ParOldGen       total 38912K, used 17085K [0x0000000780000000, 0x0000000782600000, 0x00000007aab00000)
  object space 38912K, 43% used [0x0000000780000000,0x00000007810af6f0,0x0000000782600000)
 Metaspace       used 24009K, capacity 24247K, committed 24576K, reserved 1071104K
  class space    used 2365K, capacity 2452K, committed 2560K, reserved 1048576K
}
Event: 176.958 GC heap before
{Heap before GC invocations=18 (full 1):
 PSYoungGen      total 64512K, used 59376K [0x00000007aab00000, 0x00000007af480000, 0x00000007c0000000)
  eden space 56832K, 100% used [0x00000007aab00000,0x00000007ae280000,0x00000007ae280000)
  from space 7680K, 33% used [0x00000007aed00000,0x00000007aef7c070,0x00000007af480000)
  to   space 9216K, 0% used [0x00000007ae280000,0x00000007ae280000,0x00000007aeb80000)
 ParOldGen       total 38912K, used 17085K [0x0000000780000000, 0x0000000782600000, 0x00000007aab00000)
  object space 38912K, 43% used [0x0000000780000000,0x00000007810af6f0,0x0000000782600000)
 Metaspace       used 24009K, capacity 24247K, committed 24576K, reserved 1071104K
  class space    used 2365K, capacity 2452K, committed 2560K, reserved 1048576K
Event: 176.967 GC heap after
Heap after GC invocations=18 (full 1):
 PSYoungGen      total 57856K, used 2464K [0x00000007aab00000, 0x00000007af200000, 0x00000007c0000000)
  eden space 55296K, 0% used [0x00000007aab00000,0x00000007aab00000,0x00000007ae100000)
  from space 2560K, 96% used [0x00000007ae280000,0x00000007ae4e8060,0x00000007ae500000)
  to   space 8704K, 0% used [0x00000007ae980000,0x00000007ae980000,0x00000007af200000)
 ParOldGen       total 38912K, used 17085K [0x0000000780000000, 0x0000000782600000, 0x00000007aab00000)
  object space 38912K, 43% used [0x0000000780000000,0x00000007810af6f0,0x0000000782600000)
 Metaspace       used 24009K, capacity 24247K, committed 24576K, reserved 1071104K
  class space    used 2365K, capacity 2452K, committed 2560K, reserved 1048576K
}
Event: 196.051 GC heap before
{Heap before GC invocations=19 (full 1):
 PSYoungGen      total 57856K, used 57760K [0x00000007aab00000, 0x00000007af200000, 0x00000007c0000000)
  eden space 55296K, 100% used [0x00000007aab00000,0x00000007ae100000,0x00000007ae100000)
  from space 2560K, 96% used [0x00000007ae280000,0x00000007ae4e8060,0x00000007ae500000)
  to   space 8704K, 0% used [0x00000007ae980000,0x00000007ae980000,0x00000007af200000)
 ParOldGen       total 38912K, used 17085K [0x0000000780000000, 0x0000000782600000, 0x00000007aab00000)
  object space 38912K, 43% used [0x0000000780000000,0x00000007810af6f0,0x0000000782600000)
 Metaspace       used 24009K, capacity 24247K, committed 24576K, reserved 1071104K
  class space    used 2365K, capacity 2452K, committed 2560K, reserved 1048576K
Event: 196.075 GC heap after
Heap after GC invocations=19 (full 1):
 PSYoungGen      total 59904K, used 2464K [0x00000007aab00000, 0x00000007aef80000, 0x00000007c0000000)
  eden space 53760K, 0% used [0x00000007aab00000,0x00000007aab00000,0x00000007adf80000)
  from space 6144K, 40% used [0x00000007ae980000,0x00000007aebe8060,0x00000007aef80000)
  to   space 8192K, 0% used [0x00000007adf80000,0x00000007adf80000,0x00000007ae780000)
 ParOldGen       total 38912K, used 17085K [0x0000000780000000, 0x0000000782600000, 0x00000007aab00000)
  object space 38912K, 43% used [0x0000000780000000,0x00000007810af6f0,0x0000000782600000)
 Metaspace       used 24009K, capacity 24247K, committed 24576K, reserved 1071104K
  class space    used 2365K, capacity 2452K, committed 2560K, reserved 1048576K
}
Event: 215.517 GC heap before
{Heap before GC invocations=20 (full 1):
 PSYoungGen      total 59904K, used 56224K [0x00000007aab00000, 0x00000007aef80000, 0x00000007c0000000)
  eden space 53760K, 100% used [0x00000007aab00000,0x00000007adf80000,0x00000007adf80000)
  from space 6144K, 40% used [0x00000007ae980000,0x00000007aebe8060,0x00000007aef80000)
  to   space 8192K, 0% used [0x00000007adf80000,0x00000007adf80000,0x00000007ae780000)
 ParOldGen       total 38912K, used 17085K [0x0000000780000000, 0x0000000782600000, 0x00000007aab00000)
  object space 38912K, 43% used [0x0000000780000000,0x00000007810af6f0,0x0000000782600000)
 Metaspace       used 24009K, capacity 24247K, committed 24576K, reserved 1071104K
  class space    used 2365K, capacity 2452K, committed 2560K, reserved 1048576K
Event: 215.523 GC heap after
Heap after GC invocations=20 (full 1):
 PSYoungGen      total 54784K, used 2512K [0x00000007aab00000, 0x00000007aee00000, 0x00000007c0000000)
  eden space 52224K, 0% used [0x00000007aab00000,0x00000007aab00000,0x00000007ade00000)
  from space 2560K, 98% used [0x00000007adf80000,0x00000007ae1f4070,0x00000007ae200000)
  to   space 8192K, 0% used [0x00000007ae600000,0x00000007ae600000,0x00000007aee00000)
 ParOldGen       total 38912K, used 17085K [0x0000000780000000, 0x0000000782600000, 0x00000007aab00000)
  object space 38912K, 43% used [0x0000000780000000,0x00000007810af6f0,0x0000000782600000)
 Metaspace       used 24009K, capacity 24247K, committed 24576K, reserved 1071104K
  class space    used 2365K, capacity 2452K, committed 2560K, reserved 1048576K
}
Event: 233.018 GC heap before
{Heap before GC invocations=21 (full 1):
 PSYoungGen      total 54784K, used 54736K [0x00000007aab00000, 0x00000007aee00000, 0x00000007c0000000)
  eden space 52224K, 100% used [0x00000007aab00000,0x00000007ade00000,0x00000007ade00000)
  from space 2560K, 98% used [0x00000007adf80000,0x00000007ae1f4070,0x00000007ae200000)
  to   space 8192K, 0% used [0x00000007ae600000,0x00000007ae600000,0x00000007aee00000)
 ParOldGen       total 38912K, used 17085K [0x0000000780000000, 0x0000000782600000, 0x00000007aab00000)
  object space 38912K, 43% used [0x0000000780000000,0x00000007810af6f0,0x0000000782600000)
 Metaspace       used 24009K, capacity 24247K, committed 24576K, reserved 1071104K
  class space    used 2365K, capacity 2452K, committed 2560K, reserved 1048576K
Event: 233.025 GC heap after
Heap after GC invocations=21 (full 1):
 PSYoungGen      total 57344K, used 160K [0x00000007aab00000, 0x00000007aec80000, 0x00000007c0000000)
  eden space 50688K, 0% used [0x00000007aab00000,0x00000007aab00000,0x00000007adc80000)
  from space 6656K, 2% used [0x00000007ae600000,0x00000007ae628000,0x00000007aec80000)
  to   space 8192K, 0% used [0x00000007adc80000,0x00000007adc80000,0x00000007ae480000)
 ParOldGen       total 38912K, used 19459K [0x0000000780000000, 0x0000000782600000, 0x00000007aab00000)
  object space 38912K, 50% used [0x0000000780000000,0x0000000781300cd0,0x0000000782600000)
 Metaspace       used 24009K, capacity 24247K, committed 24576K, reserved 1071104K
  class space    used 2365K, capacity 2452K, committed 2560K, reserved 1048576K
}

