# JRE version: Java(TM) SE Runtime Environment (8.0_101-b13) (build 1.8.0_101-b13)
# Java VM: Java HotSpot(TM) 64-Bit Server VM (25.101-b13 mixed mode bsd-amd64 compressed oops)
Heap:
 PSYoungGen      total 42496K, used 1438K [0x00000007aab00000, 0x00000007aeb00000, 0x00000007c0000000)
  eden space 41984K, 3% used [0x00000007aab00000,0x00000007aac3f860,0x00000007ad400000)
  from space 512K, 31% used [0x00000007aea80000,0x00000007aeaa8000,0x00000007aeb00000)
  to   space 9728K, 0% used [0x00000007ad800000,0x00000007ad800000,0x00000007ae180000)
 ParOldGen       total 34816K, used 20776K [0x0000000780000000, 0x0000000782200000, 0x00000007aab00000)
  object space 34816K, 59% used [0x0000000780000000,0x000000078144a370,0x0000000782200000)
 Metaspace       used 23650K, capacity 23901K, committed 24320K, reserved 1071104K
  class space    used 2338K, capacity 2449K, committed 2560K, reserved 1048576K
GC Heap History (10 events):
Event: 10.140 GC heap before
{Heap before GC invocations=7 (full 1):
 PSYoungGen      total 18944K, used 18930K [0x00000007aab00000, 0x00000007ada00000, 0x00000007c0000000)
  eden space 16384K, 100% used [0x00000007aab00000,0x00000007abb00000,0x00000007abb00000)
  from space 2560K, 99% used [0x00000007abb00000,0x00000007abd7ca70,0x00000007abd80000)
  to   space 10240K, 0% used [0x00000007ad000000,0x00000007ad000000,0x00000007ada00000)
 ParOldGen       total 34816K, used 15038K [0x0000000780000000, 0x0000000782200000, 0x00000007aab00000)
  object space 34816K, 43% used [0x0000000780000000,0x0000000780eaf840,0x0000000782200000)
 Metaspace       used 23033K, capacity 23319K, committed 23552K, reserved 1071104K
  class space    used 2331K, capacity 2448K, committed 2560K, reserved 1048576K
Event: 10.145 GC heap after
Heap after GC invocations=7 (full 1):
 PSYoungGen      total 35840K, used 5746K [0x00000007aab00000, 0x00000007ad800000, 0x00000007c0000000)
  eden space 27648K, 0% used [0x00000007aab00000,0x00000007aab00000,0x00000007ac600000)
  from space 8192K, 70% used [0x00000007ad000000,0x00000007ad59cb30,0x00000007ad800000)
  to   space 9216K, 0% used [0x00000007ac600000,0x00000007ac600000,0x00000007acf00000)
 ParOldGen       total 34816K, used 15046K [0x0000000780000000, 0x0000000782200000, 0x00000007aab00000)
  object space 34816K, 43% used [0x0000000780000000,0x0000000780eb1840,0x0000000782200000)
 Metaspace       used 23033K, capacity 23319K, committed 23552K, reserved 1071104K
  class space    used 2331K, capacity 2448K, committed 2560K, reserved 1048576K
}
Event: 16.301 GC heap before
{Heap before GC invocations=8 (full 1):
 PSYoungGen      total 35840K, used 33394K [0x00000007aab00000, 0x00000007ad800000, 0x00000007c0000000)
  eden space 27648K, 100% used [0x00000007aab00000,0x00000007ac600000,0x00000007ac600000)
  from space 8192K, 70% used [0x00000007ad000000,0x00000007ad59cb30,0x00000007ad800000)
  to   space 9216K, 0% used [0x00000007ac600000,0x00000007ac600000,0x00000007acf00000)
 ParOldGen       total 34816K, used 15046K [0x0000000780000000, 0x0000000782200000, 0x00000007aab00000)
  object space 34816K, 43% used [0x0000000780000000,0x0000000780eb1840,0x0000000782200000)
 Metaspace       used 23488K, capacity 23709K, committed 24064K, reserved 1071104K
  class space    used 2331K, capacity 2449K, committed 2560K, reserved 1048576K
Event: 16.305 GC heap after
Heap after GC invocations=8 (full 1):
 PSYoungGen      total 36864K, used 5778K [0x00000007aab00000, 0x00000007ae900000, 0x00000007c0000000)
  eden space 27648K, 0% used [0x00000007aab00000,0x00000007aab00000,0x00000007ac600000)
  from space 9216K, 62% used [0x00000007ac600000,0x00000007acba4b30,0x00000007acf00000)
  to   space 9216K, 0% used [0x00000007ae000000,0x00000007ae000000,0x00000007ae900000)
 ParOldGen       total 34816K, used 15054K [0x0000000780000000, 0x0000000782200000, 0x00000007aab00000)
  object space 34816K, 43% used [0x0000000780000000,0x0000000780eb3840,0x0000000782200000)
 Metaspace       used 23488K, capacity 23709K, committed 24064K, reserved 1071104K
  class space    used 2331K, capacity 2449K, committed 2560K, reserved 1048576K
}
Event: 22.936 GC heap before
{Heap before GC invocations=9 (full 1):
 PSYoungGen      total 36864K, used 33426K [0x00000007aab00000, 0x00000007ae900000, 0x00000007c0000000)
  eden space 27648K, 100% used [0x00000007aab00000,0x00000007ac600000,0x00000007ac600000)
  from space 9216K, 62% used [0x00000007ac600000,0x00000007acba4b30,0x00000007acf00000)
  to   space 9216K, 0% used [0x00000007ae000000,0x00000007ae000000,0x00000007ae900000)
 ParOldGen       total 34816K, used 15054K [0x0000000780000000, 0x0000000782200000, 0x00000007aab00000)
  object space 34816K, 43% used [0x0000000780000000,0x0000000780eb3840,0x0000000782200000)
 Metaspace       used 23618K, capacity 23901K, committed 24320K, reserved 1071104K
  class space    used 2331K, capacity 2449K, committed 2560K, reserved 1048576K
Event: 22.941 GC heap after
Heap after GC invocations=9 (full 1):
 PSYoungGen      total 49152K, used 5746K [0x00000007aab00000, 0x00000007ae600000, 0x00000007c0000000)
  eden space 43008K, 0% used [0x00000007aab00000,0x00000007aab00000,0x00000007ad500000)
  from space 6144K, 93% used [0x00000007ae000000,0x00000007ae59cb30,0x00000007ae600000)
  to   space 8704K, 0% used [0x00000007ad500000,0x00000007ad500000,0x00000007add80000)
 ParOldGen       total 34816K, used 15062K [0x0000000780000000, 0x0000000782200000, 0x00000007aab00000)
  object space 34816K, 43% used [0x0000000780000000,0x0000000780eb5840,0x0000000782200000)
 Metaspace       used 23618K, capacity 23901K, committed 24320K, reserved 1071104K
  class space    used 2331K, capacity 2449K, committed 2560K, reserved 1048576K
}
Event: 33.562 GC heap before
{Heap before GC invocations=10 (full 1):
 PSYoungGen      total 49152K, used 48754K [0x00000007aab00000, 0x00000007ae600000, 0x00000007c0000000)
  eden space 43008K, 100% used [0x00000007aab00000,0x00000007ad500000,0x00000007ad500000)
  from space 6144K, 93% used [0x00000007ae000000,0x00000007ae59cb30,0x00000007ae600000)
  to   space 8704K, 0% used [0x00000007ad500000,0x00000007ad500000,0x00000007add80000)
 ParOldGen       total 34816K, used 15062K [0x0000000780000000, 0x0000000782200000, 0x00000007aab00000)
  object space 34816K, 43% used [0x0000000780000000,0x0000000780eb5840,0x0000000782200000)
 Metaspace       used 23619K, capacity 23901K, committed 24320K, reserved 1071104K
  class space    used 2331K, capacity 2449K, committed 2560K, reserved 1048576K
Event: 33.567 GC heap after
Heap after GC invocations=10 (full 1):
 PSYoungGen      total 51712K, used 160K [0x00000007aab00000, 0x00000007af380000, 0x00000007c0000000)
  eden space 43008K, 0% used [0x00000007aab00000,0x00000007aab00000,0x00000007ad500000)
  from space 8704K, 1% used [0x00000007ad500000,0x00000007ad528000,0x00000007add80000)
  to   space 9216K, 0% used [0x00000007aea80000,0x00000007aea80000,0x00000007af380000)
 ParOldGen       total 34816K, used 20720K [0x0000000780000000, 0x0000000782200000, 0x00000007aab00000)
  object space 34816K, 59% used [0x0000000780000000,0x000000078143c370,0x0000000782200000)
 Metaspace       used 23619K, capacity 23901K, committed 24320K, reserved 1071104K
  class space    used 2331K, capacity 2449K, committed 2560K, reserved 1048576K
}
Event: 43.883 GC heap before
{Heap before GC invocations=11 (full 1):
 PSYoungGen      total 51712K, used 43168K [0x00000007aab00000, 0x00000007af380000, 0x00000007c0000000)
  eden space 43008K, 100% used [0x00000007aab00000,0x00000007ad500000,0x00000007ad500000)
  from space 8704K, 1% used [0x00000007ad500000,0x00000007ad528000,0x00000007add80000)
  to   space 9216K, 0% used [0x00000007aea80000,0x00000007aea80000,0x00000007af380000)
 ParOldGen       total 34816K, used 20720K [0x0000000780000000, 0x0000000782200000, 0x00000007aab00000)
  object space 34816K, 59% used [0x0000000780000000,0x000000078143c370,0x0000000782200000)
 Metaspace       used 23647K, capacity 23901K, committed 24320K, reserved 1071104K
  class space    used 2337K, capacity 2449K, committed 2560K, reserved 1048576K
Event: 43.885 GC heap after
Heap after GC invocations=11 (full 1):
 PSYoungGen      total 42496K, used 160K [0x00000007aab00000, 0x00000007aeb00000, 0x00000007c0000000)
  eden space 41984K, 0% used [0x00000007aab00000,0x00000007aab00000,0x00000007ad400000)
  from space 512K, 31% used [0x00000007aea80000,0x00000007aeaa8000,0x00000007aeb00000)
  to   space 9728K, 0% used [0x00000007ad800000,0x00000007ad800000,0x00000007ae180000)
 ParOldGen       total 34816K, used 20776K [0x0000000780000000, 0x0000000782200000, 0x00000007aab00000)
  object space 34816K, 59% used [0x0000000780000000,0x000000078144a370,0x0000000782200000)
 Metaspace       used 23647K, capacity 23901K, committed 24320K, reserved 1071104K
  class space    used 2337K, capacity 2449K, committed 2560K, reserved 1048576K
}

