# JRE version: Java(TM) SE Runtime Environment (8.0_101-b13) (build 1.8.0_101-b13)
# Java VM: Java HotSpot(TM) 64-Bit Server VM (25.101-b13 mixed mode bsd-amd64 compressed oops)
Heap:
 PSYoungGen      total 69120K, used 24216K [0x00000007aab00000, 0x00000007afe00000, 0x00000007c0000000)
  eden space 66560K, 32% used [0x00000007aab00000,0x00000007ac03e220,0x00000007aec00000)
  from space 2560K, 96% used [0x00000007aee80000,0x00000007af0e8060,0x00000007af100000)
  to   space 9216K, 0% used [0x00000007af500000,0x00000007af500000,0x00000007afe00000)
 ParOldGen       total 38400K, used 17946K [0x0000000780000000, 0x0000000782580000, 0x00000007aab00000)
  object space 38400K, 46% used [0x0000000780000000,0x0000000781186bc0,0x0000000782580000)
 Metaspace       used 24060K, capacity 24311K, committed 24576K, reserved 1071104K
  class space    used 2371K, capacity 2452K, committed 2560K, reserved 1048576K
GC Heap History (10 events):
Event: 99.913 GC heap before
{Heap before GC invocations=14 (full 1):
 PSYoungGen      total 88064K, used 81792K [0x00000007aab00000, 0x00000007b0d80000, 0x00000007c0000000)
  eden space 79360K, 100% used [0x00000007aab00000,0x00000007af880000,0x00000007af880000)
  from space 8704K, 27% used [0x00000007b0500000,0x00000007b0760060,0x00000007b0d80000)
  to   space 10752K, 0% used [0x00000007af880000,0x00000007af880000,0x00000007b0300000)
 ParOldGen       total 38400K, used 17930K [0x0000000780000000, 0x0000000782580000, 0x00000007aab00000)
  object space 38400K, 46% used [0x0000000780000000,0x0000000781182bc0,0x0000000782580000)
 Metaspace       used 23997K, capacity 24247K, committed 24576K, reserved 1071104K
  class space    used 2363K, capacity 2452K, committed 2560K, reserved 1048576K
Event: 99.921 GC heap after
Heap after GC invocations=14 (full 1):
 PSYoungGen      total 79360K, used 2432K [0x00000007aab00000, 0x00000007b0b00000, 0x00000007c0000000)
  eden space 76800K, 0% used [0x00000007aab00000,0x00000007aab00000,0x00000007af600000)
  from space 2560K, 95% used [0x00000007af880000,0x00000007afae0060,0x00000007afb00000)
  to   space 10752K, 0% used [0x00000007b0080000,0x00000007b0080000,0x00000007b0b00000)
 ParOldGen       total 38400K, used 17930K [0x0000000780000000, 0x0000000782580000, 0x00000007aab00000)
  object space 38400K, 46% used [0x0000000780000000,0x0000000781182bc0,0x0000000782580000)
 Metaspace       used 23997K, capacity 24247K, committed 24576K, reserved 1071104K
  class space    used 2363K, capacity 2452K, committed 2560K, reserved 1048576K
}
Event: 115.709 GC heap before
{Heap before GC invocations=15 (full 1):
 PSYoungGen      total 79360K, used 79232K [0x00000007aab00000, 0x00000007b0b00000, 0x00000007c0000000)
  eden space 76800K, 100% used [0x00000007aab00000,0x00000007af600000,0x00000007af600000)
  from space 2560K, 95% used [0x00000007af880000,0x00000007afae0060,0x00000007afb00000)
  to   space 10752K, 0% used [0x00000007b0080000,0x00000007b0080000,0x00000007b0b00000)
 ParOldGen       total 38400K, used 17930K [0x0000000780000000, 0x0000000782580000, 0x00000007aab00000)
  object space 38400K, 46% used [0x0000000780000000,0x0000000781182bc0,0x0000000782580000)
 Metaspace       used 23997K, capacity 24247K, committed 24576K, reserved 1071104K
  class space    used 2363K, capacity 2452K, committed 2560K, reserved 1048576K
Event: 115.716 GC heap after
Heap after GC invocations=15 (full 1):
 PSYoungGen      total 81408K, used 2464K [0x00000007aab00000, 0x00000007b0780000, 0x00000007c0000000)
  eden space 74240K, 0% used [0x00000007aab00000,0x00000007aab00000,0x00000007af380000)
  from space 7168K, 34% used [0x00000007b0080000,0x00000007b02e8060,0x00000007b0780000)
  to   space 10240K, 0% used [0x00000007af380000,0x00000007af380000,0x00000007afd80000)
 ParOldGen       total 38400K, used 17938K [0x0000000780000000, 0x0000000782580000, 0x00000007aab00000)
  object space 38400K, 46% used [0x0000000780000000,0x0000000781184bc0,0x0000000782580000)
 Metaspace       used 23997K, capacity 24247K, committed 24576K, reserved 1071104K
  class space    used 2363K, capacity 2452K, committed 2560K, reserved 1048576K
}
Event: 131.189 GC heap before
{Heap before GC invocations=16 (full 1):
 PSYoungGen      total 81408K, used 76704K [0x00000007aab00000, 0x00000007b0780000, 0x00000007c0000000)
  eden space 74240K, 100% used [0x00000007aab00000,0x00000007af380000,0x00000007af380000)
  from space 7168K, 34% used [0x00000007b0080000,0x00000007b02e8060,0x00000007b0780000)
  to   space 10240K, 0% used [0x00000007af380000,0x00000007af380000,0x00000007afd80000)
 ParOldGen       total 38400K, used 17938K [0x0000000780000000, 0x0000000782580000, 0x00000007aab00000)
  object space 38400K, 46% used [0x0000000780000000,0x0000000781184bc0,0x0000000782580000)
 Metaspace       used 23999K, capacity 24247K, committed 24576K, reserved 1071104K
  class space    used 2363K, capacity 2452K, committed 2560K, reserved 1048576K
Event: 131.194 GC heap after
Heap after GC invocations=16 (full 1):
 PSYoungGen      total 74240K, used 2432K [0x00000007aab00000, 0x00000007b0400000, 0x00000007c0000000)
  eden space 71680K, 0% used [0x00000007aab00000,0x00000007aab00000,0x00000007af100000)
  from space 2560K, 95% used [0x00000007af380000,0x00000007af5e0060,0x00000007af600000)
  to   space 9728K, 0% used [0x00000007afa80000,0x00000007afa80000,0x00000007b0400000)
 ParOldGen       total 38400K, used 17938K [0x0000000780000000, 0x0000000782580000, 0x00000007aab00000)
  object space 38400K, 46% used [0x0000000780000000,0x0000000781184bc0,0x0000000782580000)
 Metaspace       used 23999K, capacity 24247K, committed 24576K, reserved 1071104K
  class space    used 2363K, capacity 2452K, committed 2560K, reserved 1048576K
}
Event: 145.824 GC heap before
{Heap before GC invocations=17 (full 1):
 PSYoungGen      total 74240K, used 74112K [0x00000007aab00000, 0x00000007b0400000, 0x00000007c0000000)
  eden space 71680K, 100% used [0x00000007aab00000,0x00000007af100000,0x00000007af100000)
  from space 2560K, 95% used [0x00000007af380000,0x00000007af5e0060,0x00000007af600000)
  to   space 9728K, 0% used [0x00000007afa80000,0x00000007afa80000,0x00000007b0400000)
 ParOldGen       total 38400K, used 17938K [0x0000000780000000, 0x0000000782580000, 0x00000007aab00000)
  object space 38400K, 46% used [0x0000000780000000,0x0000000781184bc0,0x0000000782580000)
 Metaspace       used 23999K, capacity 24247K, committed 24576K, reserved 1071104K
  class space    used 2363K, capacity 2452K, committed 2560K, reserved 1048576K
Event: 145.829 GC heap after
Heap after GC invocations=17 (full 1):
 PSYoungGen      total 75264K, used 2464K [0x00000007aab00000, 0x00000007b0080000, 0x00000007c0000000)
  eden space 69120K, 0% used [0x00000007aab00000,0x00000007aab00000,0x00000007aee80000)
  from space 6144K, 40% used [0x00000007afa80000,0x00000007afce8060,0x00000007b0080000)
  to   space 9216K, 0% used [0x00000007aee80000,0x00000007aee80000,0x00000007af780000)
 ParOldGen       total 38400K, used 17938K [0x0000000780000000, 0x0000000782580000, 0x00000007aab00000)
  object space 38400K, 46% used [0x0000000780000000,0x0000000781184bc0,0x0000000782580000)
 Metaspace       used 23999K, capacity 24247K, committed 24576K, reserved 1071104K
  class space    used 2363K, capacity 2452K, committed 2560K, reserved 1048576K
}
Event: 160.124 GC heap before
{Heap before GC invocations=18 (full 1):
 PSYoungGen      total 75264K, used 71584K [0x00000007aab00000, 0x00000007b0080000, 0x00000007c0000000)
  eden space 69120K, 100% used [0x00000007aab00000,0x00000007aee80000,0x00000007aee80000)
  from space 6144K, 40% used [0x00000007afa80000,0x00000007afce8060,0x00000007b0080000)
  to   space 9216K, 0% used [0x00000007aee80000,0x00000007aee80000,0x00000007af780000)
 ParOldGen       total 38400K, used 17938K [0x0000000780000000, 0x0000000782580000, 0x00000007aab00000)
  object space 38400K, 46% used [0x0000000780000000,0x0000000781184bc0,0x0000000782580000)
 Metaspace       used 24008K, capacity 24247K, committed 24576K, reserved 1071104K
  class space    used 2363K, capacity 2452K, committed 2560K, reserved 1048576K
Event: 160.129 GC heap after
Heap after GC invocations=18 (full 1):
 PSYoungGen      total 69120K, used 2464K [0x00000007aab00000, 0x00000007afe00000, 0x00000007c0000000)
  eden space 66560K, 0% used [0x00000007aab00000,0x00000007aab00000,0x00000007aec00000)
  from space 2560K, 96% used [0x00000007aee80000,0x00000007af0e8060,0x00000007af100000)
  to   space 9216K, 0% used [0x00000007af500000,0x00000007af500000,0x00000007afe00000)
 ParOldGen       total 38400K, used 17946K [0x0000000780000000, 0x0000000782580000, 0x00000007aab00000)
  object space 38400K, 46% used [0x0000000780000000,0x0000000781186bc0,0x0000000782580000)
 Metaspace       used 24008K, capacity 24247K, committed 24576K, reserved 1071104K
  class space    used 2363K, capacity 2452K, committed 2560K, reserved 1048576K
}

