# JRE version: Java(TM) SE Runtime Environment (8.0_101-b13) (build 1.8.0_101-b13)
# Java VM: Java HotSpot(TM) 64-Bit Server VM (25.101-b13 mixed mode bsd-amd64 compressed oops)
Heap:
 PSYoungGen      total 33280K, used 24781K [0x00000007aab00000, 0x00000007adc80000, 0x00000007c0000000)
  eden space 23552K, 78% used [0x00000007aab00000,0x00000007abcff538,0x00000007ac200000)
  from space 9728K, 65% used [0x00000007ac200000,0x00000007ac834250,0x00000007acb80000)
  to   space 9216K, 0% used [0x00000007ad380000,0x00000007ad380000,0x00000007adc80000)
 ParOldGen       total 39424K, used 14924K [0x0000000780000000, 0x0000000782680000, 0x00000007aab00000)
  object space 39424K, 37% used [0x0000000780000000,0x0000000780e93058,0x0000000782680000)
 Metaspace       used 23941K, capacity 24219K, committed 24576K, reserved 1071104K
  class space    used 2385K, capacity 2484K, committed 2560K, reserved 1048576K
GC Heap History (10 events):
Event: 5.930 GC heap before
{Heap before GC invocations=4 (full 0):
 PSYoungGen      total 18944K, used 18701K [0x00000007aab00000, 0x00000007ac000000, 0x00000007c0000000)
  eden space 16384K, 98% used [0x00000007aab00000,0x00000007abac6e18,0x00000007abb00000)
  from space 2560K, 99% used [0x00000007abb00000,0x00000007abd7c790,0x00000007abd80000)
  to   space 2560K, 0% used [0x00000007abd80000,0x00000007abd80000,0x00000007ac000000)
 ParOldGen       total 44032K, used 6961K [0x0000000780000000, 0x0000000782b00000, 0x00000007aab00000)
  object space 44032K, 15% used [0x0000000780000000,0x00000007806cc4e0,0x0000000782b00000)
 Metaspace       used 20759K, capacity 21003K, committed 21248K, reserved 1069056K
  class space    used 2127K, capacity 2226K, committed 2304K, reserved 1048576K
Event: 5.939 GC heap after
Heap after GC invocations=4 (full 0):
 PSYoungGen      total 18944K, used 2545K [0x00000007aab00000, 0x00000007ac000000, 0x00000007c0000000)
  eden space 16384K, 0% used [0x00000007aab00000,0x00000007aab00000,0x00000007abb00000)
  from space 2560K, 99% used [0x00000007abd80000,0x00000007abffc790,0x00000007ac000000)
  to   space 2560K, 0% used [0x00000007abb00000,0x00000007abb00000,0x00000007abd80000)
 ParOldGen       total 44032K, used 10753K [0x0000000780000000, 0x0000000782b00000, 0x00000007aab00000)
  object space 44032K, 24% used [0x0000000780000000,0x0000000780a80448,0x0000000782b00000)
 Metaspace       used 20759K, capacity 21003K, committed 21248K, reserved 1069056K
  class space    used 2127K, capacity 2226K, committed 2304K, reserved 1048576K
}
Event: 5.939 GC heap before
{Heap before GC invocations=5 (full 1):
 PSYoungGen      total 18944K, used 2545K [0x00000007aab00000, 0x00000007ac000000, 0x00000007c0000000)
  eden space 16384K, 0% used [0x00000007aab00000,0x00000007aab00000,0x00000007abb00000)
  from space 2560K, 99% used [0x00000007abd80000,0x00000007abffc790,0x00000007ac000000)
  to   space 2560K, 0% used [0x00000007abb00000,0x00000007abb00000,0x00000007abd80000)
 ParOldGen       total 44032K, used 10753K [0x0000000780000000, 0x0000000782b00000, 0x00000007aab00000)
  object space 44032K, 24% used [0x0000000780000000,0x0000000780a80448,0x0000000782b00000)
 Metaspace       used 20759K, capacity 21003K, committed 21248K, reserved 1069056K
  class space    used 2127K, capacity 2226K, committed 2304K, reserved 1048576K
Event: 5.996 GC heap after
Heap after GC invocations=5 (full 1):
 PSYoungGen      total 18944K, used 0K [0x00000007aab00000, 0x00000007ac000000, 0x00000007c0000000)
  eden space 16384K, 0% used [0x00000007aab00000,0x00000007aab00000,0x00000007abb00000)
  from space 2560K, 0% used [0x00000007abd80000,0x00000007abd80000,0x00000007ac000000)
  to   space 2560K, 0% used [0x00000007abb00000,0x00000007abb00000,0x00000007abd80000)
 ParOldGen       total 39424K, used 8456K [0x0000000780000000, 0x0000000782680000, 0x00000007aab00000)
  object space 39424K, 21% used [0x0000000780000000,0x00000007808421a0,0x0000000782680000)
 Metaspace       used 20759K, capacity 21003K, committed 21248K, reserved 1069056K
  class space    used 2127K, capacity 2226K, committed 2304K, reserved 1048576K
}
Event: 6.835 GC heap before
{Heap before GC invocations=6 (full 1):
 PSYoungGen      total 18944K, used 16384K [0x00000007aab00000, 0x00000007ac000000, 0x00000007c0000000)
  eden space 16384K, 100% used [0x00000007aab00000,0x00000007abb00000,0x00000007abb00000)
  from space 2560K, 0% used [0x00000007abd80000,0x00000007abd80000,0x00000007ac000000)
  to   space 2560K, 0% used [0x00000007abb00000,0x00000007abb00000,0x00000007abd80000)
 ParOldGen       total 39424K, used 8456K [0x0000000780000000, 0x0000000782680000, 0x00000007aab00000)
  object space 39424K, 21% used [0x0000000780000000,0x00000007808421a0,0x0000000782680000)
 Metaspace       used 23142K, capacity 23375K, committed 23680K, reserved 1071104K
  class space    used 2344K, capacity 2418K, committed 2432K, reserved 1048576K
Event: 6.842 GC heap after
Heap after GC invocations=6 (full 1):
 PSYoungGen      total 18944K, used 2544K [0x00000007aab00000, 0x00000007ad680000, 0x00000007c0000000)
  eden space 16384K, 0% used [0x00000007aab00000,0x00000007aab00000,0x00000007abb00000)
  from space 2560K, 99% used [0x00000007abb00000,0x00000007abd7c130,0x00000007abd80000)
  to   space 10240K, 0% used [0x00000007acc80000,0x00000007acc80000,0x00000007ad680000)
 ParOldGen       total 39424K, used 14908K [0x0000000780000000, 0x0000000782680000, 0x00000007aab00000)
  object space 39424K, 37% used [0x0000000780000000,0x0000000780e8f058,0x0000000782680000)
 Metaspace       used 23142K, capacity 23375K, committed 23680K, reserved 1071104K
  class space    used 2344K, capacity 2418K, committed 2432K, reserved 1048576K
}
Event: 7.930 GC heap before
{Heap before GC invocations=7 (full 1):
 PSYoungGen      total 18944K, used 18733K [0x00000007aab00000, 0x00000007ad680000, 0x00000007c0000000)
  eden space 16384K, 98% used [0x00000007aab00000,0x00000007abacf4f0,0x00000007abb00000)
  from space 2560K, 99% used [0x00000007abb00000,0x00000007abd7c130,0x00000007abd80000)
  to   space 10240K, 0% used [0x00000007acc80000,0x00000007acc80000,0x00000007ad680000)
 ParOldGen       total 39424K, used 14908K [0x0000000780000000, 0x0000000782680000, 0x00000007aab00000)
  object space 39424K, 37% used [0x0000000780000000,0x0000000780e8f058,0x0000000782680000)
 Metaspace       used 23365K, capacity 23605K, committed 24064K, reserved 1071104K
  class space    used 2352K, capacity 2451K, committed 2560K, reserved 1048576K
Event: 7.935 GC heap after
Heap after GC invocations=7 (full 1):
 PSYoungGen      total 32256K, used 6256K [0x00000007aab00000, 0x00000007ad500000, 0x00000007c0000000)
  eden space 23552K, 0% used [0x00000007aab00000,0x00000007aab00000,0x00000007ac200000)
  from space 8704K, 71% used [0x00000007acc80000,0x00000007ad29c2b0,0x00000007ad500000)
  to   space 9728K, 0% used [0x00000007ac200000,0x00000007ac200000,0x00000007acb80000)
 ParOldGen       total 39424K, used 14916K [0x0000000780000000, 0x0000000782680000, 0x00000007aab00000)
  object space 39424K, 37% used [0x0000000780000000,0x0000000780e91058,0x0000000782680000)
 Metaspace       used 23365K, capacity 23605K, committed 24064K, reserved 1071104K
  class space    used 2352K, capacity 2451K, committed 2560K, reserved 1048576K
}
Event: 11.905 GC heap before
{Heap before GC invocations=8 (full 1):
 PSYoungGen      total 32256K, used 29808K [0x00000007aab00000, 0x00000007ad500000, 0x00000007c0000000)
  eden space 23552K, 100% used [0x00000007aab00000,0x00000007ac200000,0x00000007ac200000)
  from space 8704K, 71% used [0x00000007acc80000,0x00000007ad29c2b0,0x00000007ad500000)
  to   space 9728K, 0% used [0x00000007ac200000,0x00000007ac200000,0x00000007acb80000)
 ParOldGen       total 39424K, used 14916K [0x0000000780000000, 0x0000000782680000, 0x00000007aab00000)
  object space 39424K, 37% used [0x0000000780000000,0x0000000780e91058,0x0000000782680000)
 Metaspace       used 23820K, capacity 24091K, committed 24320K, reserved 1071104K
  class space    used 2377K, capacity 2484K, committed 2560K, reserved 1048576K
Event: 11.910 GC heap after
Heap after GC invocations=8 (full 1):
 PSYoungGen      total 33280K, used 6352K [0x00000007aab00000, 0x00000007adc80000, 0x00000007c0000000)
  eden space 23552K, 0% used [0x00000007aab00000,0x00000007aab00000,0x00000007ac200000)
  from space 9728K, 65% used [0x00000007ac200000,0x00000007ac834250,0x00000007acb80000)
  to   space 9216K, 0% used [0x00000007ad380000,0x00000007ad380000,0x00000007adc80000)
 ParOldGen       total 39424K, used 14924K [0x0000000780000000, 0x0000000782680000, 0x00000007aab00000)
  object space 39424K, 37% used [0x0000000780000000,0x0000000780e93058,0x0000000782680000)
 Metaspace       used 23820K, capacity 24091K, committed 24320K, reserved 1071104K
  class space    used 2377K, capacity 2484K, committed 2560K, reserved 1048576K
}

