# JRE version: Java(TM) SE Runtime Environment (8.0_101-b13) (build 1.8.0_101-b13)
# Java VM: Java HotSpot(TM) 64-Bit Server VM (25.101-b13 mixed mode bsd-amd64 compressed oops)
Heap:
 PSYoungGen      total 49152K, used 46818K [0x00000007aab00000, 0x00000007ae500000, 0x00000007c0000000)
  eden space 43008K, 95% used [0x00000007aab00000,0x00000007ad2f8a08,0x00000007ad500000)
  from space 6144K, 95% used [0x00000007ad600000,0x00000007adbc01c0,0x00000007adc00000)
  to   space 8192K, 0% used [0x00000007add00000,0x00000007add00000,0x00000007ae500000)
 ParOldGen       total 36864K, used 14031K [0x0000000780000000, 0x0000000782400000, 0x00000007aab00000)
  object space 36864K, 38% used [0x0000000780000000,0x0000000780db3fd0,0x0000000782400000)
 Metaspace       used 23660K, capacity 23911K, committed 24320K, reserved 1071104K
  class space    used 2337K, capacity 2450K, committed 2560K, reserved 1048576K
GC Heap History (10 events):
Event: 24.436 GC heap before
{Heap before GC invocations=10 (full 1):
 PSYoungGen      total 41472K, used 39712K [0x00000007aab00000, 0x00000007ade00000, 0x00000007c0000000)
  eden space 33792K, 100% used [0x00000007aab00000,0x00000007acc00000,0x00000007acc00000)
  from space 7680K, 77% used [0x00000007ad680000,0x00000007adc481c0,0x00000007ade00000)
  to   space 9216K, 0% used [0x00000007acc00000,0x00000007acc00000,0x00000007ad500000)
 ParOldGen       total 36864K, used 14023K [0x0000000780000000, 0x0000000782400000, 0x00000007aab00000)
  object space 36864K, 38% used [0x0000000780000000,0x0000000780db1fd0,0x0000000782400000)
 Metaspace       used 23625K, capacity 23911K, committed 24320K, reserved 1071104K
  class space    used 2330K, capacity 2450K, committed 2560K, reserved 1048576K
Event: 24.439 GC heap after
Heap after GC invocations=10 (full 1):
 PSYoungGen      total 43008K, used 5840K [0x00000007aab00000, 0x00000007ae380000, 0x00000007c0000000)
  eden space 33792K, 0% used [0x00000007aab00000,0x00000007aab00000,0x00000007acc00000)
  from space 9216K, 63% used [0x00000007acc00000,0x00000007ad1b41d0,0x00000007ad500000)
  to   space 8704K, 0% used [0x00000007adb00000,0x00000007adb00000,0x00000007ae380000)
 ParOldGen       total 36864K, used 14031K [0x0000000780000000, 0x0000000782400000, 0x00000007aab00000)
  object space 36864K, 38% used [0x0000000780000000,0x0000000780db3fd0,0x0000000782400000)
 Metaspace       used 23625K, capacity 23911K, committed 24320K, reserved 1071104K
  class space    used 2330K, capacity 2450K, committed 2560K, reserved 1048576K
}
Event: 32.798 GC heap before
{Heap before GC invocations=11 (full 1):
 PSYoungGen      total 43008K, used 39632K [0x00000007aab00000, 0x00000007ae380000, 0x00000007c0000000)
  eden space 33792K, 100% used [0x00000007aab00000,0x00000007acc00000,0x00000007acc00000)
  from space 9216K, 63% used [0x00000007acc00000,0x00000007ad1b41d0,0x00000007ad500000)
  to   space 8704K, 0% used [0x00000007adb00000,0x00000007adb00000,0x00000007ae380000)
 ParOldGen       total 36864K, used 14031K [0x0000000780000000, 0x0000000782400000, 0x00000007aab00000)
  object space 36864K, 38% used [0x0000000780000000,0x0000000780db3fd0,0x0000000782400000)
 Metaspace       used 23627K, capacity 23911K, committed 24320K, reserved 1071104K
  class space    used 2330K, capacity 2450K, committed 2560K, reserved 1048576K
Event: 32.801 GC heap after
Heap after GC invocations=11 (full 1):
 PSYoungGen      total 47104K, used 5888K [0x00000007aab00000, 0x00000007ae280000, 0x00000007c0000000)
  eden space 39424K, 0% used [0x00000007aab00000,0x00000007aab00000,0x00000007ad180000)
  from space 7680K, 76% used [0x00000007adb00000,0x00000007ae0c01c0,0x00000007ae280000)
  to   space 8704K, 0% used [0x00000007ad180000,0x00000007ad180000,0x00000007ada00000)
 ParOldGen       total 36864K, used 14031K [0x0000000780000000, 0x0000000782400000, 0x00000007aab00000)
  object space 36864K, 38% used [0x0000000780000000,0x0000000780db3fd0,0x0000000782400000)
 Metaspace       used 23627K, capacity 23911K, committed 24320K, reserved 1071104K
  class space    used 2330K, capacity 2450K, committed 2560K, reserved 1048576K
}
Event: 42.560 GC heap before
{Heap before GC invocations=12 (full 1):
 PSYoungGen      total 47104K, used 45312K [0x00000007aab00000, 0x00000007ae280000, 0x00000007c0000000)
  eden space 39424K, 100% used [0x00000007aab00000,0x00000007ad180000,0x00000007ad180000)
  from space 7680K, 76% used [0x00000007adb00000,0x00000007ae0c01c0,0x00000007ae280000)
  to   space 8704K, 0% used [0x00000007ad180000,0x00000007ad180000,0x00000007ada00000)
 ParOldGen       total 36864K, used 14031K [0x0000000780000000, 0x0000000782400000, 0x00000007aab00000)
  object space 36864K, 38% used [0x0000000780000000,0x0000000780db3fd0,0x0000000782400000)
 Metaspace       used 23627K, capacity 23911K, committed 24320K, reserved 1071104K
  class space    used 2330K, capacity 2450K, committed 2560K, reserved 1048576K
Event: 42.565 GC heap after
Heap after GC invocations=12 (full 1):
 PSYoungGen      total 48128K, used 5888K [0x00000007aab00000, 0x00000007ae680000, 0x00000007c0000000)
  eden space 39424K, 0% used [0x00000007aab00000,0x00000007aab00000,0x00000007ad180000)
  from space 8704K, 67% used [0x00000007ad180000,0x00000007ad7401c0,0x00000007ada00000)
  to   space 8192K, 0% used [0x00000007ade80000,0x00000007ade80000,0x00000007ae680000)
 ParOldGen       total 36864K, used 14031K [0x0000000780000000, 0x0000000782400000, 0x00000007aab00000)
  object space 36864K, 38% used [0x0000000780000000,0x0000000780db3fd0,0x0000000782400000)
 Metaspace       used 23627K, capacity 23911K, committed 24320K, reserved 1071104K
  class space    used 2330K, capacity 2450K, committed 2560K, reserved 1048576K
}
Event: 52.405 GC heap before
{Heap before GC invocations=13 (full 1):
 PSYoungGen      total 48128K, used 45312K [0x00000007aab00000, 0x00000007ae680000, 0x00000007c0000000)
  eden space 39424K, 100% used [0x00000007aab00000,0x00000007ad180000,0x00000007ad180000)
  from space 8704K, 67% used [0x00000007ad180000,0x00000007ad7401c0,0x00000007ada00000)
  to   space 8192K, 0% used [0x00000007ade80000,0x00000007ade80000,0x00000007ae680000)
 ParOldGen       total 36864K, used 14031K [0x0000000780000000, 0x0000000782400000, 0x00000007aab00000)
  object space 36864K, 38% used [0x0000000780000000,0x0000000780db3fd0,0x0000000782400000)
 Metaspace       used 23627K, capacity 23911K, committed 24320K, reserved 1071104K
  class space    used 2330K, capacity 2450K, committed 2560K, reserved 1048576K
Event: 52.408 GC heap after
Heap after GC invocations=13 (full 1):
 PSYoungGen      total 51712K, used 5920K [0x00000007aab00000, 0x00000007ae600000, 0x00000007c0000000)
  eden space 44032K, 0% used [0x00000007aab00000,0x00000007aab00000,0x00000007ad600000)
  from space 7680K, 77% used [0x00000007ade80000,0x00000007ae4481c0,0x00000007ae600000)
  to   space 8192K, 0% used [0x00000007ad600000,0x00000007ad600000,0x00000007ade00000)
 ParOldGen       total 36864K, used 14031K [0x0000000780000000, 0x0000000782400000, 0x00000007aab00000)
  object space 36864K, 38% used [0x0000000780000000,0x0000000780db3fd0,0x0000000782400000)
 Metaspace       used 23627K, capacity 23911K, committed 24320K, reserved 1071104K
  class space    used 2330K, capacity 2450K, committed 2560K, reserved 1048576K
}
Event: 63.343 GC heap before
{Heap before GC invocations=14 (full 1):
 PSYoungGen      total 51712K, used 49952K [0x00000007aab00000, 0x00000007ae600000, 0x00000007c0000000)
  eden space 44032K, 100% used [0x00000007aab00000,0x00000007ad600000,0x00000007ad600000)
  from space 7680K, 77% used [0x00000007ade80000,0x00000007ae4481c0,0x00000007ae600000)
  to   space 8192K, 0% used [0x00000007ad600000,0x00000007ad600000,0x00000007ade00000)
 ParOldGen       total 36864K, used 14031K [0x0000000780000000, 0x0000000782400000, 0x00000007aab00000)
  object space 36864K, 38% used [0x0000000780000000,0x0000000780db3fd0,0x0000000782400000)
 Metaspace       used 23627K, capacity 23911K, committed 24320K, reserved 1071104K
  class space    used 2330K, capacity 2450K, committed 2560K, reserved 1048576K
Event: 63.347 GC heap after
Heap after GC invocations=14 (full 1):
 PSYoungGen      total 49152K, used 5888K [0x00000007aab00000, 0x00000007ae500000, 0x00000007c0000000)
  eden space 43008K, 0% used [0x00000007aab00000,0x00000007aab00000,0x00000007ad500000)
  from space 6144K, 95% used [0x00000007ad600000,0x00000007adbc01c0,0x00000007adc00000)
  to   space 8192K, 0% used [0x00000007add00000,0x00000007add00000,0x00000007ae500000)
 ParOldGen       total 36864K, used 14031K [0x0000000780000000, 0x0000000782400000, 0x00000007aab00000)
  object space 36864K, 38% used [0x0000000780000000,0x0000000780db3fd0,0x0000000782400000)
 Metaspace       used 23627K, capacity 23911K, committed 24320K, reserved 1071104K
  class space    used 2330K, capacity 2450K, committed 2560K, reserved 1048576K
}

