# JRE version: Java(TM) SE Runtime Environment (8.0_101-b13) (build 1.8.0_101-b13)
# Java VM: Java HotSpot(TM) 64-Bit Server VM (25.101-b13 mixed mode bsd-amd64 compressed oops)
Heap:
 PSYoungGen      total 97792K, used 59076K [0x00000007aab00000, 0x00000007b1680000, 0x00000007c0000000)
  eden space 87552K, 67% used [0x00000007aab00000,0x00000007ae491310,0x00000007b0080000)
  from space 10240K, 1% used [0x00000007b0c80000,0x00000007b0ca0000,0x00000007b1680000)
  to   space 11264K, 0% used [0x00000007b0080000,0x00000007b0080000,0x00000007b0b80000)
 ParOldGen       total 30720K, used 18917K [0x0000000780000000, 0x0000000781e00000, 0x00000007aab00000)
  object space 30720K, 61% used [0x0000000780000000,0x0000000781279460,0x0000000781e00000)
 Metaspace       used 24001K, capacity 24241K, committed 24576K, reserved 1071104K
  class space    used 2371K, capacity 2451K, committed 2560K, reserved 1048576K
GC Heap History (10 events):
Event: 4.899 GC heap before
{Heap before GC invocations=7 (full 1):
 PSYoungGen      total 18944K, used 16384K [0x00000007aab00000, 0x00000007adb00000, 0x00000007c0000000)
  eden space 16384K, 100% used [0x00000007aab00000,0x00000007abb00000,0x00000007abb00000)
  from space 2560K, 0% used [0x00000007abb00000,0x00000007abb00000,0x00000007abd80000)
  to   space 8192K, 0% used [0x00000007ad300000,0x00000007ad300000,0x00000007adb00000)
 ParOldGen       total 30720K, used 7207K [0x0000000780000000, 0x0000000781e00000, 0x00000007aab00000)
  object space 30720K, 23% used [0x0000000780000000,0x0000000780709dc0,0x0000000781e00000)
 Metaspace       used 23005K, capacity 23271K, committed 23552K, reserved 1071104K
  class space    used 2347K, capacity 2450K, committed 2560K, reserved 1048576K
Event: 4.905 GC heap after
Heap after GC invocations=7 (full 1):
 PSYoungGen      total 39936K, used 6109K [0x00000007aab00000, 0x00000007adb00000, 0x00000007c0000000)
  eden space 31744K, 0% used [0x00000007aab00000,0x00000007aab00000,0x00000007aca00000)
  from space 8192K, 74% used [0x00000007ad300000,0x00000007ad8f7520,0x00000007adb00000)
  to   space 8704K, 0% used [0x00000007aca00000,0x00000007aca00000,0x00000007ad280000)
 ParOldGen       total 30720K, used 9740K [0x0000000780000000, 0x0000000781e00000, 0x00000007aab00000)
  object space 30720K, 31% used [0x0000000780000000,0x00000007809831a0,0x0000000781e00000)
 Metaspace       used 23005K, capacity 23271K, committed 23552K, reserved 1071104K
  class space    used 2347K, capacity 2450K, committed 2560K, reserved 1048576K
}
Event: 8.193 GC heap before
{Heap before GC invocations=8 (full 1):
 PSYoungGen      total 39936K, used 37853K [0x00000007aab00000, 0x00000007adb00000, 0x00000007c0000000)
  eden space 31744K, 100% used [0x00000007aab00000,0x00000007aca00000,0x00000007aca00000)
  from space 8192K, 74% used [0x00000007ad300000,0x00000007ad8f7520,0x00000007adb00000)
  to   space 8704K, 0% used [0x00000007aca00000,0x00000007aca00000,0x00000007ad280000)
 ParOldGen       total 30720K, used 9740K [0x0000000780000000, 0x0000000781e00000, 0x00000007aab00000)
  object space 30720K, 31% used [0x0000000780000000,0x00000007809831a0,0x0000000781e00000)
 Metaspace       used 23677K, capacity 23921K, committed 24320K, reserved 1071104K
  class space    used 2363K, capacity 2451K, committed 2560K, reserved 1048576K
Event: 8.199 GC heap after
Heap after GC invocations=8 (full 1):
 PSYoungGen      total 40448K, used 8621K [0x00000007aab00000, 0x00000007afa00000, 0x00000007c0000000)
  eden space 31744K, 0% used [0x00000007aab00000,0x00000007aab00000,0x00000007aca00000)
  from space 8704K, 99% used [0x00000007aca00000,0x00000007ad26b5b0,0x00000007ad280000)
  to   space 10240K, 0% used [0x00000007af000000,0x00000007af000000,0x00000007afa00000)
 ParOldGen       total 30720K, used 10516K [0x0000000780000000, 0x0000000781e00000, 0x00000007aab00000)
  object space 30720K, 34% used [0x0000000780000000,0x0000000780a451d0,0x0000000781e00000)
 Metaspace       used 23677K, capacity 23921K, committed 24320K, reserved 1071104K
  class space    used 2363K, capacity 2451K, committed 2560K, reserved 1048576K
}
Event: 13.394 GC heap before
{Heap before GC invocations=9 (full 1):
 PSYoungGen      total 40448K, used 40365K [0x00000007aab00000, 0x00000007afa00000, 0x00000007c0000000)
  eden space 31744K, 100% used [0x00000007aab00000,0x00000007aca00000,0x00000007aca00000)
  from space 8704K, 99% used [0x00000007aca00000,0x00000007ad26b5b0,0x00000007ad280000)
  to   space 10240K, 0% used [0x00000007af000000,0x00000007af000000,0x00000007afa00000)
 ParOldGen       total 30720K, used 10516K [0x0000000780000000, 0x0000000781e00000, 0x00000007aab00000)
  object space 30720K, 34% used [0x0000000780000000,0x0000000780a451d0,0x0000000781e00000)
 Metaspace       used 23898K, capacity 24113K, committed 24576K, reserved 1071104K
  class space    used 2363K, capacity 2451K, committed 2560K, reserved 1048576K
Event: 13.400 GC heap after
Heap after GC invocations=9 (full 1):
 PSYoungGen      total 69632K, used 8557K [0x00000007aab00000, 0x00000007afa00000, 0x00000007c0000000)
  eden space 59392K, 0% used [0x00000007aab00000,0x00000007aab00000,0x00000007ae500000)
  from space 10240K, 83% used [0x00000007af000000,0x00000007af85b5b0,0x00000007afa00000)
  to   space 10752K, 0% used [0x00000007ae500000,0x00000007ae500000,0x00000007aef80000)
 ParOldGen       total 30720K, used 10524K [0x0000000780000000, 0x0000000781e00000, 0x00000007aab00000)
  object space 30720K, 34% used [0x0000000780000000,0x0000000780a471d0,0x0000000781e00000)
 Metaspace       used 23898K, capacity 24113K, committed 24576K, reserved 1071104K
  class space    used 2363K, capacity 2451K, committed 2560K, reserved 1048576K
}
Event: 23.303 GC heap before
{Heap before GC invocations=10 (full 1):
 PSYoungGen      total 69632K, used 67949K [0x00000007aab00000, 0x00000007afa00000, 0x00000007c0000000)
  eden space 59392K, 100% used [0x00000007aab00000,0x00000007ae500000,0x00000007ae500000)
  from space 10240K, 83% used [0x00000007af000000,0x00000007af85b5b0,0x00000007afa00000)
  to   space 10752K, 0% used [0x00000007ae500000,0x00000007ae500000,0x00000007aef80000)
 ParOldGen       total 30720K, used 10524K [0x0000000780000000, 0x0000000781e00000, 0x00000007aab00000)
  object space 30720K, 34% used [0x0000000780000000,0x0000000780a471d0,0x0000000781e00000)
 Metaspace       used 23965K, capacity 24241K, committed 24576K, reserved 1071104K
  class space    used 2363K, capacity 2451K, committed 2560K, reserved 1048576K
Event: 23.310 GC heap after
Heap after GC invocations=10 (full 1):
 PSYoungGen      total 70144K, used 2688K [0x00000007aab00000, 0x00000007b1700000, 0x00000007c0000000)
  eden space 59392K, 0% used [0x00000007aab00000,0x00000007aab00000,0x00000007ae500000)
  from space 10752K, 25% used [0x00000007ae500000,0x00000007ae7a0090,0x00000007aef80000)
  to   space 10752K, 0% used [0x00000007b0c80000,0x00000007b0c80000,0x00000007b1700000)
 ParOldGen       total 30720K, used 16336K [0x0000000780000000, 0x0000000781e00000, 0x00000007aab00000)
  object space 30720K, 53% used [0x0000000780000000,0x0000000780ff4300,0x0000000781e00000)
 Metaspace       used 23965K, capacity 24241K, committed 24576K, reserved 1071104K
  class space    used 2363K, capacity 2451K, committed 2560K, reserved 1048576K
}
Event: 33.430 GC heap before
{Heap before GC invocations=11 (full 1):
 PSYoungGen      total 70144K, used 62080K [0x00000007aab00000, 0x00000007b1700000, 0x00000007c0000000)
  eden space 59392K, 100% used [0x00000007aab00000,0x00000007ae500000,0x00000007ae500000)
  from space 10752K, 25% used [0x00000007ae500000,0x00000007ae7a0090,0x00000007aef80000)
  to   space 10752K, 0% used [0x00000007b0c80000,0x00000007b0c80000,0x00000007b1700000)
 ParOldGen       total 30720K, used 16336K [0x0000000780000000, 0x0000000781e00000, 0x00000007aab00000)
  object space 30720K, 53% used [0x0000000780000000,0x0000000780ff4300,0x0000000781e00000)
 Metaspace       used 23966K, capacity 24241K, committed 24576K, reserved 1071104K
  class space    used 2363K, capacity 2451K, committed 2560K, reserved 1048576K
Event: 33.432 GC heap after
Heap after GC invocations=11 (full 1):
 PSYoungGen      total 97792K, used 128K [0x00000007aab00000, 0x00000007b1680000, 0x00000007c0000000)
  eden space 87552K, 0% used [0x00000007aab00000,0x00000007aab00000,0x00000007b0080000)
  from space 10240K, 1% used [0x00000007b0c80000,0x00000007b0ca0000,0x00000007b1680000)
  to   space 11264K, 0% used [0x00000007b0080000,0x00000007b0080000,0x00000007b0b80000)
 ParOldGen       total 30720K, used 18917K [0x0000000780000000, 0x0000000781e00000, 0x00000007aab00000)
  object space 30720K, 61% used [0x0000000780000000,0x0000000781279460,0x0000000781e00000)
 Metaspace       used 23966K, capacity 24241K, committed 24576K, reserved 1071104K
  class space    used 2363K, capacity 2451K, committed 2560K, reserved 1048576K
}

