# JRE version: Java(TM) SE Runtime Environment (8.0_101-b13) (build 1.8.0_101-b13)
# Java VM: Java HotSpot(TM) 64-Bit Server VM (25.101-b13 mixed mode bsd-amd64 compressed oops)
Heap:
 PSYoungGen      total 75264K, used 42120K [0x00000007aab00000, 0x00000007b0700000, 0x00000007c0000000)
  eden space 60928K, 53% used [0x00000007aab00000,0x00000007aca8df00,0x00000007ae680000)
  from space 14336K, 68% used [0x00000007ae680000,0x00000007af0142d0,0x00000007af480000)
  to   space 14336K, 0% used [0x00000007af900000,0x00000007af900000,0x00000007b0700000)
 ParOldGen       total 39936K, used 20148K [0x0000000780000000, 0x0000000782700000, 0x00000007aab00000)
  object space 39936K, 50% used [0x0000000780000000,0x00000007813ad300,0x0000000782700000)
 Metaspace       used 24270K, capacity 24507K, committed 24832K, reserved 1071104K
  class space    used 2367K, capacity 2452K, committed 2560K, reserved 1048576K
GC Heap History (10 events):
Event: 25.511 GC heap before
{Heap before GC invocations=14 (full 1):
 PSYoungGen      total 58368K, used 55792K [0x00000007aab00000, 0x00000007af180000, 0x00000007c0000000)
  eden space 45568K, 100% used [0x00000007aab00000,0x00000007ad780000,0x00000007ad780000)
  from space 12800K, 79% used [0x00000007ae500000,0x00000007aeefc330,0x00000007af180000)
  to   space 13312K, 0% used [0x00000007ad780000,0x00000007ad780000,0x00000007ae480000)
 ParOldGen       total 39936K, used 20148K [0x0000000780000000, 0x0000000782700000, 0x00000007aab00000)
  object space 39936K, 50% used [0x0000000780000000,0x00000007813ad300,0x0000000782700000)
 Metaspace       used 24231K, capacity 24507K, committed 24832K, reserved 1071104K
  class space    used 2359K, capacity 2452K, committed 2560K, reserved 1048576K
Event: 25.515 GC heap after
Heap after GC invocations=14 (full 1):
 PSYoungGen      total 58880K, used 10224K [0x00000007aab00000, 0x00000007afb80000, 0x00000007c0000000)
  eden space 45568K, 0% used [0x00000007aab00000,0x00000007aab00000,0x00000007ad780000)
  from space 13312K, 76% used [0x00000007ad780000,0x00000007ae17c330,0x00000007ae480000)
  to   space 13824K, 0% used [0x00000007aee00000,0x00000007aee00000,0x00000007afb80000)
 ParOldGen       total 39936K, used 20148K [0x0000000780000000, 0x0000000782700000, 0x00000007aab00000)
  object space 39936K, 50% used [0x0000000780000000,0x00000007813ad300,0x0000000782700000)
 Metaspace       used 24231K, capacity 24507K, committed 24832K, reserved 1071104K
  class space    used 2359K, capacity 2452K, committed 2560K, reserved 1048576K
}
Event: 29.666 GC heap before
{Heap before GC invocations=15 (full 1):
 PSYoungGen      total 58880K, used 55792K [0x00000007aab00000, 0x00000007afb80000, 0x00000007c0000000)
  eden space 45568K, 100% used [0x00000007aab00000,0x00000007ad780000,0x00000007ad780000)
  from space 13312K, 76% used [0x00000007ad780000,0x00000007ae17c330,0x00000007ae480000)
  to   space 13824K, 0% used [0x00000007aee00000,0x00000007aee00000,0x00000007afb80000)
 ParOldGen       total 39936K, used 20148K [0x0000000780000000, 0x0000000782700000, 0x00000007aab00000)
  object space 39936K, 50% used [0x0000000780000000,0x00000007813ad300,0x0000000782700000)
 Metaspace       used 24235K, capacity 24507K, committed 24832K, reserved 1071104K
  class space    used 2359K, capacity 2452K, committed 2560K, reserved 1048576K
Event: 29.672 GC heap after
Heap after GC invocations=15 (full 1):
 PSYoungGen      total 67584K, used 9888K [0x00000007aab00000, 0x00000007afb80000, 0x00000007c0000000)
  eden space 53760K, 0% used [0x00000007aab00000,0x00000007aab00000,0x00000007adf80000)
  from space 13824K, 71% used [0x00000007aee00000,0x00000007af7a82e0,0x00000007afb80000)
  to   space 14336K, 0% used [0x00000007adf80000,0x00000007adf80000,0x00000007aed80000)
 ParOldGen       total 39936K, used 20148K [0x0000000780000000, 0x0000000782700000, 0x00000007aab00000)
  object space 39936K, 50% used [0x0000000780000000,0x00000007813ad300,0x0000000782700000)
 Metaspace       used 24235K, capacity 24507K, committed 24832K, reserved 1071104K
  class space    used 2359K, capacity 2452K, committed 2560K, reserved 1048576K
}
Event: 34.954 GC heap before
{Heap before GC invocations=16 (full 1):
 PSYoungGen      total 67584K, used 63648K [0x00000007aab00000, 0x00000007afb80000, 0x00000007c0000000)
  eden space 53760K, 100% used [0x00000007aab00000,0x00000007adf80000,0x00000007adf80000)
  from space 13824K, 71% used [0x00000007aee00000,0x00000007af7a82e0,0x00000007afb80000)
  to   space 14336K, 0% used [0x00000007adf80000,0x00000007adf80000,0x00000007aed80000)
 ParOldGen       total 39936K, used 20148K [0x0000000780000000, 0x0000000782700000, 0x00000007aab00000)
  object space 39936K, 50% used [0x0000000780000000,0x00000007813ad300,0x0000000782700000)
 Metaspace       used 24235K, capacity 24507K, committed 24832K, reserved 1071104K
  class space    used 2359K, capacity 2452K, committed 2560K, reserved 1048576K
Event: 34.959 GC heap after
Heap after GC invocations=16 (full 1):
 PSYoungGen      total 68096K, used 9856K [0x00000007aab00000, 0x00000007b0380000, 0x00000007c0000000)
  eden space 53760K, 0% used [0x00000007aab00000,0x00000007aab00000,0x00000007adf80000)
  from space 14336K, 68% used [0x00000007adf80000,0x00000007ae9202e0,0x00000007aed80000)
  to   space 14336K, 0% used [0x00000007af580000,0x00000007af580000,0x00000007b0380000)
 ParOldGen       total 39936K, used 20148K [0x0000000780000000, 0x0000000782700000, 0x00000007aab00000)
  object space 39936K, 50% used [0x0000000780000000,0x00000007813ad300,0x0000000782700000)
 Metaspace       used 24235K, capacity 24507K, committed 24832K, reserved 1071104K
  class space    used 2359K, capacity 2452K, committed 2560K, reserved 1048576K
}
Event: 40.226 GC heap before
{Heap before GC invocations=17 (full 1):
 PSYoungGen      total 68096K, used 63616K [0x00000007aab00000, 0x00000007b0380000, 0x00000007c0000000)
  eden space 53760K, 100% used [0x00000007aab00000,0x00000007adf80000,0x00000007adf80000)
  from space 14336K, 68% used [0x00000007adf80000,0x00000007ae9202e0,0x00000007aed80000)
  to   space 14336K, 0% used [0x00000007af580000,0x00000007af580000,0x00000007b0380000)
 ParOldGen       total 39936K, used 20148K [0x0000000780000000, 0x0000000782700000, 0x00000007aab00000)
  object space 39936K, 50% used [0x0000000780000000,0x00000007813ad300,0x0000000782700000)
 Metaspace       used 24235K, capacity 24507K, committed 24832K, reserved 1071104K
  class space    used 2359K, capacity 2452K, committed 2560K, reserved 1048576K
Event: 40.232 GC heap after
Heap after GC invocations=17 (full 1):
 PSYoungGen      total 74240K, used 9824K [0x00000007aab00000, 0x00000007b0280000, 0x00000007c0000000)
  eden space 60928K, 0% used [0x00000007aab00000,0x00000007aab00000,0x00000007ae680000)
  from space 13312K, 73% used [0x00000007af580000,0x00000007aff182e0,0x00000007b0280000)
  to   space 14336K, 0% used [0x00000007ae680000,0x00000007ae680000,0x00000007af480000)
 ParOldGen       total 39936K, used 20148K [0x0000000780000000, 0x0000000782700000, 0x00000007aab00000)
  object space 39936K, 50% used [0x0000000780000000,0x00000007813ad300,0x0000000782700000)
 Metaspace       used 24235K, capacity 24507K, committed 24832K, reserved 1071104K
  class space    used 2359K, capacity 2452K, committed 2560K, reserved 1048576K
}
Event: 46.244 GC heap before
{Heap before GC invocations=18 (full 1):
 PSYoungGen      total 74240K, used 70752K [0x00000007aab00000, 0x00000007b0280000, 0x00000007c0000000)
  eden space 60928K, 100% used [0x00000007aab00000,0x00000007ae680000,0x00000007ae680000)
  from space 13312K, 73% used [0x00000007af580000,0x00000007aff182e0,0x00000007b0280000)
  to   space 14336K, 0% used [0x00000007ae680000,0x00000007ae680000,0x00000007af480000)
 ParOldGen       total 39936K, used 20148K [0x0000000780000000, 0x0000000782700000, 0x00000007aab00000)
  object space 39936K, 50% used [0x0000000780000000,0x00000007813ad300,0x0000000782700000)
 Metaspace       used 24235K, capacity 24507K, committed 24832K, reserved 1071104K
  class space    used 2359K, capacity 2452K, committed 2560K, reserved 1048576K
Event: 46.249 GC heap after
Heap after GC invocations=18 (full 1):
 PSYoungGen      total 75264K, used 9808K [0x00000007aab00000, 0x00000007b0700000, 0x00000007c0000000)
  eden space 60928K, 0% used [0x00000007aab00000,0x00000007aab00000,0x00000007ae680000)
  from space 14336K, 68% used [0x00000007ae680000,0x00000007af0142d0,0x00000007af480000)
  to   space 14336K, 0% used [0x00000007af900000,0x00000007af900000,0x00000007b0700000)
 ParOldGen       total 39936K, used 20148K [0x0000000780000000, 0x0000000782700000, 0x00000007aab00000)
  object space 39936K, 50% used [0x0000000780000000,0x00000007813ad300,0x0000000782700000)
 Metaspace       used 24235K, capacity 24507K, committed 24832K, reserved 1071104K
  class space    used 2359K, capacity 2452K, committed 2560K, reserved 1048576K
}

