# JRE version: Java(TM) SE Runtime Environment (8.0_101-b13) (build 1.8.0_101-b13)
# Java VM: Java HotSpot(TM) 64-Bit Server VM (25.101-b13 mixed mode bsd-amd64 compressed oops)
Heap:
 PSYoungGen      total 49152K, used 15440K [0x00000007aab00000, 0x00000007ae400000, 0x00000007c0000000)
  eden space 41984K, 23% used [0x00000007aab00000,0x00000007ab4a2070,0x00000007ad400000)
  from space 7168K, 77% used [0x00000007add00000,0x00000007ae272190,0x00000007ae400000)
  to   space 8192K, 0% used [0x00000007ad400000,0x00000007ad400000,0x00000007adc00000)
 ParOldGen       total 38912K, used 14315K [0x0000000780000000, 0x0000000782600000, 0x00000007aab00000)
  object space 38912K, 36% used [0x0000000780000000,0x0000000780dfae20,0x0000000782600000)
 Metaspace       used 24050K, capacity 24247K, committed 24576K, reserved 1071104K
  class space    used 2365K, capacity 2452K, committed 2560K, reserved 1048576K
GC Heap History (10 events):
Event: 6.379 GC heap before
{Heap before GC invocations=7 (full 1):
 PSYoungGen      total 18944K, used 18735K [0x00000007aab00000, 0x00000007ad600000, 0x00000007c0000000)
  eden space 16384K, 98% used [0x00000007aab00000,0x00000007abad1c68,0x00000007abb00000)
  from space 2560K, 99% used [0x00000007abb00000,0x00000007abd7a0f0,0x00000007abd80000)
  to   space 9728K, 0% used [0x00000007acc80000,0x00000007acc80000,0x00000007ad600000)
 ParOldGen       total 38912K, used 14275K [0x0000000780000000, 0x0000000782600000, 0x00000007aab00000)
  object space 38912K, 36% used [0x0000000780000000,0x0000000780df0e20,0x0000000782600000)
 Metaspace       used 23389K, capacity 23665K, committed 24064K, reserved 1071104K
  class space    used 2356K, capacity 2451K, committed 2560K, reserved 1048576K
Event: 6.384 GC heap after
Heap after GC invocations=7 (full 1):
 PSYoungGen      total 34304K, used 5704K [0x00000007aab00000, 0x00000007ad580000, 0x00000007c0000000)
  eden space 25088K, 0% used [0x00000007aab00000,0x00000007aab00000,0x00000007ac380000)
  from space 9216K, 61% used [0x00000007acc80000,0x00000007ad212190,0x00000007ad580000)
  to   space 9216K, 0% used [0x00000007ac380000,0x00000007ac380000,0x00000007acc80000)
 ParOldGen       total 38912K, used 14283K [0x0000000780000000, 0x0000000782600000, 0x00000007aab00000)
  object space 38912K, 36% used [0x0000000780000000,0x0000000780df2e20,0x0000000782600000)
 Metaspace       used 23389K, capacity 23665K, committed 24064K, reserved 1071104K
  class space    used 2356K, capacity 2451K, committed 2560K, reserved 1048576K
}
Event: 10.863 GC heap before
{Heap before GC invocations=8 (full 1):
 PSYoungGen      total 34304K, used 30792K [0x00000007aab00000, 0x00000007ad580000, 0x00000007c0000000)
  eden space 25088K, 100% used [0x00000007aab00000,0x00000007ac380000,0x00000007ac380000)
  from space 9216K, 61% used [0x00000007acc80000,0x00000007ad212190,0x00000007ad580000)
  to   space 9216K, 0% used [0x00000007ac380000,0x00000007ac380000,0x00000007acc80000)
 ParOldGen       total 38912K, used 14283K [0x0000000780000000, 0x0000000782600000, 0x00000007aab00000)
  object space 38912K, 36% used [0x0000000780000000,0x0000000780df2e20,0x0000000782600000)
 Metaspace       used 23870K, capacity 24183K, committed 24576K, reserved 1071104K
  class space    used 2357K, capacity 2452K, committed 2560K, reserved 1048576K
Event: 10.868 GC heap after
Heap after GC invocations=8 (full 1):
 PSYoungGen      total 34304K, used 5736K [0x00000007aab00000, 0x00000007ae000000, 0x00000007c0000000)
  eden space 25088K, 0% used [0x00000007aab00000,0x00000007aab00000,0x00000007ac380000)
  from space 9216K, 62% used [0x00000007ac380000,0x00000007ac91a190,0x00000007acc80000)
  to   space 8704K, 0% used [0x00000007ad780000,0x00000007ad780000,0x00000007ae000000)
 ParOldGen       total 38912K, used 14291K [0x0000000780000000, 0x0000000782600000, 0x00000007aab00000)
  object space 38912K, 36% used [0x0000000780000000,0x0000000780df4e20,0x0000000782600000)
 Metaspace       used 23870K, capacity 24183K, committed 24576K, reserved 1071104K
  class space    used 2357K, capacity 2452K, committed 2560K, reserved 1048576K
}
Event: 15.541 GC heap before
{Heap before GC invocations=9 (full 1):
 PSYoungGen      total 34304K, used 30824K [0x00000007aab00000, 0x00000007ae000000, 0x00000007c0000000)
  eden space 25088K, 100% used [0x00000007aab00000,0x00000007ac380000,0x00000007ac380000)
  from space 9216K, 62% used [0x00000007ac380000,0x00000007ac91a190,0x00000007acc80000)
  to   space 8704K, 0% used [0x00000007ad780000,0x00000007ad780000,0x00000007ae000000)
 ParOldGen       total 38912K, used 14291K [0x0000000780000000, 0x0000000782600000, 0x00000007aab00000)
  object space 38912K, 36% used [0x0000000780000000,0x0000000780df4e20,0x0000000782600000)
 Metaspace       used 23991K, capacity 24247K, committed 24576K, reserved 1071104K
  class space    used 2357K, capacity 2452K, committed 2560K, reserved 1048576K
Event: 15.545 GC heap after
Heap after GC invocations=9 (full 1):
 PSYoungGen      total 42496K, used 5672K [0x00000007aab00000, 0x00000007ade80000, 0x00000007c0000000)
  eden space 35328K, 0% used [0x00000007aab00000,0x00000007aab00000,0x00000007acd80000)
  from space 7168K, 79% used [0x00000007ad780000,0x00000007add0a1d0,0x00000007ade80000)
  to   space 8704K, 0% used [0x00000007acd80000,0x00000007acd80000,0x00000007ad600000)
 ParOldGen       total 38912K, used 14299K [0x0000000780000000, 0x0000000782600000, 0x00000007aab00000)
  object space 38912K, 36% used [0x0000000780000000,0x0000000780df6e20,0x0000000782600000)
 Metaspace       used 23991K, capacity 24247K, committed 24576K, reserved 1071104K
  class space    used 2357K, capacity 2452K, committed 2560K, reserved 1048576K
}
Event: 22.188 GC heap before
{Heap before GC invocations=10 (full 1):
 PSYoungGen      total 42496K, used 41000K [0x00000007aab00000, 0x00000007ade80000, 0x00000007c0000000)
  eden space 35328K, 100% used [0x00000007aab00000,0x00000007acd80000,0x00000007acd80000)
  from space 7168K, 79% used [0x00000007ad780000,0x00000007add0a1d0,0x00000007ade80000)
  to   space 8704K, 0% used [0x00000007acd80000,0x00000007acd80000,0x00000007ad600000)
 ParOldGen       total 38912K, used 14299K [0x0000000780000000, 0x0000000782600000, 0x00000007aab00000)
  object space 38912K, 36% used [0x0000000780000000,0x0000000780df6e20,0x0000000782600000)
 Metaspace       used 24000K, capacity 24247K, committed 24576K, reserved 1071104K
  class space    used 2357K, capacity 2452K, committed 2560K, reserved 1048576K
Event: 22.191 GC heap after
Heap after GC invocations=10 (full 1):
 PSYoungGen      total 44032K, used 5576K [0x00000007aab00000, 0x00000007ae500000, 0x00000007c0000000)
  eden space 35328K, 0% used [0x00000007aab00000,0x00000007aab00000,0x00000007acd80000)
  from space 8704K, 64% used [0x00000007acd80000,0x00000007ad2f2170,0x00000007ad600000)
  to   space 8192K, 0% used [0x00000007add00000,0x00000007add00000,0x00000007ae500000)
 ParOldGen       total 38912K, used 14307K [0x0000000780000000, 0x0000000782600000, 0x00000007aab00000)
  object space 38912K, 36% used [0x0000000780000000,0x0000000780df8e20,0x0000000782600000)
 Metaspace       used 24000K, capacity 24247K, committed 24576K, reserved 1071104K
  class space    used 2357K, capacity 2452K, committed 2560K, reserved 1048576K
}
Event: 28.958 GC heap before
{Heap before GC invocations=11 (full 1):
 PSYoungGen      total 44032K, used 40904K [0x00000007aab00000, 0x00000007ae500000, 0x00000007c0000000)
  eden space 35328K, 100% used [0x00000007aab00000,0x00000007acd80000,0x00000007acd80000)
  from space 8704K, 64% used [0x00000007acd80000,0x00000007ad2f2170,0x00000007ad600000)
  to   space 8192K, 0% used [0x00000007add00000,0x00000007add00000,0x00000007ae500000)
 ParOldGen       total 38912K, used 14307K [0x0000000780000000, 0x0000000782600000, 0x00000007aab00000)
  object space 38912K, 36% used [0x0000000780000000,0x0000000780df8e20,0x0000000782600000)
 Metaspace       used 24007K, capacity 24247K, committed 24576K, reserved 1071104K
  class space    used 2357K, capacity 2452K, committed 2560K, reserved 1048576K
Event: 28.973 GC heap after
Heap after GC invocations=11 (full 1):
 PSYoungGen      total 49152K, used 5576K [0x00000007aab00000, 0x00000007ae400000, 0x00000007c0000000)
  eden space 41984K, 0% used [0x00000007aab00000,0x00000007aab00000,0x00000007ad400000)
  from space 7168K, 77% used [0x00000007add00000,0x00000007ae272190,0x00000007ae400000)
  to   space 8192K, 0% used [0x00000007ad400000,0x00000007ad400000,0x00000007adc00000)
 ParOldGen       total 38912K, used 14315K [0x0000000780000000, 0x0000000782600000, 0x00000007aab00000)
  object space 38912K, 36% used [0x0000000780000000,0x0000000780dfae20,0x0000000782600000)
 Metaspace       used 24007K, capacity 24247K, committed 24576K, reserved 1071104K
  class space    used 2357K, capacity 2452K, committed 2560K, reserved 1048576K
}

