# JRE version: Java(TM) SE Runtime Environment (8.0_101-b13) (build 1.8.0_101-b13)
# Java VM: Java HotSpot(TM) 64-Bit Server VM (25.101-b13 mixed mode bsd-amd64 compressed oops)
Heap:
 PSYoungGen      total 210432K, used 96386K [0x00000007aab00000, 0x00000007b9480000, 0x00000007c0000000)
  eden space 209920K, 45% used [0x00000007aab00000,0x00000007b09008b0,0x00000007b7800000)
  from space 512K, 25% used [0x00000007b8100000,0x00000007b8120000,0x00000007b8180000)
  to   space 14336K, 0% used [0x00000007b8680000,0x00000007b8680000,0x00000007b9480000)
 ParOldGen       total 95232K, used 53676K [0x0000000780000000, 0x0000000785d00000, 0x00000007aab00000)
  object space 95232K, 56% used [0x0000000780000000,0x000000078346b300,0x0000000785d00000)
 Metaspace       used 24451K, capacity 24699K, committed 25088K, reserved 1071104K
  class space    used 2369K, capacity 2452K, committed 2560K, reserved 1048576K
GC Heap History (10 events):
Event: 53.606 GC heap before
{Heap before GC invocations=18 (full 3):
 PSYoungGen      total 162816K, used 5568K [0x00000007aab00000, 0x00000007b8400000, 0x00000007c0000000)
  eden space 148480K, 0% used [0x00000007aab00000,0x00000007aab00000,0x00000007b3c00000)
  from space 14336K, 38% used [0x00000007b3c00000,0x00000007b4170150,0x00000007b4a00000)
  to   space 13824K, 0% used [0x00000007b7680000,0x00000007b7680000,0x00000007b8400000)
 ParOldGen       total 59392K, used 49183K [0x0000000780000000, 0x0000000783a00000, 0x00000007aab00000)
  object space 59392K, 82% used [0x0000000780000000,0x0000000783007c88,0x0000000783a00000)
 Metaspace       used 24413K, capacity 24635K, committed 25088K, reserved 1071104K
  class space    used 2361K, capacity 2452K, committed 2560K, reserved 1048576K
Event: 53.716 GC heap after
Heap after GC invocations=18 (full 3):
 PSYoungGen      total 162816K, used 0K [0x00000007aab00000, 0x00000007b8400000, 0x00000007c0000000)
  eden space 148480K, 0% used [0x00000007aab00000,0x00000007aab00000,0x00000007b3c00000)
  from space 14336K, 0% used [0x00000007b3c00000,0x00000007b3c00000,0x00000007b4a00000)
  to   space 13824K, 0% used [0x00000007b7680000,0x00000007b7680000,0x00000007b8400000)
 ParOldGen       total 95232K, used 53636K [0x0000000780000000, 0x0000000785d00000, 0x00000007aab00000)
  object space 95232K, 56% used [0x0000000780000000,0x0000000783461300,0x0000000785d00000)
 Metaspace       used 24413K, capacity 24635K, committed 25088K, reserved 1071104K
  class space    used 2361K, capacity 2452K, committed 2560K, reserved 1048576K
}
Event: 71.927 GC heap before
{Heap before GC invocations=19 (full 3):
 PSYoungGen      total 162816K, used 148480K [0x00000007aab00000, 0x00000007b8400000, 0x00000007c0000000)
  eden space 148480K, 100% used [0x00000007aab00000,0x00000007b3c00000,0x00000007b3c00000)
  from space 14336K, 0% used [0x00000007b3c00000,0x00000007b3c00000,0x00000007b4a00000)
  to   space 13824K, 0% used [0x00000007b7680000,0x00000007b7680000,0x00000007b8400000)
 ParOldGen       total 95232K, used 53636K [0x0000000780000000, 0x0000000785d00000, 0x00000007aab00000)
  object space 95232K, 56% used [0x0000000780000000,0x0000000783461300,0x0000000785d00000)
 Metaspace       used 24415K, capacity 24635K, committed 25088K, reserved 1071104K
  class space    used 2362K, capacity 2452K, committed 2560K, reserved 1048576K
Event: 71.930 GC heap after
Heap after GC invocations=19 (full 3):
 PSYoungGen      total 204288K, used 96K [0x00000007aab00000, 0x00000007b8280000, 0x00000007c0000000)
  eden space 192000K, 0% used [0x00000007aab00000,0x00000007aab00000,0x00000007b6680000)
  from space 12288K, 0% used [0x00000007b7680000,0x00000007b7698000,0x00000007b8280000)
  to   space 14336K, 0% used [0x00000007b6680000,0x00000007b6680000,0x00000007b7480000)
 ParOldGen       total 95232K, used 53636K [0x0000000780000000, 0x0000000785d00000, 0x00000007aab00000)
  object space 95232K, 56% used [0x0000000780000000,0x0000000783461300,0x0000000785d00000)
 Metaspace       used 24415K, capacity 24635K, committed 25088K, reserved 1071104K
  class space    used 2362K, capacity 2452K, committed 2560K, reserved 1048576K
}
Event: 91.944 GC heap before
{Heap before GC invocations=20 (full 3):
 PSYoungGen      total 204288K, used 192096K [0x00000007aab00000, 0x00000007b8280000, 0x00000007c0000000)
  eden space 192000K, 100% used [0x00000007aab00000,0x00000007b6680000,0x00000007b6680000)
  from space 12288K, 0% used [0x00000007b7680000,0x00000007b7698000,0x00000007b8280000)
  to   space 14336K, 0% used [0x00000007b6680000,0x00000007b6680000,0x00000007b7480000)
 ParOldGen       total 95232K, used 53636K [0x0000000780000000, 0x0000000785d00000, 0x00000007aab00000)
  object space 95232K, 56% used [0x0000000780000000,0x0000000783461300,0x0000000785d00000)
 Metaspace       used 24415K, capacity 24635K, committed 25088K, reserved 1071104K
  class space    used 2362K, capacity 2452K, committed 2560K, reserved 1048576K
Event: 91.946 GC heap after
Heap after GC invocations=20 (full 3):
 PSYoungGen      total 206336K, used 96K [0x00000007aab00000, 0x00000007ba200000, 0x00000007c0000000)
  eden space 192000K, 0% used [0x00000007aab00000,0x00000007aab00000,0x00000007b6680000)
  from space 14336K, 0% used [0x00000007b6680000,0x00000007b6698000,0x00000007b7480000)
  to   space 14336K, 0% used [0x00000007b9400000,0x00000007b9400000,0x00000007ba200000)
 ParOldGen       total 95232K, used 53676K [0x0000000780000000, 0x0000000785d00000, 0x00000007aab00000)
  object space 95232K, 56% used [0x0000000780000000,0x000000078346b300,0x0000000785d00000)
 Metaspace       used 24415K, capacity 24635K, committed 25088K, reserved 1071104K
  class space    used 2362K, capacity 2452K, committed 2560K, reserved 1048576K
}
Event: 112.279 GC heap before
{Heap before GC invocations=21 (full 3):
 PSYoungGen      total 206336K, used 192096K [0x00000007aab00000, 0x00000007ba200000, 0x00000007c0000000)
  eden space 192000K, 100% used [0x00000007aab00000,0x00000007b6680000,0x00000007b6680000)
  from space 14336K, 0% used [0x00000007b6680000,0x00000007b6698000,0x00000007b7480000)
  to   space 14336K, 0% used [0x00000007b9400000,0x00000007b9400000,0x00000007ba200000)
 ParOldGen       total 95232K, used 53676K [0x0000000780000000, 0x0000000785d00000, 0x00000007aab00000)
  object space 95232K, 56% used [0x0000000780000000,0x000000078346b300,0x0000000785d00000)
 Metaspace       used 24415K, capacity 24635K, committed 25088K, reserved 1071104K
  class space    used 2362K, capacity 2452K, committed 2560K, reserved 1048576K
Event: 112.281 GC heap after
Heap after GC invocations=21 (full 3):
 PSYoungGen      total 229376K, used 96K [0x00000007aab00000, 0x00000007b9e00000, 0x00000007c0000000)
  eden space 219136K, 0% used [0x00000007aab00000,0x00000007aab00000,0x00000007b8100000)
  from space 10240K, 0% used [0x00000007b9400000,0x00000007b9418000,0x00000007b9e00000)
  to   space 14848K, 0% used [0x00000007b8100000,0x00000007b8100000,0x00000007b8f80000)
 ParOldGen       total 95232K, used 53676K [0x0000000780000000, 0x0000000785d00000, 0x00000007aab00000)
  object space 95232K, 56% used [0x0000000780000000,0x000000078346b300,0x0000000785d00000)
 Metaspace       used 24415K, capacity 24635K, committed 25088K, reserved 1071104K
  class space    used 2362K, capacity 2452K, committed 2560K, reserved 1048576K
}
Event: 135.724 GC heap before
{Heap before GC invocations=22 (full 3):
 PSYoungGen      total 229376K, used 219232K [0x00000007aab00000, 0x00000007b9e00000, 0x00000007c0000000)
  eden space 219136K, 100% used [0x00000007aab00000,0x00000007b8100000,0x00000007b8100000)
  from space 10240K, 0% used [0x00000007b9400000,0x00000007b9418000,0x00000007b9e00000)
  to   space 14848K, 0% used [0x00000007b8100000,0x00000007b8100000,0x00000007b8f80000)
 ParOldGen       total 95232K, used 53676K [0x0000000780000000, 0x0000000785d00000, 0x00000007aab00000)
  object space 95232K, 56% used [0x0000000780000000,0x000000078346b300,0x0000000785d00000)
 Metaspace       used 24415K, capacity 24635K, committed 25088K, reserved 1071104K
  class space    used 2362K, capacity 2452K, committed 2560K, reserved 1048576K
Event: 135.725 GC heap after
Heap after GC invocations=22 (full 3):
 PSYoungGen      total 210432K, used 128K [0x00000007aab00000, 0x00000007b9480000, 0x00000007c0000000)
  eden space 209920K, 0% used [0x00000007aab00000,0x00000007aab00000,0x00000007b7800000)
  from space 512K, 25% used [0x00000007b8100000,0x00000007b8120000,0x00000007b8180000)
  to   space 14336K, 0% used [0x00000007b8680000,0x00000007b8680000,0x00000007b9480000)
 ParOldGen       total 95232K, used 53676K [0x0000000780000000, 0x0000000785d00000, 0x00000007aab00000)
  object space 95232K, 56% used [0x0000000780000000,0x000000078346b300,0x0000000785d00000)
 Metaspace       used 24415K, capacity 24635K, committed 25088K, reserved 1071104K
  class space    used 2362K, capacity 2452K, committed 2560K, reserved 1048576K
}

