# JRE version: Java(TM) SE Runtime Environment (8.0_101-b13) (build 1.8.0_101-b13)
# Java VM: Java HotSpot(TM) 64-Bit Server VM (25.101-b13 mixed mode bsd-amd64 compressed oops)
Heap:
 PSYoungGen      total 20992K, used 3623K [0x00000007aab00000, 0x00000007aca00000, 0x00000007c0000000)
  eden space 20480K, 17% used [0x00000007aab00000,0x00000007aae69f80,0x00000007abf00000)
  from space 512K, 25% used [0x00000007ac900000,0x00000007ac920000,0x00000007ac980000)
  to   space 512K, 0% used [0x00000007ac980000,0x00000007ac980000,0x00000007aca00000)
 ParOldGen       total 45568K, used 16484K [0x0000000780000000, 0x0000000782c80000, 0x00000007aab00000)
  object space 45568K, 36% used [0x0000000780000000,0x0000000781019190,0x0000000782c80000)
 Metaspace       used 21111K, capacity 21347K, committed 21552K, reserved 1069056K
  class space    used 2059K, capacity 2112K, committed 2176K, reserved 1048576K
GC Heap History (10 events):
Event: 938.651 GC heap before
{Heap before GC invocations=212 (full 1):
 PSYoungGen      total 20992K, used 20608K [0x00000007aab00000, 0x00000007aca00000, 0x00000007c0000000)
  eden space 20480K, 100% used [0x00000007aab00000,0x00000007abf00000,0x00000007abf00000)
  from space 512K, 25% used [0x00000007ac980000,0x00000007ac9a0000,0x00000007aca00000)
  to   space 512K, 0% used [0x00000007ac900000,0x00000007ac900000,0x00000007ac980000)
 ParOldGen       total 45568K, used 16484K [0x0000000780000000, 0x0000000782c80000, 0x00000007aab00000)
  object space 45568K, 36% used [0x0000000780000000,0x0000000781019190,0x0000000782c80000)
 Metaspace       used 21056K, capacity 21219K, committed 21552K, reserved 1069056K
  class space    used 2051K, capacity 2112K, committed 2176K, reserved 1048576K
Event: 938.653 GC heap after
Heap after GC invocations=212 (full 1):
 PSYoungGen      total 20992K, used 96K [0x00000007aab00000, 0x00000007aca00000, 0x00000007c0000000)
  eden space 20480K, 0% used [0x00000007aab00000,0x00000007aab00000,0x00000007abf00000)
  from space 512K, 18% used [0x00000007ac900000,0x00000007ac918000,0x00000007ac980000)
  to   space 512K, 0% used [0x00000007ac980000,0x00000007ac980000,0x00000007aca00000)
 ParOldGen       total 45568K, used 16484K [0x0000000780000000, 0x0000000782c80000, 0x00000007aab00000)
  object space 45568K, 36% used [0x0000000780000000,0x0000000781019190,0x0000000782c80000)
 Metaspace       used 21056K, capacity 21219K, committed 21552K, reserved 1069056K
  class space    used 2051K, capacity 2112K, committed 2176K, reserved 1048576K
}
Event: 942.111 GC heap before
{Heap before GC invocations=213 (full 1):
 PSYoungGen      total 20992K, used 20576K [0x00000007aab00000, 0x00000007aca00000, 0x00000007c0000000)
  eden space 20480K, 100% used [0x00000007aab00000,0x00000007abf00000,0x00000007abf00000)
  from space 512K, 18% used [0x00000007ac900000,0x00000007ac918000,0x00000007ac980000)
  to   space 512K, 0% used [0x00000007ac980000,0x00000007ac980000,0x00000007aca00000)
 ParOldGen       total 45568K, used 16484K [0x0000000780000000, 0x0000000782c80000, 0x00000007aab00000)
  object space 45568K, 36% used [0x0000000780000000,0x0000000781019190,0x0000000782c80000)
 Metaspace       used 21056K, capacity 21219K, committed 21552K, reserved 1069056K
  class space    used 2051K, capacity 2112K, committed 2176K, reserved 1048576K
Event: 942.113 GC heap after
Heap after GC invocations=213 (full 1):
 PSYoungGen      total 20992K, used 64K [0x00000007aab00000, 0x00000007aca00000, 0x00000007c0000000)
  eden space 20480K, 0% used [0x00000007aab00000,0x00000007aab00000,0x00000007abf00000)
  from space 512K, 12% used [0x00000007ac980000,0x00000007ac990000,0x00000007aca00000)
  to   space 512K, 0% used [0x00000007ac900000,0x00000007ac900000,0x00000007ac980000)
 ParOldGen       total 45568K, used 16484K [0x0000000780000000, 0x0000000782c80000, 0x00000007aab00000)
  object space 45568K, 36% used [0x0000000780000000,0x0000000781019190,0x0000000782c80000)
 Metaspace       used 21056K, capacity 21219K, committed 21552K, reserved 1069056K
  class space    used 2051K, capacity 2112K, committed 2176K, reserved 1048576K
}
Event: 945.553 GC heap before
{Heap before GC invocations=214 (full 1):
 PSYoungGen      total 20992K, used 20544K [0x00000007aab00000, 0x00000007aca00000, 0x00000007c0000000)
  eden space 20480K, 100% used [0x00000007aab00000,0x00000007abf00000,0x00000007abf00000)
  from space 512K, 12% used [0x00000007ac980000,0x00000007ac990000,0x00000007aca00000)
  to   space 512K, 0% used [0x00000007ac900000,0x00000007ac900000,0x00000007ac980000)
 ParOldGen       total 45568K, used 16484K [0x0000000780000000, 0x0000000782c80000, 0x00000007aab00000)
  object space 45568K, 36% used [0x0000000780000000,0x0000000781019190,0x0000000782c80000)
 Metaspace       used 21056K, capacity 21219K, committed 21552K, reserved 1069056K
  class space    used 2051K, capacity 2112K, committed 2176K, reserved 1048576K
Event: 945.556 GC heap after
Heap after GC invocations=214 (full 1):
 PSYoungGen      total 20992K, used 64K [0x00000007aab00000, 0x00000007aca00000, 0x00000007c0000000)
  eden space 20480K, 0% used [0x00000007aab00000,0x00000007aab00000,0x00000007abf00000)
  from space 512K, 12% used [0x00000007ac900000,0x00000007ac910000,0x00000007ac980000)
  to   space 512K, 0% used [0x00000007ac980000,0x00000007ac980000,0x00000007aca00000)
 ParOldGen       total 45568K, used 16484K [0x0000000780000000, 0x0000000782c80000, 0x00000007aab00000)
  object space 45568K, 36% used [0x0000000780000000,0x0000000781019190,0x0000000782c80000)
 Metaspace       used 21056K, capacity 21219K, committed 21552K, reserved 1069056K
  class space    used 2051K, capacity 2112K, committed 2176K, reserved 1048576K
}
Event: 949.092 GC heap before
{Heap before GC invocations=215 (full 1):
 PSYoungGen      total 20992K, used 20544K [0x00000007aab00000, 0x00000007aca00000, 0x00000007c0000000)
  eden space 20480K, 100% used [0x00000007aab00000,0x00000007abf00000,0x00000007abf00000)
  from space 512K, 12% used [0x00000007ac900000,0x00000007ac910000,0x00000007ac980000)
  to   space 512K, 0% used [0x00000007ac980000,0x00000007ac980000,0x00000007aca00000)
 ParOldGen       total 45568K, used 16484K [0x0000000780000000, 0x0000000782c80000, 0x00000007aab00000)
  object space 45568K, 36% used [0x0000000780000000,0x0000000781019190,0x0000000782c80000)
 Metaspace       used 21056K, capacity 21219K, committed 21552K, reserved 1069056K
  class space    used 2051K, capacity 2112K, committed 2176K, reserved 1048576K
Event: 949.094 GC heap after
Heap after GC invocations=215 (full 1):
 PSYoungGen      total 20992K, used 128K [0x00000007aab00000, 0x00000007aca00000, 0x00000007c0000000)
  eden space 20480K, 0% used [0x00000007aab00000,0x00000007aab00000,0x00000007abf00000)
  from space 512K, 25% used [0x00000007ac980000,0x00000007ac9a0000,0x00000007aca00000)
  to   space 512K, 0% used [0x00000007ac900000,0x00000007ac900000,0x00000007ac980000)
 ParOldGen       total 45568K, used 16484K [0x0000000780000000, 0x0000000782c80000, 0x00000007aab00000)
  object space 45568K, 36% used [0x0000000780000000,0x0000000781019190,0x0000000782c80000)
 Metaspace       used 21056K, capacity 21219K, committed 21552K, reserved 1069056K
  class space    used 2051K, capacity 2112K, committed 2176K, reserved 1048576K
}
Event: 952.467 GC heap before
{Heap before GC invocations=216 (full 1):
 PSYoungGen      total 20992K, used 20608K [0x00000007aab00000, 0x00000007aca00000, 0x00000007c0000000)
  eden space 20480K, 100% used [0x00000007aab00000,0x00000007abf00000,0x00000007abf00000)
  from space 512K, 25% used [0x00000007ac980000,0x00000007ac9a0000,0x00000007aca00000)
  to   space 512K, 0% used [0x00000007ac900000,0x00000007ac900000,0x00000007ac980000)
 ParOldGen       total 45568K, used 16484K [0x0000000780000000, 0x0000000782c80000, 0x00000007aab00000)
  object space 45568K, 36% used [0x0000000780000000,0x0000000781019190,0x0000000782c80000)
 Metaspace       used 21057K, capacity 21219K, committed 21552K, reserved 1069056K
  class space    used 2051K, capacity 2112K, committed 2176K, reserved 1048576K
Event: 952.469 GC heap after
Heap after GC invocations=216 (full 1):
 PSYoungGen      total 20992K, used 128K [0x00000007aab00000, 0x00000007aca00000, 0x00000007c0000000)
  eden space 20480K, 0% used [0x00000007aab00000,0x00000007aab00000,0x00000007abf00000)
  from space 512K, 25% used [0x00000007ac900000,0x00000007ac920000,0x00000007ac980000)
  to   space 512K, 0% used [0x00000007ac980000,0x00000007ac980000,0x00000007aca00000)
 ParOldGen       total 45568K, used 16484K [0x0000000780000000, 0x0000000782c80000, 0x00000007aab00000)
  object space 45568K, 36% used [0x0000000780000000,0x0000000781019190,0x0000000782c80000)
 Metaspace       used 21057K, capacity 21219K, committed 21552K, reserved 1069056K
  class space    used 2051K, capacity 2112K, committed 2176K, reserved 1048576K
}

