# JRE version: Java(TM) SE Runtime Environment (8.0_101-b13) (build 1.8.0_101-b13)
# Java VM: Java HotSpot(TM) 64-Bit Server VM (25.101-b13 mixed mode bsd-amd64 compressed oops)
Heap:
 PSYoungGen      total 90112K, used 60199K [0x00000007aab00000, 0x00000007b2980000, 0x00000007c0000000)
  eden space 63488K, 60% used [0x00000007aab00000,0x00000007ad0399c8,0x00000007ae900000)
  from space 26624K, 82% used [0x00000007ae900000,0x00000007afe905c0,0x00000007b0300000)
  to   space 28672K, 0% used [0x00000007b0d80000,0x00000007b0d80000,0x00000007b2980000)
 ParOldGen       total 39936K, used 32342K [0x0000000780000000, 0x0000000782700000, 0x00000007aab00000)
  object space 39936K, 80% used [0x0000000780000000,0x0000000781f95a08,0x0000000782700000)
 Metaspace       used 24426K, capacity 24699K, committed 25088K, reserved 1071104K
  class space    used 2368K, capacity 2452K, committed 2560K, reserved 1048576K
GC Heap History (10 events):
Event: 58.944 GC heap before
{Heap before GC invocations=20 (full 1):
 PSYoungGen      total 62976K, used 62688K [0x00000007aab00000, 0x00000007b0100000, 0x00000007c0000000)
  eden space 48128K, 99% used [0x00000007aab00000,0x00000007ad9d4ff8,0x00000007ada00000)
  from space 14848K, 99% used [0x00000007aea00000,0x00000007af863010,0x00000007af880000)
  to   space 16384K, 0% used [0x00000007ada00000,0x00000007ada00000,0x00000007aea00000)
 ParOldGen       total 39936K, used 24409K [0x0000000780000000, 0x0000000782700000, 0x00000007aab00000)
  object space 39936K, 61% used [0x0000000780000000,0x00000007817d6598,0x0000000782700000)
 Metaspace       used 24318K, capacity 24571K, committed 24832K, reserved 1071104K
  class space    used 2360K, capacity 2452K, committed 2560K, reserved 1048576K
Event: 58.959 GC heap after
Heap after GC invocations=20 (full 1):
 PSYoungGen      total 64512K, used 16355K [0x00000007aab00000, 0x00000007b0b80000, 0x00000007c0000000)
  eden space 48128K, 0% used [0x00000007aab00000,0x00000007aab00000,0x00000007ada00000)
  from space 16384K, 99% used [0x00000007ada00000,0x00000007ae9f8c90,0x00000007aea00000)
  to   space 20480K, 0% used [0x00000007af780000,0x00000007af780000,0x00000007b0b80000)
 ParOldGen       total 39936K, used 29033K [0x0000000780000000, 0x0000000782700000, 0x00000007aab00000)
  object space 39936K, 72% used [0x0000000780000000,0x0000000781c5a6b8,0x0000000782700000)
 Metaspace       used 24318K, capacity 24571K, committed 24832K, reserved 1071104K
  class space    used 2360K, capacity 2452K, committed 2560K, reserved 1048576K
}
Event: 63.435 GC heap before
{Heap before GC invocations=21 (full 1):
 PSYoungGen      total 64512K, used 64483K [0x00000007aab00000, 0x00000007b0b80000, 0x00000007c0000000)
  eden space 48128K, 100% used [0x00000007aab00000,0x00000007ada00000,0x00000007ada00000)
  from space 16384K, 99% used [0x00000007ada00000,0x00000007ae9f8c90,0x00000007aea00000)
  to   space 20480K, 0% used [0x00000007af780000,0x00000007af780000,0x00000007b0b80000)
 ParOldGen       total 39936K, used 29033K [0x0000000780000000, 0x0000000782700000, 0x00000007aab00000)
  object space 39936K, 72% used [0x0000000780000000,0x0000000781c5a6b8,0x0000000782700000)
 Metaspace       used 24325K, capacity 24571K, committed 24832K, reserved 1071104K
  class space    used 2360K, capacity 2452K, committed 2560K, reserved 1048576K
Event: 63.448 GC heap after
Heap after GC invocations=21 (full 1):
 PSYoungGen      total 77312K, used 15441K [0x00000007aab00000, 0x00000007b0d00000, 0x00000007c0000000)
  eden space 56832K, 0% used [0x00000007aab00000,0x00000007aab00000,0x00000007ae280000)
  from space 20480K, 75% used [0x00000007af780000,0x00000007b0694470,0x00000007b0b80000)
  to   space 21504K, 0% used [0x00000007ae280000,0x00000007ae280000,0x00000007af780000)
 ParOldGen       total 39936K, used 31708K [0x0000000780000000, 0x0000000782700000, 0x00000007aab00000)
  object space 39936K, 79% used [0x0000000780000000,0x0000000781ef7148,0x0000000782700000)
 Metaspace       used 24325K, capacity 24571K, committed 24832K, reserved 1071104K
  class space    used 2360K, capacity 2452K, committed 2560K, reserved 1048576K
}
Event: 67.196 GC heap before
{Heap before GC invocations=22 (full 1):
 PSYoungGen      total 77312K, used 72273K [0x00000007aab00000, 0x00000007b0d00000, 0x00000007c0000000)
  eden space 56832K, 100% used [0x00000007aab00000,0x00000007ae280000,0x00000007ae280000)
  from space 20480K, 75% used [0x00000007af780000,0x00000007b0694470,0x00000007b0b80000)
  to   space 21504K, 0% used [0x00000007ae280000,0x00000007ae280000,0x00000007af780000)
 ParOldGen       total 39936K, used 31708K [0x0000000780000000, 0x0000000782700000, 0x00000007aab00000)
  object space 39936K, 79% used [0x0000000780000000,0x0000000781ef7148,0x0000000782700000)
 Metaspace       used 24338K, capacity 24571K, committed 24832K, reserved 1071104K
  class space    used 2360K, capacity 2452K, committed 2560K, reserved 1048576K
Event: 67.202 GC heap after
Heap after GC invocations=22 (full 1):
 PSYoungGen      total 78336K, used 20261K [0x00000007aab00000, 0x00000007b1a80000, 0x00000007c0000000)
  eden space 56832K, 0% used [0x00000007aab00000,0x00000007aab00000,0x00000007ae280000)
  from space 21504K, 94% used [0x00000007ae280000,0x00000007af649550,0x00000007af780000)
  to   space 24064K, 0% used [0x00000007b0300000,0x00000007b0300000,0x00000007b1a80000)
 ParOldGen       total 39936K, used 31716K [0x0000000780000000, 0x0000000782700000, 0x00000007aab00000)
  object space 39936K, 79% used [0x0000000780000000,0x0000000781ef9148,0x0000000782700000)
 Metaspace       used 24338K, capacity 24571K, committed 24832K, reserved 1071104K
  class space    used 2360K, capacity 2452K, committed 2560K, reserved 1048576K
}
Event: 70.668 GC heap before
{Heap before GC invocations=23 (full 1):
 PSYoungGen      total 78336K, used 77093K [0x00000007aab00000, 0x00000007b1a80000, 0x00000007c0000000)
  eden space 56832K, 100% used [0x00000007aab00000,0x00000007ae280000,0x00000007ae280000)
  from space 21504K, 94% used [0x00000007ae280000,0x00000007af649550,0x00000007af780000)
  to   space 24064K, 0% used [0x00000007b0300000,0x00000007b0300000,0x00000007b1a80000)
 ParOldGen       total 39936K, used 31716K [0x0000000780000000, 0x0000000782700000, 0x00000007aab00000)
  object space 39936K, 79% used [0x0000000780000000,0x0000000781ef9148,0x0000000782700000)
 Metaspace       used 24389K, capacity 24635K, committed 25088K, reserved 1071104K
  class space    used 2360K, capacity 2452K, committed 2560K, reserved 1048576K
Event: 70.680 GC heap after
Heap after GC invocations=23 (full 1):
 PSYoungGen      total 87552K, used 22401K [0x00000007aab00000, 0x00000007b1f00000, 0x00000007c0000000)
  eden space 63488K, 0% used [0x00000007aab00000,0x00000007aab00000,0x00000007ae900000)
  from space 24064K, 93% used [0x00000007b0300000,0x00000007b18e0600,0x00000007b1a80000)
  to   space 26624K, 0% used [0x00000007ae900000,0x00000007ae900000,0x00000007b0300000)
 ParOldGen       total 39936K, used 32294K [0x0000000780000000, 0x0000000782700000, 0x00000007aab00000)
  object space 39936K, 80% used [0x0000000780000000,0x0000000781f89a08,0x0000000782700000)
 Metaspace       used 24389K, capacity 24635K, committed 25088K, reserved 1071104K
  class space    used 2360K, capacity 2452K, committed 2560K, reserved 1048576K
}
Event: 78.600 GC heap before
{Heap before GC invocations=24 (full 1):
 PSYoungGen      total 87552K, used 85889K [0x00000007aab00000, 0x00000007b1f00000, 0x00000007c0000000)
  eden space 63488K, 100% used [0x00000007aab00000,0x00000007ae900000,0x00000007ae900000)
  from space 24064K, 93% used [0x00000007b0300000,0x00000007b18e0600,0x00000007b1a80000)
  to   space 26624K, 0% used [0x00000007ae900000,0x00000007ae900000,0x00000007b0300000)
 ParOldGen       total 39936K, used 32294K [0x0000000780000000, 0x0000000782700000, 0x00000007aab00000)
  object space 39936K, 80% used [0x0000000780000000,0x0000000781f89a08,0x0000000782700000)
 Metaspace       used 24389K, capacity 24635K, committed 25088K, reserved 1071104K
  class space    used 2360K, capacity 2452K, committed 2560K, reserved 1048576K
Event: 78.605 GC heap after
Heap after GC invocations=24 (full 1):
 PSYoungGen      total 90112K, used 22081K [0x00000007aab00000, 0x00000007b2980000, 0x00000007c0000000)
  eden space 63488K, 0% used [0x00000007aab00000,0x00000007aab00000,0x00000007ae900000)
  from space 26624K, 82% used [0x00000007ae900000,0x00000007afe905c0,0x00000007b0300000)
  to   space 28672K, 0% used [0x00000007b0d80000,0x00000007b0d80000,0x00000007b2980000)
 ParOldGen       total 39936K, used 32342K [0x0000000780000000, 0x0000000782700000, 0x00000007aab00000)
  object space 39936K, 80% used [0x0000000780000000,0x0000000781f95a08,0x0000000782700000)
 Metaspace       used 24389K, capacity 24635K, committed 25088K, reserved 1071104K
  class space    used 2360K, capacity 2452K, committed 2560K, reserved 1048576K
}

