# JRE version: Java(TM) SE Runtime Environment (8.0_101-b13) (build 1.8.0_101-b13)
# Java VM: Java HotSpot(TM) 64-Bit Server VM (25.101-b13 mixed mode bsd-amd64 compressed oops)
Heap:
 PSYoungGen      total 70144K, used 28603K [0x00000007aab00000, 0x00000007afd80000, 0x00000007c0000000)
  eden space 60928K, 32% used [0x00000007aab00000,0x00000007abe66ca0,0x00000007ae680000)
  from space 9216K, 94% used [0x00000007ae880000,0x00000007af108290,0x00000007af180000)
  to   space 11776K, 0% used [0x00000007af200000,0x00000007af200000,0x00000007afd80000)
 ParOldGen       total 39936K, used 19635K [0x0000000780000000, 0x0000000782700000, 0x00000007aab00000)
  object space 39936K, 49% used [0x0000000780000000,0x000000078132cd58,0x0000000782700000)
 Metaspace       used 24267K, capacity 24507K, committed 24832K, reserved 1071104K
  class space    used 2370K, capacity 2452K, committed 2560K, reserved 1048576K
GC Heap History (10 events):
Event: 39.966 GC heap before
{Heap before GC invocations=16 (full 1):
 PSYoungGen      total 64000K, used 61952K [0x00000007aab00000, 0x00000007af500000, 0x00000007c0000000)
  eden space 53248K, 100% used [0x00000007aab00000,0x00000007adf00000,0x00000007adf00000)
  from space 10752K, 80% used [0x00000007aea00000,0x00000007af280290,0x00000007af480000)
  to   space 11264K, 0% used [0x00000007adf00000,0x00000007adf00000,0x00000007aea00000)
 ParOldGen       total 39936K, used 19627K [0x0000000780000000, 0x0000000782700000, 0x00000007aab00000)
  object space 39936K, 49% used [0x0000000780000000,0x000000078132ad58,0x0000000782700000)
 Metaspace       used 24225K, capacity 24507K, committed 24832K, reserved 1071104K
  class space    used 2362K, capacity 2452K, committed 2560K, reserved 1048576K
Event: 39.970 GC heap after
Heap after GC invocations=16 (full 1):
 PSYoungGen      total 64512K, used 8704K [0x00000007aab00000, 0x00000007afb80000, 0x00000007c0000000)
  eden space 53248K, 0% used [0x00000007aab00000,0x00000007aab00000,0x00000007adf00000)
  from space 11264K, 77% used [0x00000007adf00000,0x00000007ae780290,0x00000007aea00000)
  to   space 11264K, 0% used [0x00000007af080000,0x00000007af080000,0x00000007afb80000)
 ParOldGen       total 39936K, used 19627K [0x0000000780000000, 0x0000000782700000, 0x00000007aab00000)
  object space 39936K, 49% used [0x0000000780000000,0x000000078132ad58,0x0000000782700000)
 Metaspace       used 24225K, capacity 24507K, committed 24832K, reserved 1071104K
  class space    used 2362K, capacity 2452K, committed 2560K, reserved 1048576K
}
Event: 45.684 GC heap before
{Heap before GC invocations=17 (full 1):
 PSYoungGen      total 64512K, used 61952K [0x00000007aab00000, 0x00000007afb80000, 0x00000007c0000000)
  eden space 53248K, 100% used [0x00000007aab00000,0x00000007adf00000,0x00000007adf00000)
  from space 11264K, 77% used [0x00000007adf00000,0x00000007ae780290,0x00000007aea00000)
  to   space 11264K, 0% used [0x00000007af080000,0x00000007af080000,0x00000007afb80000)
 ParOldGen       total 39936K, used 19627K [0x0000000780000000, 0x0000000782700000, 0x00000007aab00000)
  object space 39936K, 49% used [0x0000000780000000,0x000000078132ad58,0x0000000782700000)
 Metaspace       used 24225K, capacity 24507K, committed 24832K, reserved 1071104K
  class space    used 2362K, capacity 2452K, committed 2560K, reserved 1048576K
Event: 45.689 GC heap after
Heap after GC invocations=17 (full 1):
 PSYoungGen      total 70656K, used 8736K [0x00000007aab00000, 0x00000007afc00000, 0x00000007c0000000)
  eden space 59392K, 0% used [0x00000007aab00000,0x00000007aab00000,0x00000007ae500000)
  from space 11264K, 77% used [0x00000007af080000,0x00000007af908290,0x00000007afb80000)
  to   space 11776K, 0% used [0x00000007ae500000,0x00000007ae500000,0x00000007af080000)
 ParOldGen       total 39936K, used 19627K [0x0000000780000000, 0x0000000782700000, 0x00000007aab00000)
  object space 39936K, 49% used [0x0000000780000000,0x000000078132ad58,0x0000000782700000)
 Metaspace       used 24225K, capacity 24507K, committed 24832K, reserved 1071104K
  class space    used 2362K, capacity 2452K, committed 2560K, reserved 1048576K
}
Event: 52.054 GC heap before
{Heap before GC invocations=18 (full 1):
 PSYoungGen      total 70656K, used 68128K [0x00000007aab00000, 0x00000007afc00000, 0x00000007c0000000)
  eden space 59392K, 100% used [0x00000007aab00000,0x00000007ae500000,0x00000007ae500000)
  from space 11264K, 77% used [0x00000007af080000,0x00000007af908290,0x00000007afb80000)
  to   space 11776K, 0% used [0x00000007ae500000,0x00000007ae500000,0x00000007af080000)
 ParOldGen       total 39936K, used 19627K [0x0000000780000000, 0x0000000782700000, 0x00000007aab00000)
  object space 39936K, 49% used [0x0000000780000000,0x000000078132ad58,0x0000000782700000)
 Metaspace       used 24225K, capacity 24507K, committed 24832K, reserved 1071104K
  class space    used 2362K, capacity 2452K, committed 2560K, reserved 1048576K
Event: 52.058 GC heap after
Heap after GC invocations=18 (full 1):
 PSYoungGen      total 71168K, used 8736K [0x00000007aab00000, 0x00000007b0000000, 0x00000007c0000000)
  eden space 59392K, 0% used [0x00000007aab00000,0x00000007aab00000,0x00000007ae500000)
  from space 11776K, 74% used [0x00000007ae500000,0x00000007aed88290,0x00000007af080000)
  to   space 11776K, 0% used [0x00000007af480000,0x00000007af480000,0x00000007b0000000)
 ParOldGen       total 39936K, used 19627K [0x0000000780000000, 0x0000000782700000, 0x00000007aab00000)
  object space 39936K, 49% used [0x0000000780000000,0x000000078132ad58,0x0000000782700000)
 Metaspace       used 24225K, capacity 24507K, committed 24832K, reserved 1071104K
  class space    used 2362K, capacity 2452K, committed 2560K, reserved 1048576K
}
Event: 58.453 GC heap before
{Heap before GC invocations=19 (full 1):
 PSYoungGen      total 71168K, used 68128K [0x00000007aab00000, 0x00000007b0000000, 0x00000007c0000000)
  eden space 59392K, 100% used [0x00000007aab00000,0x00000007ae500000,0x00000007ae500000)
  from space 11776K, 74% used [0x00000007ae500000,0x00000007aed88290,0x00000007af080000)
  to   space 11776K, 0% used [0x00000007af480000,0x00000007af480000,0x00000007b0000000)
 ParOldGen       total 39936K, used 19627K [0x0000000780000000, 0x0000000782700000, 0x00000007aab00000)
  object space 39936K, 49% used [0x0000000780000000,0x000000078132ad58,0x0000000782700000)
 Metaspace       used 24225K, capacity 24507K, committed 24832K, reserved 1071104K
  class space    used 2362K, capacity 2452K, committed 2560K, reserved 1048576K
Event: 58.459 GC heap after
Heap after GC invocations=19 (full 1):
 PSYoungGen      total 74240K, used 8768K [0x00000007aab00000, 0x00000007aff80000, 0x00000007c0000000)
  eden space 62976K, 0% used [0x00000007aab00000,0x00000007aab00000,0x00000007ae880000)
  from space 11264K, 77% used [0x00000007af480000,0x00000007afd10290,0x00000007aff80000)
  to   space 11776K, 0% used [0x00000007ae880000,0x00000007ae880000,0x00000007af400000)
 ParOldGen       total 39936K, used 19627K [0x0000000780000000, 0x0000000782700000, 0x00000007aab00000)
  object space 39936K, 49% used [0x0000000780000000,0x000000078132ad58,0x0000000782700000)
 Metaspace       used 24225K, capacity 24507K, committed 24832K, reserved 1071104K
  class space    used 2362K, capacity 2452K, committed 2560K, reserved 1048576K
}
Event: 65.189 GC heap before
{Heap before GC invocations=20 (full 1):
 PSYoungGen      total 74240K, used 71744K [0x00000007aab00000, 0x00000007aff80000, 0x00000007c0000000)
  eden space 62976K, 100% used [0x00000007aab00000,0x00000007ae880000,0x00000007ae880000)
  from space 11264K, 77% used [0x00000007af480000,0x00000007afd10290,0x00000007aff80000)
  to   space 11776K, 0% used [0x00000007ae880000,0x00000007ae880000,0x00000007af400000)
 ParOldGen       total 39936K, used 19627K [0x0000000780000000, 0x0000000782700000, 0x00000007aab00000)
  object space 39936K, 49% used [0x0000000780000000,0x000000078132ad58,0x0000000782700000)
 Metaspace       used 24225K, capacity 24507K, committed 24832K, reserved 1071104K
  class space    used 2362K, capacity 2452K, committed 2560K, reserved 1048576K
Event: 65.194 GC heap after
Heap after GC invocations=20 (full 1):
 PSYoungGen      total 70144K, used 8736K [0x00000007aab00000, 0x00000007afd80000, 0x00000007c0000000)
  eden space 60928K, 0% used [0x00000007aab00000,0x00000007aab00000,0x00000007ae680000)
  from space 9216K, 94% used [0x00000007ae880000,0x00000007af108290,0x00000007af180000)
  to   space 11776K, 0% used [0x00000007af200000,0x00000007af200000,0x00000007afd80000)
 ParOldGen       total 39936K, used 19635K [0x0000000780000000, 0x0000000782700000, 0x00000007aab00000)
  object space 39936K, 49% used [0x0000000780000000,0x000000078132cd58,0x0000000782700000)
 Metaspace       used 24225K, capacity 24507K, committed 24832K, reserved 1071104K
  class space    used 2362K, capacity 2452K, committed 2560K, reserved 1048576K
}

