# JRE version: Java(TM) SE Runtime Environment (8.0_101-b13) (build 1.8.0_101-b13)
# Java VM: Java HotSpot(TM) 64-Bit Server VM (25.101-b13 mixed mode bsd-amd64 compressed oops)
Heap:
 PSYoungGen      total 59392K, used 31815K [0x00000007aab00000, 0x00000007af180000, 0x00000007c0000000)
  eden space 47616K, 45% used [0x00000007aab00000,0x00000007abff9cc8,0x00000007ad980000)
  from space 11776K, 87% used [0x00000007ae600000,0x00000007af018300,0x00000007af180000)
  to   space 12288K, 0% used [0x00000007ad980000,0x00000007ad980000,0x00000007ae580000)
 ParOldGen       total 38912K, used 20000K [0x0000000780000000, 0x0000000782600000, 0x00000007aab00000)
  object space 38912K, 51% used [0x0000000780000000,0x00000007813880e8,0x0000000782600000)
 Metaspace       used 24547K, capacity 24859K, committed 25088K, reserved 1071104K
  class space    used 2390K, capacity 2484K, committed 2560K, reserved 1048576K
GC Heap History (10 events):
Event: 17.085 GC heap before
{Heap before GC invocations=9 (full 1):
 PSYoungGen      total 33792K, used 30464K [0x00000007aab00000, 0x00000007ade80000, 0x00000007c0000000)
  eden space 24576K, 100% used [0x00000007aab00000,0x00000007ac300000,0x00000007ac300000)
  from space 9216K, 63% used [0x00000007ac300000,0x00000007ac8c01e0,0x00000007acc00000)
  to   space 8704K, 0% used [0x00000007ad600000,0x00000007ad600000,0x00000007ade80000)
 ParOldGen       total 38912K, used 14773K [0x0000000780000000, 0x0000000782600000, 0x00000007aab00000)
  object space 38912K, 37% used [0x0000000780000000,0x0000000780e6d7d0,0x0000000782600000)
 Metaspace       used 23948K, capacity 24181K, committed 24576K, reserved 1071104K
  class space    used 2359K, capacity 2451K, committed 2560K, reserved 1048576K
Event: 17.089 GC heap after
Heap after GC invocations=9 (full 1):
 PSYoungGen      total 40960K, used 5792K [0x00000007aab00000, 0x00000007add00000, 0x00000007c0000000)
  eden space 33792K, 0% used [0x00000007aab00000,0x00000007aab00000,0x00000007acc00000)
  from space 7168K, 80% used [0x00000007ad600000,0x00000007adba81e0,0x00000007add00000)
  to   space 8704K, 0% used [0x00000007acc00000,0x00000007acc00000,0x00000007ad480000)
 ParOldGen       total 38912K, used 14781K [0x0000000780000000, 0x0000000782600000, 0x00000007aab00000)
  object space 38912K, 37% used [0x0000000780000000,0x0000000780e6f7d0,0x0000000782600000)
 Metaspace       used 23948K, capacity 24181K, committed 24576K, reserved 1071104K
  class space    used 2359K, capacity 2451K, committed 2560K, reserved 1048576K
}
Event: 19.632 GC heap before
{Heap before GC invocations=10 (full 1):
 PSYoungGen      total 40960K, used 39584K [0x00000007aab00000, 0x00000007add00000, 0x00000007c0000000)
  eden space 33792K, 100% used [0x00000007aab00000,0x00000007acc00000,0x00000007acc00000)
  from space 7168K, 80% used [0x00000007ad600000,0x00000007adba81e0,0x00000007add00000)
  to   space 8704K, 0% used [0x00000007acc00000,0x00000007acc00000,0x00000007ad480000)
 ParOldGen       total 38912K, used 14781K [0x0000000780000000, 0x0000000782600000, 0x00000007aab00000)
  object space 38912K, 37% used [0x0000000780000000,0x0000000780e6f7d0,0x0000000782600000)
 Metaspace       used 24211K, capacity 24539K, committed 24832K, reserved 1071104K
  class space    used 2382K, capacity 2484K, committed 2560K, reserved 1048576K
Event: 19.638 GC heap after
Heap after GC invocations=10 (full 1):
 PSYoungGen      total 42496K, used 8672K [0x00000007aab00000, 0x00000007ae600000, 0x00000007c0000000)
  eden space 33792K, 0% used [0x00000007aab00000,0x00000007aab00000,0x00000007acc00000)
  from space 8704K, 99% used [0x00000007acc00000,0x00000007ad4782d0,0x00000007ad480000)
  to   space 9728K, 0% used [0x00000007adc80000,0x00000007adc80000,0x00000007ae600000)
 ParOldGen       total 38912K, used 15623K [0x0000000780000000, 0x0000000782600000, 0x00000007aab00000)
  object space 38912K, 40% used [0x0000000780000000,0x0000000780f41fd8,0x0000000782600000)
 Metaspace       used 24211K, capacity 24539K, committed 24832K, reserved 1071104K
  class space    used 2382K, capacity 2484K, committed 2560K, reserved 1048576K
}
Event: 20.788 GC heap before
{Heap before GC invocations=11 (full 1):
 PSYoungGen      total 42496K, used 42457K [0x00000007aab00000, 0x00000007ae600000, 0x00000007c0000000)
  eden space 33792K, 99% used [0x00000007aab00000,0x00000007acbfe510,0x00000007acc00000)
  from space 8704K, 99% used [0x00000007acc00000,0x00000007ad4782d0,0x00000007ad480000)
  to   space 9728K, 0% used [0x00000007adc80000,0x00000007adc80000,0x00000007ae600000)
 ParOldGen       total 38912K, used 15623K [0x0000000780000000, 0x0000000782600000, 0x00000007aab00000)
  object space 38912K, 40% used [0x0000000780000000,0x0000000780f41fd8,0x0000000782600000)
 Metaspace       used 24243K, capacity 24539K, committed 24832K, reserved 1071104K
  class space    used 2382K, capacity 2484K, committed 2560K, reserved 1048576K
Event: 20.798 GC heap after
Heap after GC invocations=11 (full 1):
 PSYoungGen      total 49664K, used 9584K [0x00000007aab00000, 0x00000007ae900000, 0x00000007c0000000)
  eden space 39936K, 0% used [0x00000007aab00000,0x00000007aab00000,0x00000007ad200000)
  from space 9728K, 98% used [0x00000007adc80000,0x00000007ae5dc2e0,0x00000007ae600000)
  to   space 10752K, 0% used [0x00000007ad200000,0x00000007ad200000,0x00000007adc80000)
 ParOldGen       total 38912K, used 19984K [0x0000000780000000, 0x0000000782600000, 0x00000007aab00000)
  object space 38912K, 51% used [0x0000000780000000,0x00000007813840e8,0x0000000782600000)
 Metaspace       used 24243K, capacity 24539K, committed 24832K, reserved 1071104K
  class space    used 2382K, capacity 2484K, committed 2560K, reserved 1048576K
}
Event: 24.036 GC heap before
{Heap before GC invocations=12 (full 1):
 PSYoungGen      total 49664K, used 49520K [0x00000007aab00000, 0x00000007ae900000, 0x00000007c0000000)
  eden space 39936K, 100% used [0x00000007aab00000,0x00000007ad200000,0x00000007ad200000)
  from space 9728K, 98% used [0x00000007adc80000,0x00000007ae5dc2e0,0x00000007ae600000)
  to   space 10752K, 0% used [0x00000007ad200000,0x00000007ad200000,0x00000007adc80000)
 ParOldGen       total 38912K, used 19984K [0x0000000780000000, 0x0000000782600000, 0x00000007aab00000)
  object space 38912K, 51% used [0x0000000780000000,0x00000007813840e8,0x0000000782600000)
 Metaspace       used 24363K, capacity 24667K, committed 25088K, reserved 1071104K
  class space    used 2382K, capacity 2484K, committed 2560K, reserved 1048576K
Event: 24.041 GC heap after
Heap after GC invocations=12 (full 1):
 PSYoungGen      total 50688K, used 10288K [0x00000007aab00000, 0x00000007af180000, 0x00000007c0000000)
  eden space 39936K, 0% used [0x00000007aab00000,0x00000007aab00000,0x00000007ad200000)
  from space 10752K, 95% used [0x00000007ad200000,0x00000007adc0c310,0x00000007adc80000)
  to   space 11776K, 0% used [0x00000007ae600000,0x00000007ae600000,0x00000007af180000)
 ParOldGen       total 38912K, used 19992K [0x0000000780000000, 0x0000000782600000, 0x00000007aab00000)
  object space 38912K, 51% used [0x0000000780000000,0x00000007813860e8,0x0000000782600000)
 Metaspace       used 24363K, capacity 24667K, committed 25088K, reserved 1071104K
  class space    used 2382K, capacity 2484K, committed 2560K, reserved 1048576K
}
Event: 27.793 GC heap before
{Heap before GC invocations=13 (full 1):
 PSYoungGen      total 50688K, used 50224K [0x00000007aab00000, 0x00000007af180000, 0x00000007c0000000)
  eden space 39936K, 100% used [0x00000007aab00000,0x00000007ad200000,0x00000007ad200000)
  from space 10752K, 95% used [0x00000007ad200000,0x00000007adc0c310,0x00000007adc80000)
  to   space 11776K, 0% used [0x00000007ae600000,0x00000007ae600000,0x00000007af180000)
 ParOldGen       total 38912K, used 19992K [0x0000000780000000, 0x0000000782600000, 0x00000007aab00000)
  object space 38912K, 51% used [0x0000000780000000,0x00000007813860e8,0x0000000782600000)
 Metaspace       used 24487K, capacity 24731K, committed 25088K, reserved 1071104K
  class space    used 2382K, capacity 2484K, committed 2560K, reserved 1048576K
Event: 27.801 GC heap after
Heap after GC invocations=13 (full 1):
 PSYoungGen      total 59392K, used 10336K [0x00000007aab00000, 0x00000007af180000, 0x00000007c0000000)
  eden space 47616K, 0% used [0x00000007aab00000,0x00000007aab00000,0x00000007ad980000)
  from space 11776K, 87% used [0x00000007ae600000,0x00000007af018300,0x00000007af180000)
  to   space 12288K, 0% used [0x00000007ad980000,0x00000007ad980000,0x00000007ae580000)
 ParOldGen       total 38912K, used 20000K [0x0000000780000000, 0x0000000782600000, 0x00000007aab00000)
  object space 38912K, 51% used [0x0000000780000000,0x00000007813880e8,0x0000000782600000)
 Metaspace       used 24487K, capacity 24731K, committed 25088K, reserved 1071104K
  class space    used 2382K, capacity 2484K, committed 2560K, reserved 1048576K
}

