# JRE version: Java(TM) SE Runtime Environment (8.0_101-b13) (build 1.8.0_101-b13)
# Java VM: Java HotSpot(TM) 64-Bit Server VM (25.101-b13 mixed mode bsd-amd64 compressed oops)
Heap:
 PSYoungGen      total 92672K, used 45052K [0x00000007aab00000, 0x00000007b2b00000, 0x00000007c0000000)
  eden space 61952K, 43% used [0x00000007aab00000,0x00000007ac54eb60,0x00000007ae780000)
  from space 30720K, 58% used [0x00000007ae780000,0x00000007af930500,0x00000007b0580000)
  to   space 30720K, 0% used [0x00000007b0d00000,0x00000007b0d00000,0x00000007b2b00000)
 ParOldGen       total 89600K, used 40348K [0x0000000780000000, 0x0000000785780000, 0x00000007aab00000)
  object space 89600K, 45% used [0x0000000780000000,0x0000000782767130,0x0000000785780000)
 Metaspace       used 24622K, capacity 24855K, committed 25088K, reserved 1071104K
  class space    used 2381K, capacity 2484K, committed 2560K, reserved 1048576K
GC Heap History (10 events):
Event: 38.811 GC heap before
{Heap before GC invocations=17 (full 1):
 PSYoungGen      total 71168K, used 71153K [0x00000007aab00000, 0x00000007b1580000, 0x00000007c0000000)
  eden space 49664K, 100% used [0x00000007aab00000,0x00000007adb80000,0x00000007adb80000)
  from space 21504K, 99% used [0x00000007adb80000,0x00000007af07c570,0x00000007af080000)
  to   space 25088K, 0% used [0x00000007afd00000,0x00000007afd00000,0x00000007b1580000)
 ParOldGen       total 40448K, used 27610K [0x0000000780000000, 0x0000000782780000, 0x00000007aab00000)
  object space 40448K, 68% used [0x0000000780000000,0x0000000781af6990,0x0000000782780000)
 Metaspace       used 24552K, capacity 24855K, committed 25088K, reserved 1071104K
  class space    used 2372K, capacity 2484K, committed 2560K, reserved 1048576K
Event: 38.833 GC heap after
Heap after GC invocations=17 (full 1):
 PSYoungGen      total 79360K, used 25057K [0x00000007aab00000, 0x00000007b1f00000, 0x00000007c0000000)
  eden space 54272K, 0% used [0x00000007aab00000,0x00000007aab00000,0x00000007ae000000)
  from space 25088K, 99% used [0x00000007afd00000,0x00000007b15786e0,0x00000007b1580000)
  to   space 29696K, 0% used [0x00000007ae000000,0x00000007ae000000,0x00000007afd00000)
 ParOldGen       total 40448K, used 30347K [0x0000000780000000, 0x0000000782780000, 0x00000007aab00000)
  object space 40448K, 75% used [0x0000000780000000,0x0000000781da2c60,0x0000000782780000)
 Metaspace       used 24552K, capacity 24855K, committed 25088K, reserved 1071104K
  class space    used 2372K, capacity 2484K, committed 2560K, reserved 1048576K
}
Event: 43.899 GC heap before
{Heap before GC invocations=18 (full 1):
 PSYoungGen      total 79360K, used 79329K [0x00000007aab00000, 0x00000007b1f00000, 0x00000007c0000000)
  eden space 54272K, 100% used [0x00000007aab00000,0x00000007ae000000,0x00000007ae000000)
  from space 25088K, 99% used [0x00000007afd00000,0x00000007b15786e0,0x00000007b1580000)
  to   space 29696K, 0% used [0x00000007ae000000,0x00000007ae000000,0x00000007afd00000)
 ParOldGen       total 40448K, used 30347K [0x0000000780000000, 0x0000000782780000, 0x00000007aab00000)
  object space 40448K, 75% used [0x0000000780000000,0x0000000781da2c60,0x0000000782780000)
 Metaspace       used 24557K, capacity 24855K, committed 25088K, reserved 1071104K
  class space    used 2372K, capacity 2484K, committed 2560K, reserved 1048576K
Event: 43.913 GC heap after
Heap after GC invocations=18 (full 1):
 PSYoungGen      total 83968K, used 23089K [0x00000007aab00000, 0x00000007b2480000, 0x00000007c0000000)
  eden space 54272K, 0% used [0x00000007aab00000,0x00000007aab00000,0x00000007ae000000)
  from space 29696K, 77% used [0x00000007ae000000,0x00000007af68c620,0x00000007afd00000)
  to   space 31744K, 0% used [0x00000007b0580000,0x00000007b0580000,0x00000007b2480000)
 ParOldGen       total 40448K, used 35705K [0x0000000780000000, 0x0000000782780000, 0x00000007aab00000)
  object space 40448K, 88% used [0x0000000780000000,0x00000007822de670,0x0000000782780000)
 Metaspace       used 24557K, capacity 24855K, committed 25088K, reserved 1071104K
  class space    used 2372K, capacity 2484K, committed 2560K, reserved 1048576K
}
Event: 43.913 GC heap before
{Heap before GC invocations=19 (full 2):
 PSYoungGen      total 83968K, used 23089K [0x00000007aab00000, 0x00000007b2480000, 0x00000007c0000000)
  eden space 54272K, 0% used [0x00000007aab00000,0x00000007aab00000,0x00000007ae000000)
  from space 29696K, 77% used [0x00000007ae000000,0x00000007af68c620,0x00000007afd00000)
  to   space 31744K, 0% used [0x00000007b0580000,0x00000007b0580000,0x00000007b2480000)
 ParOldGen       total 40448K, used 35705K [0x0000000780000000, 0x0000000782780000, 0x00000007aab00000)
  object space 40448K, 88% used [0x0000000780000000,0x00000007822de670,0x0000000782780000)
 Metaspace       used 24557K, capacity 24855K, committed 25088K, reserved 1071104K
  class space    used 2372K, capacity 2484K, committed 2560K, reserved 1048576K
Event: 44.069 GC heap after
Heap after GC invocations=19 (full 2):
 PSYoungGen      total 83968K, used 12236K [0x00000007aab00000, 0x00000007b2480000, 0x00000007c0000000)
  eden space 54272K, 0% used [0x00000007aab00000,0x00000007aab00000,0x00000007ae000000)
  from space 29696K, 41% used [0x00000007ae000000,0x00000007aebf3298,0x00000007afd00000)
  to   space 31744K, 0% used [0x00000007b0580000,0x00000007b0580000,0x00000007b2480000)
 ParOldGen       total 89600K, used 40340K [0x0000000780000000, 0x0000000785780000, 0x00000007aab00000)
  object space 89600K, 45% used [0x0000000780000000,0x0000000782765130,0x0000000785780000)
 Metaspace       used 24557K, capacity 24855K, committed 25088K, reserved 1071104K
  class space    used 2372K, capacity 2484K, committed 2560K, reserved 1048576K
}
Event: 49.227 GC heap before
{Heap before GC invocations=20 (full 2):
 PSYoungGen      total 83968K, used 66508K [0x00000007aab00000, 0x00000007b2480000, 0x00000007c0000000)
  eden space 54272K, 100% used [0x00000007aab00000,0x00000007ae000000,0x00000007ae000000)
  from space 29696K, 41% used [0x00000007ae000000,0x00000007aebf3298,0x00000007afd00000)
  to   space 31744K, 0% used [0x00000007b0580000,0x00000007b0580000,0x00000007b2480000)
 ParOldGen       total 89600K, used 40340K [0x0000000780000000, 0x0000000785780000, 0x00000007aab00000)
  object space 89600K, 45% used [0x0000000780000000,0x0000000782765130,0x0000000785780000)
 Metaspace       used 24570K, capacity 24855K, committed 25088K, reserved 1071104K
  class space    used 2373K, capacity 2484K, committed 2560K, reserved 1048576K
Event: 49.238 GC heap after
Heap after GC invocations=20 (full 2):
 PSYoungGen      total 92672K, used 17137K [0x00000007aab00000, 0x00000007b2380000, 0x00000007c0000000)
  eden space 61952K, 0% used [0x00000007aab00000,0x00000007aab00000,0x00000007ae780000)
  from space 30720K, 55% used [0x00000007b0580000,0x00000007b163c500,0x00000007b2380000)
  to   space 30720K, 0% used [0x00000007ae780000,0x00000007ae780000,0x00000007b0580000)
 ParOldGen       total 89600K, used 40348K [0x0000000780000000, 0x0000000785780000, 0x00000007aab00000)
  object space 89600K, 45% used [0x0000000780000000,0x0000000782767130,0x0000000785780000)
 Metaspace       used 24570K, capacity 24855K, committed 25088K, reserved 1071104K
  class space    used 2373K, capacity 2484K, committed 2560K, reserved 1048576K
}
Event: 55.473 GC heap before
{Heap before GC invocations=21 (full 2):
 PSYoungGen      total 92672K, used 79089K [0x00000007aab00000, 0x00000007b2380000, 0x00000007c0000000)
  eden space 61952K, 100% used [0x00000007aab00000,0x00000007ae780000,0x00000007ae780000)
  from space 30720K, 55% used [0x00000007b0580000,0x00000007b163c500,0x00000007b2380000)
  to   space 30720K, 0% used [0x00000007ae780000,0x00000007ae780000,0x00000007b0580000)
 ParOldGen       total 89600K, used 40348K [0x0000000780000000, 0x0000000785780000, 0x00000007aab00000)
  object space 89600K, 45% used [0x0000000780000000,0x0000000782767130,0x0000000785780000)
 Metaspace       used 24582K, capacity 24855K, committed 25088K, reserved 1071104K
  class space    used 2373K, capacity 2484K, committed 2560K, reserved 1048576K
Event: 55.482 GC heap after
Heap after GC invocations=21 (full 2):
 PSYoungGen      total 92672K, used 18113K [0x00000007aab00000, 0x00000007b2b00000, 0x00000007c0000000)
  eden space 61952K, 0% used [0x00000007aab00000,0x00000007aab00000,0x00000007ae780000)
  from space 30720K, 58% used [0x00000007ae780000,0x00000007af930500,0x00000007b0580000)
  to   space 30720K, 0% used [0x00000007b0d00000,0x00000007b0d00000,0x00000007b2b00000)
 ParOldGen       total 89600K, used 40348K [0x0000000780000000, 0x0000000785780000, 0x00000007aab00000)
  object space 89600K, 45% used [0x0000000780000000,0x0000000782767130,0x0000000785780000)
 Metaspace       used 24582K, capacity 24855K, committed 25088K, reserved 1071104K
  class space    used 2373K, capacity 2484K, committed 2560K, reserved 1048576K
}

