# JRE version: Java(TM) SE Runtime Environment (8.0_101-b13) (build 1.8.0_101-b13)
# Java VM: Java HotSpot(TM) 64-Bit Server VM (25.101-b13 mixed mode bsd-amd64 compressed oops)
Heap:
 PSYoungGen      total 48128K, used 44625K [0x00000007aab00000, 0x00000007ae380000, 0x00000007c0000000)
  eden space 40448K, 96% used [0x00000007aab00000,0x00000007ad10c4f0,0x00000007ad280000)
  from space 7680K, 73% used [0x00000007adc00000,0x00000007ae1881e0,0x00000007ae380000)
  to   space 8704K, 0% used [0x00000007ad280000,0x00000007ad280000,0x00000007adb00000)
 ParOldGen       total 38912K, used 15216K [0x0000000780000000, 0x0000000782600000, 0x00000007aab00000)
  object space 38912K, 39% used [0x0000000780000000,0x0000000780edc230,0x0000000782600000)
 Metaspace       used 24078K, capacity 24319K, committed 24576K, reserved 1071104K
  class space    used 2364K, capacity 2452K, committed 2560K, reserved 1048576K
GC Heap History (10 events):
Event: 7.641 GC heap before
{Heap before GC invocations=7 (full 1):
 PSYoungGen      total 18944K, used 18795K [0x00000007aab00000, 0x00000007ad700000, 0x00000007c0000000)
  eden space 16384K, 99% used [0x00000007aab00000,0x00000007abadebf8,0x00000007abb00000)
  from space 2560K, 99% used [0x00000007abb00000,0x00000007abd7c120,0x00000007abd80000)
  to   space 10240K, 0% used [0x00000007acd00000,0x00000007acd00000,0x00000007ad700000)
 ParOldGen       total 38912K, used 15184K [0x0000000780000000, 0x0000000782600000, 0x00000007aab00000)
  object space 38912K, 39% used [0x0000000780000000,0x0000000780ed4230,0x0000000782600000)
 Metaspace       used 23399K, capacity 23609K, committed 24064K, reserved 1071104K
  class space    used 2355K, capacity 2451K, committed 2560K, reserved 1048576K
Event: 7.647 GC heap after
Heap after GC invocations=7 (full 1):
 PSYoungGen      total 33792K, used 5776K [0x00000007aab00000, 0x00000007ad600000, 0x00000007c0000000)
  eden space 24576K, 0% used [0x00000007aab00000,0x00000007aab00000,0x00000007ac300000)
  from space 9216K, 62% used [0x00000007acd00000,0x00000007ad2a4200,0x00000007ad600000)
  to   space 9728K, 0% used [0x00000007ac300000,0x00000007ac300000,0x00000007acc80000)
 ParOldGen       total 38912K, used 15192K [0x0000000780000000, 0x0000000782600000, 0x00000007aab00000)
  object space 38912K, 39% used [0x0000000780000000,0x0000000780ed6230,0x0000000782600000)
 Metaspace       used 23399K, capacity 23609K, committed 24064K, reserved 1071104K
  class space    used 2355K, capacity 2451K, committed 2560K, reserved 1048576K
}
Event: 12.115 GC heap before
{Heap before GC invocations=8 (full 1):
 PSYoungGen      total 33792K, used 30352K [0x00000007aab00000, 0x00000007ad600000, 0x00000007c0000000)
  eden space 24576K, 100% used [0x00000007aab00000,0x00000007ac300000,0x00000007ac300000)
  from space 9216K, 62% used [0x00000007acd00000,0x00000007ad2a4200,0x00000007ad600000)
  to   space 9728K, 0% used [0x00000007ac300000,0x00000007ac300000,0x00000007acc80000)
 ParOldGen       total 38912K, used 15192K [0x0000000780000000, 0x0000000782600000, 0x00000007aab00000)
  object space 38912K, 39% used [0x0000000780000000,0x0000000780ed6230,0x0000000782600000)
 Metaspace       used 23770K, capacity 24063K, committed 24320K, reserved 1071104K
  class space    used 2356K, capacity 2452K, committed 2560K, reserved 1048576K
Event: 12.120 GC heap after
Heap after GC invocations=8 (full 1):
 PSYoungGen      total 34304K, used 5680K [0x00000007aab00000, 0x00000007ae000000, 0x00000007c0000000)
  eden space 24576K, 0% used [0x00000007aab00000,0x00000007aab00000,0x00000007ac300000)
  from space 9728K, 58% used [0x00000007ac300000,0x00000007ac88c1f0,0x00000007acc80000)
  to   space 9216K, 0% used [0x00000007ad700000,0x00000007ad700000,0x00000007ae000000)
 ParOldGen       total 38912K, used 15200K [0x0000000780000000, 0x0000000782600000, 0x00000007aab00000)
  object space 38912K, 39% used [0x0000000780000000,0x0000000780ed8230,0x0000000782600000)
 Metaspace       used 23770K, capacity 24063K, committed 24320K, reserved 1071104K
  class space    used 2356K, capacity 2452K, committed 2560K, reserved 1048576K
}
Event: 15.822 GC heap before
{Heap before GC invocations=9 (full 1):
 PSYoungGen      total 34304K, used 30256K [0x00000007aab00000, 0x00000007ae000000, 0x00000007c0000000)
  eden space 24576K, 100% used [0x00000007aab00000,0x00000007ac300000,0x00000007ac300000)
  from space 9728K, 58% used [0x00000007ac300000,0x00000007ac88c1f0,0x00000007acc80000)
  to   space 9216K, 0% used [0x00000007ad700000,0x00000007ad700000,0x00000007ae000000)
 ParOldGen       total 38912K, used 15200K [0x0000000780000000, 0x0000000782600000, 0x00000007aab00000)
  object space 38912K, 39% used [0x0000000780000000,0x0000000780ed8230,0x0000000782600000)
 Metaspace       used 23952K, capacity 24191K, committed 24576K, reserved 1071104K
  class space    used 2356K, capacity 2452K, committed 2560K, reserved 1048576K
Event: 15.827 GC heap after
Heap after GC invocations=9 (full 1):
 PSYoungGen      total 41984K, used 5632K [0x00000007aab00000, 0x00000007ade80000, 0x00000007c0000000)
  eden space 34304K, 0% used [0x00000007aab00000,0x00000007aab00000,0x00000007acc80000)
  from space 7680K, 73% used [0x00000007ad700000,0x00000007adc801e0,0x00000007ade80000)
  to   space 9216K, 0% used [0x00000007acc80000,0x00000007acc80000,0x00000007ad580000)
 ParOldGen       total 38912K, used 15208K [0x0000000780000000, 0x0000000782600000, 0x00000007aab00000)
  object space 38912K, 39% used [0x0000000780000000,0x0000000780eda230,0x0000000782600000)
 Metaspace       used 23952K, capacity 24191K, committed 24576K, reserved 1071104K
  class space    used 2356K, capacity 2452K, committed 2560K, reserved 1048576K
}
Event: 21.011 GC heap before
{Heap before GC invocations=10 (full 1):
 PSYoungGen      total 41984K, used 39936K [0x00000007aab00000, 0x00000007ade80000, 0x00000007c0000000)
  eden space 34304K, 100% used [0x00000007aab00000,0x00000007acc80000,0x00000007acc80000)
  from space 7680K, 73% used [0x00000007ad700000,0x00000007adc801e0,0x00000007ade80000)
  to   space 9216K, 0% used [0x00000007acc80000,0x00000007acc80000,0x00000007ad580000)
 ParOldGen       total 38912K, used 15208K [0x0000000780000000, 0x0000000782600000, 0x00000007aab00000)
  object space 38912K, 39% used [0x0000000780000000,0x0000000780eda230,0x0000000782600000)
 Metaspace       used 24033K, capacity 24319K, committed 24576K, reserved 1071104K
  class space    used 2356K, capacity 2452K, committed 2560K, reserved 1048576K
Event: 21.015 GC heap after
Heap after GC invocations=10 (full 1):
 PSYoungGen      total 43520K, used 5696K [0x00000007aab00000, 0x00000007ae480000, 0x00000007c0000000)
  eden space 34304K, 0% used [0x00000007aab00000,0x00000007aab00000,0x00000007acc80000)
  from space 9216K, 61% used [0x00000007acc80000,0x00000007ad2101e0,0x00000007ad580000)
  to   space 8704K, 0% used [0x00000007adc00000,0x00000007adc00000,0x00000007ae480000)
 ParOldGen       total 38912K, used 15216K [0x0000000780000000, 0x0000000782600000, 0x00000007aab00000)
  object space 38912K, 39% used [0x0000000780000000,0x0000000780edc230,0x0000000782600000)
 Metaspace       used 24033K, capacity 24319K, committed 24576K, reserved 1071104K
  class space    used 2356K, capacity 2452K, committed 2560K, reserved 1048576K
}
Event: 26.213 GC heap before
{Heap before GC invocations=11 (full 1):
 PSYoungGen      total 43520K, used 40000K [0x00000007aab00000, 0x00000007ae480000, 0x00000007c0000000)
  eden space 34304K, 100% used [0x00000007aab00000,0x00000007acc80000,0x00000007acc80000)
  from space 9216K, 61% used [0x00000007acc80000,0x00000007ad2101e0,0x00000007ad580000)
  to   space 8704K, 0% used [0x00000007adc00000,0x00000007adc00000,0x00000007ae480000)
 ParOldGen       total 38912K, used 15216K [0x0000000780000000, 0x0000000782600000, 0x00000007aab00000)
  object space 38912K, 39% used [0x0000000780000000,0x0000000780edc230,0x0000000782600000)
 Metaspace       used 24033K, capacity 24319K, committed 24576K, reserved 1071104K
  class space    used 2356K, capacity 2452K, committed 2560K, reserved 1048576K
Event: 26.218 GC heap after
Heap after GC invocations=11 (full 1):
 PSYoungGen      total 48128K, used 5664K [0x00000007aab00000, 0x00000007ae380000, 0x00000007c0000000)
  eden space 40448K, 0% used [0x00000007aab00000,0x00000007aab00000,0x00000007ad280000)
  from space 7680K, 73% used [0x00000007adc00000,0x00000007ae1881e0,0x00000007ae380000)
  to   space 8704K, 0% used [0x00000007ad280000,0x00000007ad280000,0x00000007adb00000)
 ParOldGen       total 38912K, used 15216K [0x0000000780000000, 0x0000000782600000, 0x00000007aab00000)
  object space 38912K, 39% used [0x0000000780000000,0x0000000780edc230,0x0000000782600000)
 Metaspace       used 24033K, capacity 24319K, committed 24576K, reserved 1071104K
  class space    used 2356K, capacity 2452K, committed 2560K, reserved 1048576K
}

