# JRE version: Java(TM) SE Runtime Environment (8.0_101-b13) (build 1.8.0_101-b13)
# Java VM: Java HotSpot(TM) 64-Bit Server VM (25.101-b13 mixed mode bsd-amd64 compressed oops)
Heap:
 PSYoungGen      total 59392K, used 46347K [0x00000007aab00000, 0x00000007afb00000, 0x00000007c0000000)
  eden space 45056K, 71% used [0x00000007aab00000,0x00000007aca46a88,0x00000007ad700000)
  from space 14336K, 99% used [0x00000007ae780000,0x00000007af57c3e0,0x00000007af580000)
  to   space 16896K, 0% used [0x00000007ad700000,0x00000007ad700000,0x00000007ae780000)
 ParOldGen       total 40448K, used 28357K [0x0000000780000000, 0x0000000782780000, 0x00000007aab00000)
  object space 40448K, 70% used [0x0000000780000000,0x0000000781bb1588,0x0000000782780000)
 Metaspace       used 24429K, capacity 24635K, committed 25088K, reserved 1071104K
  class space    used 2372K, capacity 2452K, committed 2560K, reserved 1048576K
GC Heap History (10 events):
Event: 16.076 GC heap before
{Heap before GC invocations=11 (full 1):
 PSYoungGen      total 39936K, used 37610K [0x00000007aab00000, 0x00000007adf80000, 0x00000007c0000000)
  eden space 31232K, 99% used [0x00000007aab00000,0x00000007ac9668f0,0x00000007ac980000)
  from space 8704K, 74% used [0x00000007ac980000,0x00000007acfd41c0,0x00000007ad200000)
  to   space 8704K, 0% used [0x00000007ad700000,0x00000007ad700000,0x00000007adf80000)
 ParOldGen       total 40448K, used 14747K [0x0000000780000000, 0x0000000782780000, 0x00000007aab00000)
  object space 40448K, 36% used [0x0000000780000000,0x0000000780e66cf8,0x0000000782780000)
 Metaspace       used 24244K, capacity 24507K, committed 24832K, reserved 1071104K
  class space    used 2362K, capacity 2452K, committed 2560K, reserved 1048576K
Event: 16.084 GC heap after
Heap after GC invocations=11 (full 1):
 PSYoungGen      total 44544K, used 8608K [0x00000007aab00000, 0x00000007ae180000, 0x00000007c0000000)
  eden space 35840K, 0% used [0x00000007aab00000,0x00000007aab00000,0x00000007ace00000)
  from space 8704K, 98% used [0x00000007ad700000,0x00000007adf68270,0x00000007adf80000)
  to   space 9216K, 0% used [0x00000007ace00000,0x00000007ace00000,0x00000007ad700000)
 ParOldGen       total 40448K, used 19107K [0x0000000780000000, 0x0000000782780000, 0x00000007aab00000)
  object space 40448K, 47% used [0x0000000780000000,0x00000007812a8e08,0x0000000782780000)
 Metaspace       used 24244K, capacity 24507K, committed 24832K, reserved 1071104K
  class space    used 2362K, capacity 2452K, committed 2560K, reserved 1048576K
}
Event: 18.627 GC heap before
{Heap before GC invocations=12 (full 1):
 PSYoungGen      total 44544K, used 44275K [0x00000007aab00000, 0x00000007ae180000, 0x00000007c0000000)
  eden space 35840K, 99% used [0x00000007aab00000,0x00000007acdd49b8,0x00000007ace00000)
  from space 8704K, 98% used [0x00000007ad700000,0x00000007adf68270,0x00000007adf80000)
  to   space 9216K, 0% used [0x00000007ace00000,0x00000007ace00000,0x00000007ad700000)
 ParOldGen       total 40448K, used 19107K [0x0000000780000000, 0x0000000782780000, 0x00000007aab00000)
  object space 40448K, 47% used [0x0000000780000000,0x00000007812a8e08,0x0000000782780000)
 Metaspace       used 24280K, capacity 24507K, committed 24832K, reserved 1071104K
  class space    used 2362K, capacity 2452K, committed 2560K, reserved 1048576K
Event: 18.635 GC heap after
Heap after GC invocations=12 (full 1):
 PSYoungGen      total 45056K, used 9215K [0x00000007aab00000, 0x00000007ae980000, 0x00000007c0000000)
  eden space 35840K, 0% used [0x00000007aab00000,0x00000007aab00000,0x00000007ace00000)
  from space 9216K, 99% used [0x00000007ace00000,0x00000007ad6ffd48,0x00000007ad700000)
  to   space 10752K, 0% used [0x00000007adf00000,0x00000007adf00000,0x00000007ae980000)
 ParOldGen       total 40448K, used 21003K [0x0000000780000000, 0x0000000782780000, 0x00000007aab00000)
  object space 40448K, 51% used [0x0000000780000000,0x0000000781482e78,0x0000000782780000)
 Metaspace       used 24280K, capacity 24507K, committed 24832K, reserved 1071104K
  class space    used 2362K, capacity 2452K, committed 2560K, reserved 1048576K
}
Event: 20.813 GC heap before
{Heap before GC invocations=13 (full 1):
 PSYoungGen      total 45056K, used 45055K [0x00000007aab00000, 0x00000007ae980000, 0x00000007c0000000)
  eden space 35840K, 100% used [0x00000007aab00000,0x00000007ace00000,0x00000007ace00000)
  from space 9216K, 99% used [0x00000007ace00000,0x00000007ad6ffd48,0x00000007ad700000)
  to   space 10752K, 0% used [0x00000007adf00000,0x00000007adf00000,0x00000007ae980000)
 ParOldGen       total 40448K, used 21003K [0x0000000780000000, 0x0000000782780000, 0x00000007aab00000)
  object space 40448K, 51% used [0x0000000780000000,0x0000000781482e78,0x0000000782780000)
 Metaspace       used 24298K, capacity 24571K, committed 24832K, reserved 1071104K
  class space    used 2362K, capacity 2452K, committed 2560K, reserved 1048576K
Event: 20.820 GC heap after
Heap after GC invocations=13 (full 1):
 PSYoungGen      total 52224K, used 10608K [0x00000007aab00000, 0x00000007aeb00000, 0x00000007c0000000)
  eden space 41472K, 0% used [0x00000007aab00000,0x00000007aab00000,0x00000007ad380000)
  from space 10752K, 98% used [0x00000007adf00000,0x00000007ae95c2e0,0x00000007ae980000)
  to   space 11776K, 0% used [0x00000007ad380000,0x00000007ad380000,0x00000007adf00000)
 ParOldGen       total 40448K, used 22547K [0x0000000780000000, 0x0000000782780000, 0x00000007aab00000)
  object space 40448K, 55% used [0x0000000780000000,0x0000000781604ed8,0x0000000782780000)
 Metaspace       used 24298K, capacity 24571K, committed 24832K, reserved 1071104K
  class space    used 2362K, capacity 2452K, committed 2560K, reserved 1048576K
}
Event: 23.562 GC heap before
{Heap before GC invocations=14 (full 1):
 PSYoungGen      total 52224K, used 52080K [0x00000007aab00000, 0x00000007aeb00000, 0x00000007c0000000)
  eden space 41472K, 100% used [0x00000007aab00000,0x00000007ad380000,0x00000007ad380000)
  from space 10752K, 98% used [0x00000007adf00000,0x00000007ae95c2e0,0x00000007ae980000)
  to   space 11776K, 0% used [0x00000007ad380000,0x00000007ad380000,0x00000007adf00000)
 ParOldGen       total 40448K, used 22547K [0x0000000780000000, 0x0000000782780000, 0x00000007aab00000)
  object space 40448K, 55% used [0x0000000780000000,0x0000000781604ed8,0x0000000782780000)
 Metaspace       used 24336K, capacity 24571K, committed 24832K, reserved 1071104K
  class space    used 2364K, capacity 2452K, committed 2560K, reserved 1048576K
Event: 23.568 GC heap after
Heap after GC invocations=14 (full 1):
 PSYoungGen      total 53248K, used 11744K [0x00000007aab00000, 0x00000007af580000, 0x00000007c0000000)
  eden space 41472K, 0% used [0x00000007aab00000,0x00000007aab00000,0x00000007ad380000)
  from space 11776K, 99% used [0x00000007ad380000,0x00000007adef8350,0x00000007adf00000)
  to   space 14336K, 0% used [0x00000007ae780000,0x00000007ae780000,0x00000007af580000)
 ParOldGen       total 40448K, used 24996K [0x0000000780000000, 0x0000000782780000, 0x00000007aab00000)
  object space 40448K, 61% used [0x0000000780000000,0x0000000781869028,0x0000000782780000)
 Metaspace       used 24336K, capacity 24571K, committed 24832K, reserved 1071104K
  class space    used 2364K, capacity 2452K, committed 2560K, reserved 1048576K
}
Event: 25.872 GC heap before
{Heap before GC invocations=15 (full 1):
 PSYoungGen      total 53248K, used 53216K [0x00000007aab00000, 0x00000007af580000, 0x00000007c0000000)
  eden space 41472K, 100% used [0x00000007aab00000,0x00000007ad380000,0x00000007ad380000)
  from space 11776K, 99% used [0x00000007ad380000,0x00000007adef8350,0x00000007adf00000)
  to   space 14336K, 0% used [0x00000007ae780000,0x00000007ae780000,0x00000007af580000)
 ParOldGen       total 40448K, used 24996K [0x0000000780000000, 0x0000000782780000, 0x00000007aab00000)
  object space 40448K, 61% used [0x0000000780000000,0x0000000781869028,0x0000000782780000)
 Metaspace       used 24385K, capacity 24635K, committed 25088K, reserved 1071104K
  class space    used 2364K, capacity 2452K, committed 2560K, reserved 1048576K
Event: 25.885 GC heap after
Heap after GC invocations=15 (full 1):
 PSYoungGen      total 59392K, used 14320K [0x00000007aab00000, 0x00000007afb00000, 0x00000007c0000000)
  eden space 45056K, 0% used [0x00000007aab00000,0x00000007aab00000,0x00000007ad700000)
  from space 14336K, 99% used [0x00000007ae780000,0x00000007af57c3e0,0x00000007af580000)
  to   space 16896K, 0% used [0x00000007ad700000,0x00000007ad700000,0x00000007ae780000)
 ParOldGen       total 40448K, used 28357K [0x0000000780000000, 0x0000000782780000, 0x00000007aab00000)
  object space 40448K, 70% used [0x0000000780000000,0x0000000781bb1588,0x0000000782780000)
 Metaspace       used 24385K, capacity 24635K, committed 25088K, reserved 1071104K
  class space    used 2364K, capacity 2452K, committed 2560K, reserved 1048576K
}

