# JRE version: Java(TM) SE Runtime Environment (8.0_101-b13) (build 1.8.0_101-b13)
# Java VM: Java HotSpot(TM) 64-Bit Server VM (25.101-b13 mixed mode bsd-amd64 compressed oops)
Heap:
 PSYoungGen      total 28160K, used 19181K [0x00000007aab00000, 0x00000007ada00000, 0x00000007c0000000)
  eden space 27648K, 69% used [0x00000007aab00000,0x00000007abdab430,0x00000007ac600000)
  from space 512K, 12% used [0x00000007ac680000,0x00000007ac690000,0x00000007ac700000)
  to   space 10240K, 0% used [0x00000007ad000000,0x00000007ad000000,0x00000007ada00000)
 ParOldGen       total 44032K, used 17674K [0x0000000780000000, 0x0000000782b00000, 0x00000007aab00000)
  object space 44032K, 40% used [0x0000000780000000,0x0000000781142bf8,0x0000000782b00000)
 Metaspace       used 19148K, capacity 19297K, committed 19456K, reserved 1067008K
  class space    used 1879K, capacity 1949K, committed 2048K, reserved 1048576K
GC Heap History (10 events):
Event: 57.317 GC heap before
{Heap before GC invocations=9 (full 0):
 PSYoungGen      total 31744K, used 31360K [0x00000007aab00000, 0x00000007aed00000, 0x00000007c0000000)
  eden space 30208K, 100% used [0x00000007aab00000,0x00000007ac880000,0x00000007ac880000)
  from space 1536K, 75% used [0x00000007aeb80000,0x00000007aeca0040,0x00000007aed00000)
  to   space 10752K, 0% used [0x00000007ad800000,0x00000007ad800000,0x00000007ae280000)
 ParOldGen       total 44032K, used 16522K [0x0000000780000000, 0x0000000782b00000, 0x00000007aab00000)
  object space 44032K, 37% used [0x0000000780000000,0x0000000781022bb8,0x0000000782b00000)
 Metaspace       used 19119K, capacity 19297K, committed 19456K, reserved 1067008K
  class space    used 1873K, capacity 1949K, committed 2048K, reserved 1048576K
Event: 57.321 GC heap after
Heap after GC invocations=9 (full 0):
 PSYoungGen      total 30208K, used 128K [0x00000007aab00000, 0x00000007aec00000, 0x00000007c0000000)
  eden space 29696K, 0% used [0x00000007aab00000,0x00000007aab00000,0x00000007ac800000)
  from space 512K, 25% used [0x00000007ad800000,0x00000007ad820000,0x00000007ad880000)
  to   space 10752K, 0% used [0x00000007ae180000,0x00000007ae180000,0x00000007aec00000)
 ParOldGen       total 44032K, used 17610K [0x0000000780000000, 0x0000000782b00000, 0x00000007aab00000)
  object space 44032K, 39% used [0x0000000780000000,0x0000000781132bf8,0x0000000782b00000)
 Metaspace       used 19119K, capacity 19297K, committed 19456K, reserved 1067008K
  class space    used 1873K, capacity 1949K, committed 2048K, reserved 1048576K
}
Event: 67.669 GC heap before
{Heap before GC invocations=10 (full 0):
 PSYoungGen      total 30208K, used 29824K [0x00000007aab00000, 0x00000007aec00000, 0x00000007c0000000)
  eden space 29696K, 100% used [0x00000007aab00000,0x00000007ac800000,0x00000007ac800000)
  from space 512K, 25% used [0x00000007ad800000,0x00000007ad820000,0x00000007ad880000)
  to   space 10752K, 0% used [0x00000007ae180000,0x00000007ae180000,0x00000007aec00000)
 ParOldGen       total 44032K, used 17610K [0x0000000780000000, 0x0000000782b00000, 0x00000007aab00000)
  object space 44032K, 39% used [0x0000000780000000,0x0000000781132bf8,0x0000000782b00000)
 Metaspace       used 19119K, capacity 19297K, committed 19456K, reserved 1067008K
  class space    used 1873K, capacity 1949K, committed 2048K, reserved 1048576K
Event: 67.670 GC heap after
Heap after GC invocations=10 (full 0):
 PSYoungGen      total 29696K, used 128K [0x00000007aab00000, 0x00000007ae200000, 0x00000007c0000000)
  eden space 29184K, 0% used [0x00000007aab00000,0x00000007aab00000,0x00000007ac780000)
  from space 512K, 25% used [0x00000007ae180000,0x00000007ae1a0000,0x00000007ae200000)
  to   space 10752K, 0% used [0x00000007acd00000,0x00000007acd00000,0x00000007ad780000)
 ParOldGen       total 44032K, used 17626K [0x0000000780000000, 0x0000000782b00000, 0x00000007aab00000)
  object space 44032K, 40% used [0x0000000780000000,0x0000000781136bf8,0x0000000782b00000)
 Metaspace       used 19119K, capacity 19297K, committed 19456K, reserved 1067008K
  class space    used 1873K, capacity 1949K, committed 2048K, reserved 1048576K
}
Event: 77.747 GC heap before
{Heap before GC invocations=11 (full 0):
 PSYoungGen      total 29696K, used 29312K [0x00000007aab00000, 0x00000007ae200000, 0x00000007c0000000)
  eden space 29184K, 100% used [0x00000007aab00000,0x00000007ac780000,0x00000007ac780000)
  from space 512K, 25% used [0x00000007ae180000,0x00000007ae1a0000,0x00000007ae200000)
  to   space 10752K, 0% used [0x00000007acd00000,0x00000007acd00000,0x00000007ad780000)
 ParOldGen       total 44032K, used 17626K [0x0000000780000000, 0x0000000782b00000, 0x00000007aab00000)
  object space 44032K, 40% used [0x0000000780000000,0x0000000781136bf8,0x0000000782b00000)
 Metaspace       used 19119K, capacity 19297K, committed 19456K, reserved 1067008K
  class space    used 1873K, capacity 1949K, committed 2048K, reserved 1048576K
Event: 77.749 GC heap after
Heap after GC invocations=11 (full 0):
 PSYoungGen      total 39424K, used 64K [0x00000007aab00000, 0x00000007ae200000, 0x00000007c0000000)
  eden space 28672K, 0% used [0x00000007aab00000,0x00000007aab00000,0x00000007ac700000)
  from space 10752K, 0% used [0x00000007acd00000,0x00000007acd10000,0x00000007ad780000)
  to   space 10752K, 0% used [0x00000007ad780000,0x00000007ad780000,0x00000007ae200000)
 ParOldGen       total 44032K, used 17658K [0x0000000780000000, 0x0000000782b00000, 0x00000007aab00000)
  object space 44032K, 40% used [0x0000000780000000,0x000000078113ebf8,0x0000000782b00000)
 Metaspace       used 19119K, capacity 19297K, committed 19456K, reserved 1067008K
  class space    used 1873K, capacity 1949K, committed 2048K, reserved 1048576K
}
Event: 87.674 GC heap before
{Heap before GC invocations=12 (full 0):
 PSYoungGen      total 39424K, used 28736K [0x00000007aab00000, 0x00000007ae200000, 0x00000007c0000000)
  eden space 28672K, 100% used [0x00000007aab00000,0x00000007ac700000,0x00000007ac700000)
  from space 10752K, 0% used [0x00000007acd00000,0x00000007acd10000,0x00000007ad780000)
  to   space 10752K, 0% used [0x00000007ad780000,0x00000007ad780000,0x00000007ae200000)
 ParOldGen       total 44032K, used 17658K [0x0000000780000000, 0x0000000782b00000, 0x00000007aab00000)
  object space 44032K, 40% used [0x0000000780000000,0x000000078113ebf8,0x0000000782b00000)
 Metaspace       used 19119K, capacity 19297K, committed 19456K, reserved 1067008K
  class space    used 1873K, capacity 1949K, committed 2048K, reserved 1048576K
Event: 87.675 GC heap after
Heap after GC invocations=12 (full 0):
 PSYoungGen      total 31232K, used 64K [0x00000007aab00000, 0x00000007ada80000, 0x00000007c0000000)
  eden space 28160K, 0% used [0x00000007aab00000,0x00000007aab00000,0x00000007ac680000)
  from space 3072K, 2% used [0x00000007ad780000,0x00000007ad790000,0x00000007ada80000)
  to   space 10240K, 0% used [0x00000007ac680000,0x00000007ac680000,0x00000007ad080000)
 ParOldGen       total 44032K, used 17658K [0x0000000780000000, 0x0000000782b00000, 0x00000007aab00000)
  object space 44032K, 40% used [0x0000000780000000,0x000000078113ebf8,0x0000000782b00000)
 Metaspace       used 19119K, capacity 19297K, committed 19456K, reserved 1067008K
  class space    used 1873K, capacity 1949K, committed 2048K, reserved 1048576K
}
Event: 97.135 GC heap before
{Heap before GC invocations=13 (full 0):
 PSYoungGen      total 31232K, used 28224K [0x00000007aab00000, 0x00000007ada80000, 0x00000007c0000000)
  eden space 28160K, 100% used [0x00000007aab00000,0x00000007ac680000,0x00000007ac680000)
  from space 3072K, 2% used [0x00000007ad780000,0x00000007ad790000,0x00000007ada80000)
  to   space 10240K, 0% used [0x00000007ac680000,0x00000007ac680000,0x00000007ad080000)
 ParOldGen       total 44032K, used 17658K [0x0000000780000000, 0x0000000782b00000, 0x00000007aab00000)
  object space 44032K, 40% used [0x0000000780000000,0x000000078113ebf8,0x0000000782b00000)
 Metaspace       used 19119K, capacity 19297K, committed 19456K, reserved 1067008K
  class space    used 1873K, capacity 1949K, committed 2048K, reserved 1048576K
Event: 97.137 GC heap after
Heap after GC invocations=13 (full 0):
 PSYoungGen      total 28160K, used 64K [0x00000007aab00000, 0x00000007ada00000, 0x00000007c0000000)
  eden space 27648K, 0% used [0x00000007aab00000,0x00000007aab00000,0x00000007ac600000)
  from space 512K, 12% used [0x00000007ac680000,0x00000007ac690000,0x00000007ac700000)
  to   space 10240K, 0% used [0x00000007ad000000,0x00000007ad000000,0x00000007ada00000)
 ParOldGen       total 44032K, used 17674K [0x0000000780000000, 0x0000000782b00000, 0x00000007aab00000)
  object space 44032K, 40% used [0x0000000780000000,0x0000000781142bf8,0x0000000782b00000)
 Metaspace       used 19119K, capacity 19297K, committed 19456K, reserved 1067008K
  class space    used 1873K, capacity 1949K, committed 2048K, reserved 1048576K
}

