# JRE version: Java(TM) SE Runtime Environment (8.0_101-b13) (build 1.8.0_101-b13)
# Java VM: Java HotSpot(TM) 64-Bit Server VM (25.101-b13 mixed mode bsd-amd64 compressed oops)
Heap:
 PSYoungGen      total 23040K, used 748K [0x00000007aab00000, 0x00000007ac280000, 0x00000007c0000000)
  eden space 22016K, 3% used [0x00000007aab00000,0x00000007aabab288,0x00000007ac080000)
  from space 1024K, 6% used [0x00000007ac080000,0x00000007ac090000,0x00000007ac180000)
  to   space 1024K, 0% used [0x00000007ac180000,0x00000007ac180000,0x00000007ac280000)
 ParOldGen       total 40960K, used 21052K [0x0000000780000000, 0x0000000782800000, 0x00000007aab00000)
  object space 40960K, 51% used [0x0000000780000000,0x000000078148f328,0x0000000782800000)
 Metaspace       used 24037K, capacity 24247K, committed 24576K, reserved 1071104K
  class space    used 2371K, capacity 2452K, committed 2560K, reserved 1048576K
GC Heap History (10 events):
Event: 275.843 GC heap before
{Heap before GC invocations=59 (full 1):
 PSYoungGen      total 22528K, used 22144K [0x00000007aab00000, 0x00000007ac380000, 0x00000007c0000000)
  eden space 22016K, 100% used [0x00000007aab00000,0x00000007ac080000,0x00000007ac080000)
  from space 512K, 25% used [0x00000007ac080000,0x00000007ac0a0000,0x00000007ac100000)
  to   space 1536K, 0% used [0x00000007ac200000,0x00000007ac200000,0x00000007ac380000)
 ParOldGen       total 40960K, used 21052K [0x0000000780000000, 0x0000000782800000, 0x00000007aab00000)
  object space 40960K, 51% used [0x0000000780000000,0x000000078148f328,0x0000000782800000)
 Metaspace       used 23993K, capacity 24247K, committed 24576K, reserved 1071104K
  class space    used 2363K, capacity 2452K, committed 2560K, reserved 1048576K
Event: 275.844 GC heap after
Heap after GC invocations=59 (full 1):
 PSYoungGen      total 23552K, used 64K [0x00000007aab00000, 0x00000007ac380000, 0x00000007c0000000)
  eden space 22016K, 0% used [0x00000007aab00000,0x00000007aab00000,0x00000007ac080000)
  from space 1536K, 4% used [0x00000007ac200000,0x00000007ac210000,0x00000007ac380000)
  to   space 1536K, 0% used [0x00000007ac080000,0x00000007ac080000,0x00000007ac200000)
 ParOldGen       total 40960K, used 21052K [0x0000000780000000, 0x0000000782800000, 0x00000007aab00000)
  object space 40960K, 51% used [0x0000000780000000,0x000000078148f328,0x0000000782800000)
 Metaspace       used 23993K, capacity 24247K, committed 24576K, reserved 1071104K
  class space    used 2363K, capacity 2452K, committed 2560K, reserved 1048576K
}
Event: 279.651 GC heap before
{Heap before GC invocations=60 (full 1):
 PSYoungGen      total 23552K, used 22080K [0x00000007aab00000, 0x00000007ac380000, 0x00000007c0000000)
  eden space 22016K, 100% used [0x00000007aab00000,0x00000007ac080000,0x00000007ac080000)
  from space 1536K, 4% used [0x00000007ac200000,0x00000007ac210000,0x00000007ac380000)
  to   space 1536K, 0% used [0x00000007ac080000,0x00000007ac080000,0x00000007ac200000)
 ParOldGen       total 40960K, used 21052K [0x0000000780000000, 0x0000000782800000, 0x00000007aab00000)
  object space 40960K, 51% used [0x0000000780000000,0x000000078148f328,0x0000000782800000)
 Metaspace       used 23993K, capacity 24247K, committed 24576K, reserved 1071104K
  class space    used 2363K, capacity 2452K, committed 2560K, reserved 1048576K
Event: 279.652 GC heap after
Heap after GC invocations=60 (full 1):
 PSYoungGen      total 23552K, used 96K [0x00000007aab00000, 0x00000007ac380000, 0x00000007c0000000)
  eden space 22016K, 0% used [0x00000007aab00000,0x00000007aab00000,0x00000007ac080000)
  from space 1536K, 6% used [0x00000007ac080000,0x00000007ac098000,0x00000007ac200000)
  to   space 1536K, 0% used [0x00000007ac200000,0x00000007ac200000,0x00000007ac380000)
 ParOldGen       total 40960K, used 21052K [0x0000000780000000, 0x0000000782800000, 0x00000007aab00000)
  object space 40960K, 51% used [0x0000000780000000,0x000000078148f328,0x0000000782800000)
 Metaspace       used 23993K, capacity 24247K, committed 24576K, reserved 1071104K
  class space    used 2363K, capacity 2452K, committed 2560K, reserved 1048576K
}
Event: 283.440 GC heap before
{Heap before GC invocations=61 (full 1):
 PSYoungGen      total 23552K, used 22112K [0x00000007aab00000, 0x00000007ac380000, 0x00000007c0000000)
  eden space 22016K, 100% used [0x00000007aab00000,0x00000007ac080000,0x00000007ac080000)
  from space 1536K, 6% used [0x00000007ac080000,0x00000007ac098000,0x00000007ac200000)
  to   space 1536K, 0% used [0x00000007ac200000,0x00000007ac200000,0x00000007ac380000)
 ParOldGen       total 40960K, used 21052K [0x0000000780000000, 0x0000000782800000, 0x00000007aab00000)
  object space 40960K, 51% used [0x0000000780000000,0x000000078148f328,0x0000000782800000)
 Metaspace       used 23993K, capacity 24247K, committed 24576K, reserved 1071104K
  class space    used 2363K, capacity 2452K, committed 2560K, reserved 1048576K
Event: 283.441 GC heap after
Heap after GC invocations=61 (full 1):
 PSYoungGen      total 23552K, used 96K [0x00000007aab00000, 0x00000007ac380000, 0x00000007c0000000)
  eden space 22016K, 0% used [0x00000007aab00000,0x00000007aab00000,0x00000007ac080000)
  from space 1536K, 6% used [0x00000007ac200000,0x00000007ac218000,0x00000007ac380000)
  to   space 1536K, 0% used [0x00000007ac080000,0x00000007ac080000,0x00000007ac200000)
 ParOldGen       total 40960K, used 21052K [0x0000000780000000, 0x0000000782800000, 0x00000007aab00000)
  object space 40960K, 51% used [0x0000000780000000,0x000000078148f328,0x0000000782800000)
 Metaspace       used 23993K, capacity 24247K, committed 24576K, reserved 1071104K
  class space    used 2363K, capacity 2452K, committed 2560K, reserved 1048576K
}
Event: 287.217 GC heap before
{Heap before GC invocations=62 (full 1):
 PSYoungGen      total 23552K, used 22112K [0x00000007aab00000, 0x00000007ac380000, 0x00000007c0000000)
  eden space 22016K, 100% used [0x00000007aab00000,0x00000007ac080000,0x00000007ac080000)
  from space 1536K, 6% used [0x00000007ac200000,0x00000007ac218000,0x00000007ac380000)
  to   space 1536K, 0% used [0x00000007ac080000,0x00000007ac080000,0x00000007ac200000)
 ParOldGen       total 40960K, used 21052K [0x0000000780000000, 0x0000000782800000, 0x00000007aab00000)
  object space 40960K, 51% used [0x0000000780000000,0x000000078148f328,0x0000000782800000)
 Metaspace       used 23993K, capacity 24247K, committed 24576K, reserved 1071104K
  class space    used 2363K, capacity 2452K, committed 2560K, reserved 1048576K
Event: 287.218 GC heap after
Heap after GC invocations=62 (full 1):
 PSYoungGen      total 23552K, used 128K [0x00000007aab00000, 0x00000007ac380000, 0x00000007c0000000)
  eden space 22016K, 0% used [0x00000007aab00000,0x00000007aab00000,0x00000007ac080000)
  from space 1536K, 8% used [0x00000007ac080000,0x00000007ac0a0000,0x00000007ac200000)
  to   space 1536K, 0% used [0x00000007ac200000,0x00000007ac200000,0x00000007ac380000)
 ParOldGen       total 40960K, used 21052K [0x0000000780000000, 0x0000000782800000, 0x00000007aab00000)
  object space 40960K, 51% used [0x0000000780000000,0x000000078148f328,0x0000000782800000)
 Metaspace       used 23993K, capacity 24247K, committed 24576K, reserved 1071104K
  class space    used 2363K, capacity 2452K, committed 2560K, reserved 1048576K
}
Event: 290.976 GC heap before
{Heap before GC invocations=63 (full 1):
 PSYoungGen      total 23552K, used 22144K [0x00000007aab00000, 0x00000007ac380000, 0x00000007c0000000)
  eden space 22016K, 100% used [0x00000007aab00000,0x00000007ac080000,0x00000007ac080000)
  from space 1536K, 8% used [0x00000007ac080000,0x00000007ac0a0000,0x00000007ac200000)
  to   space 1536K, 0% used [0x00000007ac200000,0x00000007ac200000,0x00000007ac380000)
 ParOldGen       total 40960K, used 21052K [0x0000000780000000, 0x0000000782800000, 0x00000007aab00000)
  object space 40960K, 51% used [0x0000000780000000,0x000000078148f328,0x0000000782800000)
 Metaspace       used 23993K, capacity 24247K, committed 24576K, reserved 1071104K
  class space    used 2363K, capacity 2452K, committed 2560K, reserved 1048576K
Event: 290.977 GC heap after
Heap after GC invocations=63 (full 1):
 PSYoungGen      total 22528K, used 128K [0x00000007aab00000, 0x00000007ac280000, 0x00000007c0000000)
  eden space 22016K, 0% used [0x00000007aab00000,0x00000007aab00000,0x00000007ac080000)
  from space 512K, 25% used [0x00000007ac200000,0x00000007ac220000,0x00000007ac280000)
  to   space 1024K, 0% used [0x00000007ac080000,0x00000007ac080000,0x00000007ac180000)
 ParOldGen       total 40960K, used 21052K [0x0000000780000000, 0x0000000782800000, 0x00000007aab00000)
  object space 40960K, 51% used [0x0000000780000000,0x000000078148f328,0x0000000782800000)
 Metaspace       used 23993K, capacity 24247K, committed 24576K, reserved 1071104K
  class space    used 2363K, capacity 2452K, committed 2560K, reserved 1048576K
}

